八月 14, 2015 10:19:57 上午 org.apache.catalina.core.StandardContext filterStart
严重: Exception starting filter mvc-filter
java.lang.ClassNotFoundException: org.unidal.web.MVCFilter
	at org.apache.catalina.loader.WebappClassLoader.loadClass(WebappClassLoader.java:1720)
	at org.apache.catalina.loader.WebappClassLoader.loadClass(WebappClassLoader.java:1571)
	at org.apache.catalina.core.DefaultInstanceManager.loadClass(DefaultInstanceManager.java:506)
	at org.apache.catalina.core.DefaultInstanceManager.loadClassMaybePrivileged(DefaultInstanceManager.java:488)
	at org.apache.catalina.core.DefaultInstanceManager.newInstance(DefaultInstanceManager.java:115)
	at org.apache.catalina.core.ApplicationFilterConfig.getFilter(ApplicationFilterConfig.java:258)
	at org.apache.catalina.core.ApplicationFilterConfig.<init>(ApplicationFilterConfig.java:105)
	at org.apache.catalina.core.StandardContext.filterStart(StandardContext.java:4854)
	at org.apache.catalina.core.StandardContext.startInternal(StandardContext.java:5546)
	at org.apache.catalina.util.LifecycleBase.start(LifecycleBase.java:150)
	at org.apache.catalina.core.ContainerBase.addChildInternal(ContainerBase.java:901)
	at org.apache.catalina.core.ContainerBase.addChild(ContainerBase.java:877)
	at org.apache.catalina.core.StandardHost.addChild(StandardHost.java:652)
	at org.apache.catalina.startup.HostConfig.deployWAR(HostConfig.java:1095)
	at org.apache.catalina.startup.HostConfig$DeployWar.run(HostConfig.java:1930)
	at java.util.concurrent.Executors$RunnableAdapter.call(Executors.java:471)
	at java.util.concurrent.FutureTask.run(FutureTask.java:262)
	at java.util.concurrent.ThreadPoolExecutor.runWorker(ThreadPoolExecutor.java:1145)
	at java.util.concurrent.ThreadPoolExecutor$Worker.run(ThreadPoolExecutor.java:615)
	at java.lang.Thread.run(Thread.java:745)

八月 14, 2015 10:22:19 上午 org.apache.catalina.core.StandardContext filterStart
严重: Exception starting filter mvc-filter
java.lang.ClassNotFoundException: org.unidal.web.MVCFilter
	at org.apache.catalina.loader.WebappClassLoader.loadClass(WebappClassLoader.java:1720)
	at org.apache.catalina.loader.WebappClassLoader.loadClass(WebappClassLoader.java:1571)
	at org.apache.catalina.core.DefaultInstanceManager.loadClass(DefaultInstanceManager.java:506)
	at org.apache.catalina.core.DefaultInstanceManager.loadClassMaybePrivileged(DefaultInstanceManager.java:488)
	at org.apache.catalina.core.DefaultInstanceManager.newInstance(DefaultInstanceManager.java:115)
	at org.apache.catalina.core.ApplicationFilterConfig.getFilter(ApplicationFilterConfig.java:258)
	at org.apache.catalina.core.ApplicationFilterConfig.<init>(ApplicationFilterConfig.java:105)
	at org.apache.catalina.core.StandardContext.filterStart(StandardContext.java:4854)
	at org.apache.catalina.core.StandardContext.startInternal(StandardContext.java:5546)
	at org.apache.catalina.util.LifecycleBase.start(LifecycleBase.java:150)
	at org.apache.catalina.core.ContainerBase.addChildInternal(ContainerBase.java:901)
	at org.apache.catalina.core.ContainerBase.addChild(ContainerBase.java:877)
	at org.apache.catalina.core.StandardHost.addChild(StandardHost.java:652)
	at org.apache.catalina.startup.HostConfig.deployWAR(HostConfig.java:1095)
	at org.apache.catalina.startup.HostConfig$DeployWar.run(HostConfig.java:1930)
	at java.util.concurrent.Executors$RunnableAdapter.call(Executors.java:471)
	at java.util.concurrent.FutureTask.run(FutureTask.java:262)
	at java.util.concurrent.ThreadPoolExecutor.runWorker(ThreadPoolExecutor.java:1145)
	at java.util.concurrent.ThreadPoolExecutor$Worker.run(ThreadPoolExecutor.java:615)
	at java.lang.Thread.run(Thread.java:745)

八月 14, 2015 10:28:27 上午 org.apache.catalina.core.StandardContext filterStart
严重: Exception starting filter mvc-filter
java.lang.ClassNotFoundException: org.unidal.web.MVCFilter
	at org.apache.catalina.loader.WebappClassLoader.loadClass(WebappClassLoader.java:1720)
	at org.apache.catalina.loader.WebappClassLoader.loadClass(WebappClassLoader.java:1571)
	at org.apache.catalina.core.DefaultInstanceManager.loadClass(DefaultInstanceManager.java:506)
	at org.apache.catalina.core.DefaultInstanceManager.loadClassMaybePrivileged(DefaultInstanceManager.java:488)
	at org.apache.catalina.core.DefaultInstanceManager.newInstance(DefaultInstanceManager.java:115)
	at org.apache.catalina.core.ApplicationFilterConfig.getFilter(ApplicationFilterConfig.java:258)
	at org.apache.catalina.core.ApplicationFilterConfig.<init>(ApplicationFilterConfig.java:105)
	at org.apache.catalina.core.StandardContext.filterStart(StandardContext.java:4854)
	at org.apache.catalina.core.StandardContext.startInternal(StandardContext.java:5546)
	at org.apache.catalina.util.LifecycleBase.start(LifecycleBase.java:150)
	at org.apache.catalina.core.ContainerBase.addChildInternal(ContainerBase.java:901)
	at org.apache.catalina.core.ContainerBase.addChild(ContainerBase.java:877)
	at org.apache.catalina.core.StandardHost.addChild(StandardHost.java:652)
	at org.apache.catalina.startup.HostConfig.deployWAR(HostConfig.java:1095)
	at org.apache.catalina.startup.HostConfig$DeployWar.run(HostConfig.java:1930)
	at java.util.concurrent.Executors$RunnableAdapter.call(Executors.java:471)
	at java.util.concurrent.FutureTask.run(FutureTask.java:262)
	at java.util.concurrent.ThreadPoolExecutor.runWorker(ThreadPoolExecutor.java:1145)
	at java.util.concurrent.ThreadPoolExecutor$Worker.run(ThreadPoolExecutor.java:615)
	at java.lang.Thread.run(Thread.java:745)

八月 14, 2015 10:54:12 上午 org.apache.catalina.core.StandardContext filterStart
严重: Exception starting filter mvc-filter
java.lang.ClassNotFoundException: org.unidal.web.MVCFilter
	at org.apache.catalina.loader.WebappClassLoader.loadClass(WebappClassLoader.java:1720)
	at org.apache.catalina.loader.WebappClassLoader.loadClass(WebappClassLoader.java:1571)
	at org.apache.catalina.core.DefaultInstanceManager.loadClass(DefaultInstanceManager.java:506)
	at org.apache.catalina.core.DefaultInstanceManager.loadClassMaybePrivileged(DefaultInstanceManager.java:488)
	at org.apache.catalina.core.DefaultInstanceManager.newInstance(DefaultInstanceManager.java:115)
	at org.apache.catalina.core.ApplicationFilterConfig.getFilter(ApplicationFilterConfig.java:258)
	at org.apache.catalina.core.ApplicationFilterConfig.<init>(ApplicationFilterConfig.java:105)
	at org.apache.catalina.core.StandardContext.filterStart(StandardContext.java:4854)
	at org.apache.catalina.core.StandardContext.startInternal(StandardContext.java:5546)
	at org.apache.catalina.util.LifecycleBase.start(LifecycleBase.java:150)
	at org.apache.catalina.core.ContainerBase.addChildInternal(ContainerBase.java:901)
	at org.apache.catalina.core.ContainerBase.addChild(ContainerBase.java:877)
	at org.apache.catalina.core.StandardHost.addChild(StandardHost.java:652)
	at org.apache.catalina.startup.HostConfig.deployWAR(HostConfig.java:1095)
	at org.apache.catalina.startup.HostConfig$DeployWar.run(HostConfig.java:1930)
	at java.util.concurrent.Executors$RunnableAdapter.call(Executors.java:471)
	at java.util.concurrent.FutureTask.run(FutureTask.java:262)
	at java.util.concurrent.ThreadPoolExecutor.runWorker(ThreadPoolExecutor.java:1145)
	at java.util.concurrent.ThreadPoolExecutor$Worker.run(ThreadPoolExecutor.java:615)
	at java.lang.Thread.run(Thread.java:745)

八月 14, 2015 10:55:28 上午 org.apache.catalina.core.StandardContext filterStart
严重: Exception starting filter mvc-filter
java.lang.ClassNotFoundException: org.unidal.web.MVCFilter
	at org.apache.catalina.loader.WebappClassLoader.loadClass(WebappClassLoader.java:1720)
	at org.apache.catalina.loader.WebappClassLoader.loadClass(WebappClassLoader.java:1571)
	at org.apache.catalina.core.DefaultInstanceManager.loadClass(DefaultInstanceManager.java:506)
	at org.apache.catalina.core.DefaultInstanceManager.loadClassMaybePrivileged(DefaultInstanceManager.java:488)
	at org.apache.catalina.core.DefaultInstanceManager.newInstance(DefaultInstanceManager.java:115)
	at org.apache.catalina.core.ApplicationFilterConfig.getFilter(ApplicationFilterConfig.java:258)
	at org.apache.catalina.core.ApplicationFilterConfig.<init>(ApplicationFilterConfig.java:105)
	at org.apache.catalina.core.StandardContext.filterStart(StandardContext.java:4854)
	at org.apache.catalina.core.StandardContext.startInternal(StandardContext.java:5546)
	at org.apache.catalina.util.LifecycleBase.start(LifecycleBase.java:150)
	at org.apache.catalina.core.ContainerBase.addChildInternal(ContainerBase.java:901)
	at org.apache.catalina.core.ContainerBase.addChild(ContainerBase.java:877)
	at org.apache.catalina.core.StandardHost.addChild(StandardHost.java:652)
	at org.apache.catalina.startup.HostConfig.deployWAR(HostConfig.java:1095)
	at org.apache.catalina.startup.HostConfig$DeployWar.run(HostConfig.java:1930)
	at java.util.concurrent.Executors$RunnableAdapter.call(Executors.java:471)
	at java.util.concurrent.FutureTask.run(FutureTask.java:262)
	at java.util.concurrent.ThreadPoolExecutor.runWorker(ThreadPoolExecutor.java:1145)
	at java.util.concurrent.ThreadPoolExecutor$Worker.run(ThreadPoolExecutor.java:615)
	at java.lang.Thread.run(Thread.java:745)

八月 14, 2015 10:56:31 上午 org.apache.catalina.core.StandardContext filterStart
严重: Exception starting filter mvc-filter
java.lang.ClassNotFoundException: org.unidal.web.MVCFilter
	at org.apache.catalina.loader.WebappClassLoader.loadClass(WebappClassLoader.java:1720)
	at org.apache.catalina.loader.WebappClassLoader.loadClass(WebappClassLoader.java:1571)
	at org.apache.catalina.core.DefaultInstanceManager.loadClass(DefaultInstanceManager.java:506)
	at org.apache.catalina.core.DefaultInstanceManager.loadClassMaybePrivileged(DefaultInstanceManager.java:488)
	at org.apache.catalina.core.DefaultInstanceManager.newInstance(DefaultInstanceManager.java:115)
	at org.apache.catalina.core.ApplicationFilterConfig.getFilter(ApplicationFilterConfig.java:258)
	at org.apache.catalina.core.ApplicationFilterConfig.<init>(ApplicationFilterConfig.java:105)
	at org.apache.catalina.core.StandardContext.filterStart(StandardContext.java:4854)
	at org.apache.catalina.core.StandardContext.startInternal(StandardContext.java:5546)
	at org.apache.catalina.util.LifecycleBase.start(LifecycleBase.java:150)
	at org.apache.catalina.core.ContainerBase.addChildInternal(ContainerBase.java:901)
	at org.apache.catalina.core.ContainerBase.addChild(ContainerBase.java:877)
	at org.apache.catalina.core.StandardHost.addChild(StandardHost.java:652)
	at org.apache.catalina.startup.HostConfig.deployWAR(HostConfig.java:1095)
	at org.apache.catalina.startup.HostConfig$DeployWar.run(HostConfig.java:1930)
	at java.util.concurrent.Executors$RunnableAdapter.call(Executors.java:471)
	at java.util.concurrent.FutureTask.run(FutureTask.java:262)
	at java.util.concurrent.ThreadPoolExecutor.runWorker(ThreadPoolExecutor.java:1145)
	at java.util.concurrent.ThreadPoolExecutor$Worker.run(ThreadPoolExecutor.java:615)
	at java.lang.Thread.run(Thread.java:745)

八月 14, 2015 10:57:59 上午 org.apache.catalina.core.StandardContext filterStart
严重: Exception starting filter mvc-filter
java.lang.ClassNotFoundException: org.unidal.web.MVCFilter
	at org.apache.catalina.loader.WebappClassLoader.loadClass(WebappClassLoader.java:1720)
	at org.apache.catalina.loader.WebappClassLoader.loadClass(WebappClassLoader.java:1571)
	at org.apache.catalina.core.DefaultInstanceManager.loadClass(DefaultInstanceManager.java:506)
	at org.apache.catalina.core.DefaultInstanceManager.loadClassMaybePrivileged(DefaultInstanceManager.java:488)
	at org.apache.catalina.core.DefaultInstanceManager.newInstance(DefaultInstanceManager.java:115)
	at org.apache.catalina.core.ApplicationFilterConfig.getFilter(ApplicationFilterConfig.java:258)
	at org.apache.catalina.core.ApplicationFilterConfig.<init>(ApplicationFilterConfig.java:105)
	at org.apache.catalina.core.StandardContext.filterStart(StandardContext.java:4854)
	at org.apache.catalina.core.StandardContext.startInternal(StandardContext.java:5546)
	at org.apache.catalina.util.LifecycleBase.start(LifecycleBase.java:150)
	at org.apache.catalina.core.ContainerBase.addChildInternal(ContainerBase.java:901)
	at org.apache.catalina.core.ContainerBase.addChild(ContainerBase.java:877)
	at org.apache.catalina.core.StandardHost.addChild(StandardHost.java:652)
	at org.apache.catalina.startup.HostConfig.deployWAR(HostConfig.java:1095)
	at org.apache.catalina.startup.HostConfig$DeployWar.run(HostConfig.java:1930)
	at java.util.concurrent.Executors$RunnableAdapter.call(Executors.java:471)
	at java.util.concurrent.FutureTask.run(FutureTask.java:262)
	at java.util.concurrent.ThreadPoolExecutor.runWorker(ThreadPoolExecutor.java:1145)
	at java.util.concurrent.ThreadPoolExecutor$Worker.run(ThreadPoolExecutor.java:615)
	at java.lang.Thread.run(Thread.java:745)

八月 14, 2015 11:08:57 上午 org.apache.catalina.core.StandardContext filterStart
严重: Exception starting filter mvc-filter
java.lang.ClassNotFoundException: org.unidal.web.MVCFilter
	at org.apache.catalina.loader.WebappClassLoader.loadClass(WebappClassLoader.java:1720)
	at org.apache.catalina.loader.WebappClassLoader.loadClass(WebappClassLoader.java:1571)
	at org.apache.catalina.core.DefaultInstanceManager.loadClass(DefaultInstanceManager.java:506)
	at org.apache.catalina.core.DefaultInstanceManager.loadClassMaybePrivileged(DefaultInstanceManager.java:488)
	at org.apache.catalina.core.DefaultInstanceManager.newInstance(DefaultInstanceManager.java:115)
	at org.apache.catalina.core.ApplicationFilterConfig.getFilter(ApplicationFilterConfig.java:258)
	at org.apache.catalina.core.ApplicationFilterConfig.<init>(ApplicationFilterConfig.java:105)
	at org.apache.catalina.core.StandardContext.filterStart(StandardContext.java:4854)
	at org.apache.catalina.core.StandardContext.startInternal(StandardContext.java:5546)
	at org.apache.catalina.util.LifecycleBase.start(LifecycleBase.java:150)
	at org.apache.catalina.core.ContainerBase.addChildInternal(ContainerBase.java:901)
	at org.apache.catalina.core.ContainerBase.addChild(ContainerBase.java:877)
	at org.apache.catalina.core.StandardHost.addChild(StandardHost.java:652)
	at org.apache.catalina.startup.HostConfig.deployWAR(HostConfig.java:1095)
	at org.apache.catalina.startup.HostConfig$DeployWar.run(HostConfig.java:1930)
	at java.util.concurrent.Executors$RunnableAdapter.call(Executors.java:471)
	at java.util.concurrent.FutureTask.run(FutureTask.java:262)
	at java.util.concurrent.ThreadPoolExecutor.runWorker(ThreadPoolExecutor.java:1145)
	at java.util.concurrent.ThreadPoolExecutor$Worker.run(ThreadPoolExecutor.java:615)
	at java.lang.Thread.run(Thread.java:745)

八月 14, 2015 11:28:09 上午 org.apache.catalina.core.StandardContext filterStart
严重: Exception starting filter mvc-filter
java.lang.ClassNotFoundException: org.unidal.web.MVCFilter
	at org.apache.catalina.loader.WebappClassLoader.loadClass(WebappClassLoader.java:1720)
	at org.apache.catalina.loader.WebappClassLoader.loadClass(WebappClassLoader.java:1571)
	at org.apache.catalina.core.DefaultInstanceManager.loadClass(DefaultInstanceManager.java:506)
	at org.apache.catalina.core.DefaultInstanceManager.loadClassMaybePrivileged(DefaultInstanceManager.java:488)
	at org.apache.catalina.core.DefaultInstanceManager.newInstance(DefaultInstanceManager.java:115)
	at org.apache.catalina.core.ApplicationFilterConfig.getFilter(ApplicationFilterConfig.java:258)
	at org.apache.catalina.core.ApplicationFilterConfig.<init>(ApplicationFilterConfig.java:105)
	at org.apache.catalina.core.StandardContext.filterStart(StandardContext.java:4854)
	at org.apache.catalina.core.StandardContext.startInternal(StandardContext.java:5546)
	at org.apache.catalina.util.LifecycleBase.start(LifecycleBase.java:150)
	at org.apache.catalina.core.ContainerBase.addChildInternal(ContainerBase.java:901)
	at org.apache.catalina.core.ContainerBase.addChild(ContainerBase.java:877)
	at org.apache.catalina.core.StandardHost.addChild(StandardHost.java:652)
	at org.apache.catalina.startup.HostConfig.deployWAR(HostConfig.java:1095)
	at org.apache.catalina.startup.HostConfig$DeployWar.run(HostConfig.java:1930)
	at java.util.concurrent.Executors$RunnableAdapter.call(Executors.java:471)
	at java.util.concurrent.FutureTask.run(FutureTask.java:262)
	at java.util.concurrent.ThreadPoolExecutor.runWorker(ThreadPoolExecutor.java:1145)
	at java.util.concurrent.ThreadPoolExecutor$Worker.run(ThreadPoolExecutor.java:615)
	at java.lang.Thread.run(Thread.java:745)

