十月 19, 2015 4:57:21 下午 org.apache.catalina.core.ApplicationDispatcher invoke
严重: Servlet.service() for servlet jsp threw exception
javax.el.ELException: Cannot convert s1-small-dnsLookup of type class java.lang.String to class java.lang.Long
	at org.apache.el.lang.ELSupport.coerceToNumber(ELSupport.java:303)
	at org.apache.el.lang.ELSupport.coerceToNumber(ELSupport.java:282)
	at org.apache.el.lang.ELSupport.equals(ELSupport.java:142)
	at org.apache.el.parser.AstNotEqual.getValue(AstNotEqual.java:39)
	at org.apache.el.ValueExpressionImpl.getValue(ValueExpressionImpl.java:184)
	at org.apache.jasper.runtime.PageContextImpl.proprietaryEvaluate(PageContextImpl.java:944)
	at org.apache.jsp.jsp.system.webRule.webRule_jsp._jspx_meth_c_005fwhen_005f0(webRule_jsp.java:489)
	at org.apache.jsp.jsp.system.webRule.webRule_jsp._jspx_meth_c_005fchoose_005f0(webRule_jsp.java:459)
	at org.apache.jsp.jsp.system.webRule.webRule_jsp._jspx_meth_c_005fforEach_005f0(webRule_jsp.java:217)
	at org.apache.jsp.jsp.system.webRule.webRule_jsp.access$0(webRule_jsp.java:160)
	at org.apache.jsp.jsp.system.webRule.webRule_jsp$Helper.invoke0(webRule_jsp.java:1222)
	at org.apache.jsp.jsp.system.webRule.webRule_jsp$Helper.invoke(webRule_jsp.java:1243)
	at org.apache.jsp.tag.webconfig_tag$Helper.invoke0(webconfig_tag.java:340)
	at org.apache.jsp.tag.webconfig_tag$Helper.invoke(webconfig_tag.java:361)
	at org.apache.jsp.tag.webbase_tag.doTag(webbase_tag.java:201)
	at org.apache.jsp.tag.webconfig_tag._jspx_meth_a_005fbase_005f0(webconfig_tag.java:115)
	at org.apache.jsp.tag.webconfig_tag.doTag(webconfig_tag.java:73)
	at org.apache.jsp.jsp.system.webRule.webRule_jsp._jspx_meth_a_005fconfig_005f0(webRule_jsp.java:155)
	at org.apache.jsp.jsp.system.webRule.webRule_jsp._jspService(webRule_jsp.java:124)
	at org.apache.jasper.runtime.HttpJspBase.service(HttpJspBase.java:70)
	at javax.servlet.http.HttpServlet.service(HttpServlet.java:731)
	at org.apache.jasper.servlet.JspServletWrapper.service(JspServletWrapper.java:439)
	at org.apache.jasper.servlet.JspServlet.serviceJspFile(JspServlet.java:395)
	at org.apache.jasper.servlet.JspServlet.service(JspServlet.java:339)
	at javax.servlet.http.HttpServlet.service(HttpServlet.java:731)
	at org.apache.catalina.core.ApplicationFilterChain.internalDoFilter(ApplicationFilterChain.java:303)
	at org.apache.catalina.core.ApplicationFilterChain.doFilter(ApplicationFilterChain.java:208)
	at org.apache.tomcat.websocket.server.WsFilter.doFilter(WsFilter.java:52)
	at org.apache.catalina.core.ApplicationFilterChain.internalDoFilter(ApplicationFilterChain.java:241)
	at org.apache.catalina.core.ApplicationFilterChain.doFilter(ApplicationFilterChain.java:208)
	at com.dianping.cat.servlet.CatFilter$Context.handle(CatFilter.java:395)
	at com.dianping.cat.servlet.CatFilter$CatHandler$3.handle(CatFilter.java:219)
	at com.dianping.cat.servlet.CatFilter$Context.handle(CatFilter.java:393)
	at com.dianping.cat.servlet.CatFilter$CatHandler$4.handle(CatFilter.java:305)
	at com.dianping.cat.servlet.CatFilter$Context.handle(CatFilter.java:393)
	at com.dianping.cat.servlet.CatFilter$CatHandler$2.handle(CatFilter.java:202)
	at com.dianping.cat.servlet.CatFilter$Context.handle(CatFilter.java:393)
	at com.dianping.cat.servlet.CatFilter$CatHandler$1.handle(CatFilter.java:110)
	at com.dianping.cat.servlet.CatFilter$Context.handle(CatFilter.java:393)
	at com.dianping.cat.servlet.CatFilter.doFilter(CatFilter.java:48)
	at org.apache.catalina.core.ApplicationFilterChain.internalDoFilter(ApplicationFilterChain.java:241)
	at org.apache.catalina.core.ApplicationFilterChain.doFilter(ApplicationFilterChain.java:208)
	at org.apache.catalina.core.ApplicationDispatcher.invoke(ApplicationDispatcher.java:748)
	at org.apache.catalina.core.ApplicationDispatcher.processRequest(ApplicationDispatcher.java:486)
	at org.apache.catalina.core.ApplicationDispatcher.doForward(ApplicationDispatcher.java:411)
	at org.apache.catalina.core.ApplicationDispatcher.forward(ApplicationDispatcher.java:338)
	at org.unidal.web.mvc.view.BaseJspViewer.view(BaseJspViewer.java:39)
	at com.dianping.cat.system.page.config.Handler.handleOutbound(Handler.java:269)
	at sun.reflect.GeneratedMethodAccessor141.invoke(Unknown Source)
	at sun.reflect.DelegatingMethodAccessorImpl.invoke(DelegatingMethodAccessorImpl.java:43)
	at java.lang.reflect.Method.invoke(Method.java:606)
	at org.unidal.lookup.util.ReflectUtils.invokeMethod(ReflectUtils.java:49)
	at org.unidal.web.mvc.lifecycle.DefaultOutboundActionHandler.handle(DefaultOutboundActionHandler.java:29)
	at org.unidal.web.mvc.lifecycle.DefaultRequestLifecycle.handleOutboundAction(DefaultRequestLifecycle.java:111)
	at org.unidal.web.mvc.lifecycle.DefaultRequestLifecycle.handleRequest(DefaultRequestLifecycle.java:186)
	at org.unidal.web.mvc.lifecycle.DefaultRequestLifecycle.handle(DefaultRequestLifecycle.java:63)
	at org.unidal.web.MVC.service(MVC.java:90)
	at javax.servlet.http.HttpServlet.service(HttpServlet.java:731)
	at org.apache.catalina.core.ApplicationFilterChain.internalDoFilter(ApplicationFilterChain.java:303)
	at org.apache.catalina.core.ApplicationFilterChain.doFilter(ApplicationFilterChain.java:208)
	at org.apache.tomcat.websocket.server.WsFilter.doFilter(WsFilter.java:52)
	at org.apache.catalina.core.ApplicationFilterChain.internalDoFilter(ApplicationFilterChain.java:241)
	at org.apache.catalina.core.ApplicationFilterChain.doFilter(ApplicationFilterChain.java:208)
	at com.dianping.cat.servlet.CatFilter$Context.handle(CatFilter.java:395)
	at com.dianping.cat.servlet.CatFilter$CatHandler$3.handle(CatFilter.java:219)
	at com.dianping.cat.servlet.CatFilter$Context.handle(CatFilter.java:393)
	at com.dianping.cat.servlet.CatFilter$CatHandler$4.handle(CatFilter.java:305)
	at com.dianping.cat.servlet.CatFilter$Context.handle(CatFilter.java:393)
	at com.dianping.cat.servlet.CatFilter$CatHandler$2.handle(CatFilter.java:202)
	at com.dianping.cat.servlet.CatFilter$Context.handle(CatFilter.java:393)
	at com.dianping.cat.servlet.CatFilter$CatHandler$1.handle(CatFilter.java:110)
	at com.dianping.cat.servlet.CatFilter$Context.handle(CatFilter.java:393)
	at com.dianping.cat.servlet.CatFilter.doFilter(CatFilter.java:48)
	at org.apache.catalina.core.ApplicationFilterChain.internalDoFilter(ApplicationFilterChain.java:241)
	at org.apache.catalina.core.ApplicationFilterChain.doFilter(ApplicationFilterChain.java:208)
	at org.apache.catalina.core.StandardWrapperValve.invoke(StandardWrapperValve.java:220)
	at org.apache.catalina.core.StandardContextValve.invoke(StandardContextValve.java:122)
	at org.apache.catalina.authenticator.AuthenticatorBase.invoke(AuthenticatorBase.java:505)
	at org.apache.catalina.core.StandardHostValve.invoke(StandardHostValve.java:170)
	at org.apache.catalina.valves.ErrorReportValve.invoke(ErrorReportValve.java:103)
	at org.apache.catalina.valves.AccessLogValve.invoke(AccessLogValve.java:957)
	at org.apache.catalina.core.StandardEngineValve.invoke(StandardEngineValve.java:116)
	at org.apache.catalina.connector.CoyoteAdapter.service(CoyoteAdapter.java:423)
	at org.apache.coyote.http11.AbstractHttp11Processor.process(AbstractHttp11Processor.java:1079)
	at org.apache.coyote.AbstractProtocol$AbstractConnectionHandler.process(AbstractProtocol.java:620)
	at org.apache.tomcat.util.net.JIoEndpoint$SocketProcessor.run(JIoEndpoint.java:318)
	at java.util.concurrent.ThreadPoolExecutor.runWorker(ThreadPoolExecutor.java:1145)
	at java.util.concurrent.ThreadPoolExecutor$Worker.run(ThreadPoolExecutor.java:615)
	at org.apache.tomcat.util.threads.TaskThread$WrappingRunnable.run(TaskThread.java:61)
	at java.lang.Thread.run(Thread.java:745)

十月 19, 2015 4:59:29 下午 org.apache.catalina.core.ApplicationDispatcher invoke
严重: Servlet.service() for servlet jsp threw exception
javax.el.ELException: Cannot convert s1-small-dnsLookup of type class java.lang.String to class java.lang.Long
	at org.apache.el.lang.ELSupport.coerceToNumber(ELSupport.java:303)
	at org.apache.el.lang.ELSupport.coerceToNumber(ELSupport.java:282)
	at org.apache.el.lang.ELSupport.equals(ELSupport.java:142)
	at org.apache.el.parser.AstNotEqual.getValue(AstNotEqual.java:39)
	at org.apache.el.ValueExpressionImpl.getValue(ValueExpressionImpl.java:184)
	at org.apache.jasper.runtime.PageContextImpl.proprietaryEvaluate(PageContextImpl.java:944)
	at org.apache.jsp.jsp.system.webRule.webRule_jsp._jspx_meth_c_005fwhen_005f0(webRule_jsp.java:489)
	at org.apache.jsp.jsp.system.webRule.webRule_jsp._jspx_meth_c_005fchoose_005f0(webRule_jsp.java:459)
	at org.apache.jsp.jsp.system.webRule.webRule_jsp._jspx_meth_c_005fforEach_005f0(webRule_jsp.java:217)
	at org.apache.jsp.jsp.system.webRule.webRule_jsp.access$0(webRule_jsp.java:160)
	at org.apache.jsp.jsp.system.webRule.webRule_jsp$Helper.invoke0(webRule_jsp.java:1222)
	at org.apache.jsp.jsp.system.webRule.webRule_jsp$Helper.invoke(webRule_jsp.java:1243)
	at org.apache.jsp.tag.webconfig_tag$Helper.invoke0(webconfig_tag.java:340)
	at org.apache.jsp.tag.webconfig_tag$Helper.invoke(webconfig_tag.java:361)
	at org.apache.jsp.tag.webbase_tag.doTag(webbase_tag.java:201)
	at org.apache.jsp.tag.webconfig_tag._jspx_meth_a_005fbase_005f0(webconfig_tag.java:115)
	at org.apache.jsp.tag.webconfig_tag.doTag(webconfig_tag.java:73)
	at org.apache.jsp.jsp.system.webRule.webRule_jsp._jspx_meth_a_005fconfig_005f0(webRule_jsp.java:155)
	at org.apache.jsp.jsp.system.webRule.webRule_jsp._jspService(webRule_jsp.java:124)
	at org.apache.jasper.runtime.HttpJspBase.service(HttpJspBase.java:70)
	at javax.servlet.http.HttpServlet.service(HttpServlet.java:731)
	at org.apache.jasper.servlet.JspServletWrapper.service(JspServletWrapper.java:439)
	at org.apache.jasper.servlet.JspServlet.serviceJspFile(JspServlet.java:395)
	at org.apache.jasper.servlet.JspServlet.service(JspServlet.java:339)
	at javax.servlet.http.HttpServlet.service(HttpServlet.java:731)
	at org.apache.catalina.core.ApplicationFilterChain.internalDoFilter(ApplicationFilterChain.java:303)
	at org.apache.catalina.core.ApplicationFilterChain.doFilter(ApplicationFilterChain.java:208)
	at org.apache.tomcat.websocket.server.WsFilter.doFilter(WsFilter.java:52)
	at org.apache.catalina.core.ApplicationFilterChain.internalDoFilter(ApplicationFilterChain.java:241)
	at org.apache.catalina.core.ApplicationFilterChain.doFilter(ApplicationFilterChain.java:208)
	at com.dianping.cat.servlet.CatFilter$Context.handle(CatFilter.java:395)
	at com.dianping.cat.servlet.CatFilter$CatHandler$3.handle(CatFilter.java:219)
	at com.dianping.cat.servlet.CatFilter$Context.handle(CatFilter.java:393)
	at com.dianping.cat.servlet.CatFilter$CatHandler$4.handle(CatFilter.java:305)
	at com.dianping.cat.servlet.CatFilter$Context.handle(CatFilter.java:393)
	at com.dianping.cat.servlet.CatFilter$CatHandler$2.handle(CatFilter.java:202)
	at com.dianping.cat.servlet.CatFilter$Context.handle(CatFilter.java:393)
	at com.dianping.cat.servlet.CatFilter$CatHandler$1.handle(CatFilter.java:110)
	at com.dianping.cat.servlet.CatFilter$Context.handle(CatFilter.java:393)
	at com.dianping.cat.servlet.CatFilter.doFilter(CatFilter.java:48)
	at org.apache.catalina.core.ApplicationFilterChain.internalDoFilter(ApplicationFilterChain.java:241)
	at org.apache.catalina.core.ApplicationFilterChain.doFilter(ApplicationFilterChain.java:208)
	at org.apache.catalina.core.ApplicationDispatcher.invoke(ApplicationDispatcher.java:748)
	at org.apache.catalina.core.ApplicationDispatcher.processRequest(ApplicationDispatcher.java:486)
	at org.apache.catalina.core.ApplicationDispatcher.doForward(ApplicationDispatcher.java:411)
	at org.apache.catalina.core.ApplicationDispatcher.forward(ApplicationDispatcher.java:338)
	at org.unidal.web.mvc.view.BaseJspViewer.view(BaseJspViewer.java:39)
	at com.dianping.cat.system.page.config.Handler.handleOutbound(Handler.java:269)
	at sun.reflect.GeneratedMethodAccessor141.invoke(Unknown Source)
	at sun.reflect.DelegatingMethodAccessorImpl.invoke(DelegatingMethodAccessorImpl.java:43)
	at java.lang.reflect.Method.invoke(Method.java:606)
	at org.unidal.lookup.util.ReflectUtils.invokeMethod(ReflectUtils.java:49)
	at org.unidal.web.mvc.lifecycle.DefaultOutboundActionHandler.handle(DefaultOutboundActionHandler.java:29)
	at org.unidal.web.mvc.lifecycle.DefaultRequestLifecycle.handleOutboundAction(DefaultRequestLifecycle.java:111)
	at org.unidal.web.mvc.lifecycle.DefaultRequestLifecycle.handleRequest(DefaultRequestLifecycle.java:186)
	at org.unidal.web.mvc.lifecycle.DefaultRequestLifecycle.handle(DefaultRequestLifecycle.java:63)
	at org.unidal.web.MVC.service(MVC.java:90)
	at javax.servlet.http.HttpServlet.service(HttpServlet.java:731)
	at org.apache.catalina.core.ApplicationFilterChain.internalDoFilter(ApplicationFilterChain.java:303)
	at org.apache.catalina.core.ApplicationFilterChain.doFilter(ApplicationFilterChain.java:208)
	at org.apache.tomcat.websocket.server.WsFilter.doFilter(WsFilter.java:52)
	at org.apache.catalina.core.ApplicationFilterChain.internalDoFilter(ApplicationFilterChain.java:241)
	at org.apache.catalina.core.ApplicationFilterChain.doFilter(ApplicationFilterChain.java:208)
	at com.dianping.cat.servlet.CatFilter$Context.handle(CatFilter.java:395)
	at com.dianping.cat.servlet.CatFilter$CatHandler$3.handle(CatFilter.java:219)
	at com.dianping.cat.servlet.CatFilter$Context.handle(CatFilter.java:393)
	at com.dianping.cat.servlet.CatFilter$CatHandler$4.handle(CatFilter.java:305)
	at com.dianping.cat.servlet.CatFilter$Context.handle(CatFilter.java:393)
	at com.dianping.cat.servlet.CatFilter$CatHandler$2.handle(CatFilter.java:202)
	at com.dianping.cat.servlet.CatFilter$Context.handle(CatFilter.java:393)
	at com.dianping.cat.servlet.CatFilter$CatHandler$1.handle(CatFilter.java:110)
	at com.dianping.cat.servlet.CatFilter$Context.handle(CatFilter.java:393)
	at com.dianping.cat.servlet.CatFilter.doFilter(CatFilter.java:48)
	at org.apache.catalina.core.ApplicationFilterChain.internalDoFilter(ApplicationFilterChain.java:241)
	at org.apache.catalina.core.ApplicationFilterChain.doFilter(ApplicationFilterChain.java:208)
	at org.apache.catalina.core.StandardWrapperValve.invoke(StandardWrapperValve.java:220)
	at org.apache.catalina.core.StandardContextValve.invoke(StandardContextValve.java:122)
	at org.apache.catalina.authenticator.AuthenticatorBase.invoke(AuthenticatorBase.java:505)
	at org.apache.catalina.core.StandardHostValve.invoke(StandardHostValve.java:170)
	at org.apache.catalina.valves.ErrorReportValve.invoke(ErrorReportValve.java:103)
	at org.apache.catalina.valves.AccessLogValve.invoke(AccessLogValve.java:957)
	at org.apache.catalina.core.StandardEngineValve.invoke(StandardEngineValve.java:116)
	at org.apache.catalina.connector.CoyoteAdapter.service(CoyoteAdapter.java:423)
	at org.apache.coyote.http11.AbstractHttp11Processor.process(AbstractHttp11Processor.java:1079)
	at org.apache.coyote.AbstractProtocol$AbstractConnectionHandler.process(AbstractProtocol.java:620)
	at org.apache.tomcat.util.net.JIoEndpoint$SocketProcessor.run(JIoEndpoint.java:318)
	at java.util.concurrent.ThreadPoolExecutor.runWorker(ThreadPoolExecutor.java:1145)
	at java.util.concurrent.ThreadPoolExecutor$Worker.run(ThreadPoolExecutor.java:615)
	at org.apache.tomcat.util.threads.TaskThread$WrappingRunnable.run(TaskThread.java:61)
	at java.lang.Thread.run(Thread.java:745)

