八月 18, 2015 1:45:47 下午 org.apache.catalina.core.ApplicationDispatcher invoke
严重: Servlet.service() for servlet jsp threw exception
java.lang.NoSuchMethodError: org.apache.jasper.runtime.JspApplicationContextImpl.findJspApplicationContext(Ljavax/servlet/ServletContext;)Lorg/apache/jasper/runtime/JspApplicationContextImpl;
	at org.apache.jasper.runtime.JspFactoryImpl.getJspApplicationContext(JspFactoryImpl.java:138)
	at org.apache.jasper.compiler.Validator$ValidateVisitor.<init>(Validator.java:515)
	at org.apache.jasper.compiler.Validator.validateExDirectives(Validator.java:1845)
	at org.apache.jasper.compiler.Compiler.generateJava(Compiler.java:218)
	at org.apache.jasper.compiler.Compiler.compile(Compiler.java:374)
	at org.apache.jasper.compiler.Compiler.compile(Compiler.java:354)
	at org.apache.jasper.compiler.Compiler.compile(Compiler.java:341)
	at org.apache.jasper.JspCompilationContext.compile(JspCompilationContext.java:662)
	at org.apache.jasper.servlet.JspServletWrapper.service(JspServletWrapper.java:364)
	at org.apache.jasper.servlet.JspServlet.serviceJspFile(JspServlet.java:395)
	at org.apache.jasper.servlet.JspServlet.service(JspServlet.java:339)
	at javax.servlet.http.HttpServlet.service(HttpServlet.java:731)
	at org.apache.catalina.core.ApplicationFilterChain.internalDoFilter(ApplicationFilterChain.java:303)
	at org.apache.catalina.core.ApplicationFilterChain.doFilter(ApplicationFilterChain.java:208)
	at org.apache.tomcat.websocket.server.WsFilter.doFilter(WsFilter.java:52)
	at org.apache.catalina.core.ApplicationFilterChain.internalDoFilter(ApplicationFilterChain.java:241)
	at org.apache.catalina.core.ApplicationFilterChain.doFilter(ApplicationFilterChain.java:208)
	at com.dianping.cat.servlet.CatFilter$Context.handle(CatFilter.java:395)
	at com.dianping.cat.servlet.CatFilter$CatHandler$3.handle(CatFilter.java:219)
	at com.dianping.cat.servlet.CatFilter$Context.handle(CatFilter.java:393)
	at com.dianping.cat.servlet.CatFilter$CatHandler$4.handle(CatFilter.java:305)
	at com.dianping.cat.servlet.CatFilter$Context.handle(CatFilter.java:393)
	at com.dianping.cat.servlet.CatFilter$CatHandler$2.handle(CatFilter.java:202)
	at com.dianping.cat.servlet.CatFilter$Context.handle(CatFilter.java:393)
	at com.dianping.cat.servlet.CatFilter$CatHandler$1.handle(CatFilter.java:110)
	at com.dianping.cat.servlet.CatFilter$Context.handle(CatFilter.java:393)
	at com.dianping.cat.servlet.CatFilter.doFilter(CatFilter.java:48)
	at org.apache.catalina.core.ApplicationFilterChain.internalDoFilter(ApplicationFilterChain.java:241)
	at org.apache.catalina.core.ApplicationFilterChain.doFilter(ApplicationFilterChain.java:208)
	at org.apache.catalina.core.ApplicationDispatcher.invoke(ApplicationDispatcher.java:748)
	at org.apache.catalina.core.ApplicationDispatcher.processRequest(ApplicationDispatcher.java:486)
	at org.apache.catalina.core.ApplicationDispatcher.doForward(ApplicationDispatcher.java:411)
	at org.apache.catalina.core.ApplicationDispatcher.forward(ApplicationDispatcher.java:338)
	at org.unidal.web.mvc.view.BaseJspViewer.view(BaseJspViewer.java:39)
	at com.dianping.cat.system.page.config.Handler.handleOutbound(Handler.java:269)
	at sun.reflect.GeneratedMethodAccessor84.invoke(Unknown Source)
	at sun.reflect.DelegatingMethodAccessorImpl.invoke(DelegatingMethodAccessorImpl.java:43)
	at java.lang.reflect.Method.invoke(Method.java:606)
	at org.unidal.lookup.util.ReflectUtils.invokeMethod(ReflectUtils.java:49)
	at org.unidal.web.mvc.lifecycle.DefaultOutboundActionHandler.handle(DefaultOutboundActionHandler.java:29)
	at org.unidal.web.mvc.lifecycle.DefaultRequestLifecycle.handleOutboundAction(DefaultRequestLifecycle.java:111)
	at org.unidal.web.mvc.lifecycle.DefaultRequestLifecycle.handleRequest(DefaultRequestLifecycle.java:186)
	at org.unidal.web.mvc.lifecycle.DefaultRequestLifecycle.handle(DefaultRequestLifecycle.java:63)
	at org.unidal.web.MVC.service(MVC.java:90)
	at javax.servlet.http.HttpServlet.service(HttpServlet.java:731)
	at org.apache.catalina.core.ApplicationFilterChain.internalDoFilter(ApplicationFilterChain.java:303)
	at org.apache.catalina.core.ApplicationFilterChain.doFilter(ApplicationFilterChain.java:208)
	at org.apache.tomcat.websocket.server.WsFilter.doFilter(WsFilter.java:52)
	at org.apache.catalina.core.ApplicationFilterChain.internalDoFilter(ApplicationFilterChain.java:241)
	at org.apache.catalina.core.ApplicationFilterChain.doFilter(ApplicationFilterChain.java:208)
	at com.dianping.cat.servlet.CatFilter$Context.handle(CatFilter.java:395)
	at com.dianping.cat.servlet.CatFilter$CatHandler$3.handle(CatFilter.java:219)
	at com.dianping.cat.servlet.CatFilter$Context.handle(CatFilter.java:393)
	at com.dianping.cat.servlet.CatFilter$CatHandler$4.handle(CatFilter.java:305)
	at com.dianping.cat.servlet.CatFilter$Context.handle(CatFilter.java:393)
	at com.dianping.cat.servlet.CatFilter$CatHandler$2.handle(CatFilter.java:202)
	at com.dianping.cat.servlet.CatFilter$Context.handle(CatFilter.java:393)
	at com.dianping.cat.servlet.CatFilter$CatHandler$1.handle(CatFilter.java:110)
	at com.dianping.cat.servlet.CatFilter$Context.handle(CatFilter.java:393)
	at com.dianping.cat.servlet.CatFilter.doFilter(CatFilter.java:48)
	at org.apache.catalina.core.ApplicationFilterChain.internalDoFilter(ApplicationFilterChain.java:241)
	at org.apache.catalina.core.ApplicationFilterChain.doFilter(ApplicationFilterChain.java:208)
	at org.apache.catalina.core.StandardWrapperValve.invoke(StandardWrapperValve.java:220)
	at org.apache.catalina.core.StandardContextValve.invoke(StandardContextValve.java:122)
	at org.apache.catalina.authenticator.AuthenticatorBase.invoke(AuthenticatorBase.java:505)
	at org.apache.catalina.core.StandardHostValve.invoke(StandardHostValve.java:170)
	at org.apache.catalina.valves.ErrorReportValve.invoke(ErrorReportValve.java:103)
	at org.apache.catalina.valves.AccessLogValve.invoke(AccessLogValve.java:957)
	at org.apache.catalina.core.StandardEngineValve.invoke(StandardEngineValve.java:116)
	at org.apache.catalina.connector.CoyoteAdapter.service(CoyoteAdapter.java:423)
	at org.apache.coyote.http11.AbstractHttp11Processor.process(AbstractHttp11Processor.java:1079)
	at org.apache.coyote.AbstractProtocol$AbstractConnectionHandler.process(AbstractProtocol.java:620)
	at org.apache.tomcat.util.net.JIoEndpoint$SocketProcessor.run(JIoEndpoint.java:318)
	at java.util.concurrent.ThreadPoolExecutor.runWorker(ThreadPoolExecutor.java:1145)
	at java.util.concurrent.ThreadPoolExecutor$Worker.run(ThreadPoolExecutor.java:615)
	at org.apache.tomcat.util.threads.TaskThread$WrappingRunnable.run(TaskThread.java:61)
	at java.lang.Thread.run(Thread.java:745)

八月 18, 2015 1:46:01 下午 org.apache.catalina.core.ApplicationDispatcher invoke
严重: Servlet.service() for servlet jsp threw exception
java.lang.NoSuchMethodError: org.apache.jasper.runtime.JspApplicationContextImpl.findJspApplicationContext(Ljavax/servlet/ServletContext;)Lorg/apache/jasper/runtime/JspApplicationContextImpl;
	at org.apache.jasper.runtime.JspFactoryImpl.getJspApplicationContext(JspFactoryImpl.java:138)
	at org.apache.jasper.compiler.Validator$ValidateVisitor.<init>(Validator.java:515)
	at org.apache.jasper.compiler.Validator.validateExDirectives(Validator.java:1845)
	at org.apache.jasper.compiler.Compiler.generateJava(Compiler.java:218)
	at org.apache.jasper.compiler.Compiler.compile(Compiler.java:374)
	at org.apache.jasper.compiler.Compiler.compile(Compiler.java:354)
	at org.apache.jasper.compiler.Compiler.compile(Compiler.java:341)
	at org.apache.jasper.JspCompilationContext.compile(JspCompilationContext.java:662)
	at org.apache.jasper.servlet.JspServletWrapper.service(JspServletWrapper.java:364)
	at org.apache.jasper.servlet.JspServlet.serviceJspFile(JspServlet.java:395)
	at org.apache.jasper.servlet.JspServlet.service(JspServlet.java:339)
	at javax.servlet.http.HttpServlet.service(HttpServlet.java:731)
	at org.apache.catalina.core.ApplicationFilterChain.internalDoFilter(ApplicationFilterChain.java:303)
	at org.apache.catalina.core.ApplicationFilterChain.doFilter(ApplicationFilterChain.java:208)
	at org.apache.tomcat.websocket.server.WsFilter.doFilter(WsFilter.java:52)
	at org.apache.catalina.core.ApplicationFilterChain.internalDoFilter(ApplicationFilterChain.java:241)
	at org.apache.catalina.core.ApplicationFilterChain.doFilter(ApplicationFilterChain.java:208)
	at com.dianping.cat.servlet.CatFilter$Context.handle(CatFilter.java:395)
	at com.dianping.cat.servlet.CatFilter$CatHandler$3.handle(CatFilter.java:219)
	at com.dianping.cat.servlet.CatFilter$Context.handle(CatFilter.java:393)
	at com.dianping.cat.servlet.CatFilter$CatHandler$4.handle(CatFilter.java:305)
	at com.dianping.cat.servlet.CatFilter$Context.handle(CatFilter.java:393)
	at com.dianping.cat.servlet.CatFilter$CatHandler$2.handle(CatFilter.java:202)
	at com.dianping.cat.servlet.CatFilter$Context.handle(CatFilter.java:393)
	at com.dianping.cat.servlet.CatFilter$CatHandler$1.handle(CatFilter.java:110)
	at com.dianping.cat.servlet.CatFilter$Context.handle(CatFilter.java:393)
	at com.dianping.cat.servlet.CatFilter.doFilter(CatFilter.java:48)
	at org.apache.catalina.core.ApplicationFilterChain.internalDoFilter(ApplicationFilterChain.java:241)
	at org.apache.catalina.core.ApplicationFilterChain.doFilter(ApplicationFilterChain.java:208)
	at org.apache.catalina.core.ApplicationDispatcher.invoke(ApplicationDispatcher.java:748)
	at org.apache.catalina.core.ApplicationDispatcher.processRequest(ApplicationDispatcher.java:486)
	at org.apache.catalina.core.ApplicationDispatcher.doForward(ApplicationDispatcher.java:411)
	at org.apache.catalina.core.ApplicationDispatcher.forward(ApplicationDispatcher.java:338)
	at org.unidal.web.mvc.view.BaseJspViewer.view(BaseJspViewer.java:39)
	at com.dianping.cat.system.page.config.Handler.handleOutbound(Handler.java:269)
	at sun.reflect.GeneratedMethodAccessor84.invoke(Unknown Source)
	at sun.reflect.DelegatingMethodAccessorImpl.invoke(DelegatingMethodAccessorImpl.java:43)
	at java.lang.reflect.Method.invoke(Method.java:606)
	at org.unidal.lookup.util.ReflectUtils.invokeMethod(ReflectUtils.java:49)
	at org.unidal.web.mvc.lifecycle.DefaultOutboundActionHandler.handle(DefaultOutboundActionHandler.java:29)
	at org.unidal.web.mvc.lifecycle.DefaultRequestLifecycle.handleOutboundAction(DefaultRequestLifecycle.java:111)
	at org.unidal.web.mvc.lifecycle.DefaultRequestLifecycle.handleRequest(DefaultRequestLifecycle.java:186)
	at org.unidal.web.mvc.lifecycle.DefaultRequestLifecycle.handle(DefaultRequestLifecycle.java:63)
	at org.unidal.web.MVC.service(MVC.java:90)
	at javax.servlet.http.HttpServlet.service(HttpServlet.java:731)
	at org.apache.catalina.core.ApplicationFilterChain.internalDoFilter(ApplicationFilterChain.java:303)
	at org.apache.catalina.core.ApplicationFilterChain.doFilter(ApplicationFilterChain.java:208)
	at org.apache.tomcat.websocket.server.WsFilter.doFilter(WsFilter.java:52)
	at org.apache.catalina.core.ApplicationFilterChain.internalDoFilter(ApplicationFilterChain.java:241)
	at org.apache.catalina.core.ApplicationFilterChain.doFilter(ApplicationFilterChain.java:208)
	at com.dianping.cat.servlet.CatFilter$Context.handle(CatFilter.java:395)
	at com.dianping.cat.servlet.CatFilter$CatHandler$3.handle(CatFilter.java:219)
	at com.dianping.cat.servlet.CatFilter$Context.handle(CatFilter.java:393)
	at com.dianping.cat.servlet.CatFilter$CatHandler$4.handle(CatFilter.java:305)
	at com.dianping.cat.servlet.CatFilter$Context.handle(CatFilter.java:393)
	at com.dianping.cat.servlet.CatFilter$CatHandler$2.handle(CatFilter.java:202)
	at com.dianping.cat.servlet.CatFilter$Context.handle(CatFilter.java:393)
	at com.dianping.cat.servlet.CatFilter$CatHandler$1.handle(CatFilter.java:110)
	at com.dianping.cat.servlet.CatFilter$Context.handle(CatFilter.java:393)
	at com.dianping.cat.servlet.CatFilter.doFilter(CatFilter.java:48)
	at org.apache.catalina.core.ApplicationFilterChain.internalDoFilter(ApplicationFilterChain.java:241)
	at org.apache.catalina.core.ApplicationFilterChain.doFilter(ApplicationFilterChain.java:208)
	at org.apache.catalina.core.StandardWrapperValve.invoke(StandardWrapperValve.java:220)
	at org.apache.catalina.core.StandardContextValve.invoke(StandardContextValve.java:122)
	at org.apache.catalina.authenticator.AuthenticatorBase.invoke(AuthenticatorBase.java:505)
	at org.apache.catalina.core.StandardHostValve.invoke(StandardHostValve.java:170)
	at org.apache.catalina.valves.ErrorReportValve.invoke(ErrorReportValve.java:103)
	at org.apache.catalina.valves.AccessLogValve.invoke(AccessLogValve.java:957)
	at org.apache.catalina.core.StandardEngineValve.invoke(StandardEngineValve.java:116)
	at org.apache.catalina.connector.CoyoteAdapter.service(CoyoteAdapter.java:423)
	at org.apache.coyote.http11.AbstractHttp11Processor.process(AbstractHttp11Processor.java:1079)
	at org.apache.coyote.AbstractProtocol$AbstractConnectionHandler.process(AbstractProtocol.java:620)
	at org.apache.tomcat.util.net.JIoEndpoint$SocketProcessor.run(JIoEndpoint.java:316)
	at java.util.concurrent.ThreadPoolExecutor.runWorker(ThreadPoolExecutor.java:1145)
	at java.util.concurrent.ThreadPoolExecutor$Worker.run(ThreadPoolExecutor.java:615)
	at org.apache.tomcat.util.threads.TaskThread$WrappingRunnable.run(TaskThread.java:61)
	at java.lang.Thread.run(Thread.java:745)

八月 18, 2015 1:48:51 下午 org.apache.catalina.core.ApplicationDispatcher invoke
严重: Servlet.service() for servlet jsp threw exception
java.lang.NoSuchMethodError: org.apache.jasper.runtime.JspApplicationContextImpl.findJspApplicationContext(Ljavax/servlet/ServletContext;)Lorg/apache/jasper/runtime/JspApplicationContextImpl;
	at org.apache.jasper.runtime.JspFactoryImpl.getJspApplicationContext(JspFactoryImpl.java:138)
	at org.apache.jasper.compiler.Validator$ValidateVisitor.<init>(Validator.java:515)
	at org.apache.jasper.compiler.Validator.validateExDirectives(Validator.java:1845)
	at org.apache.jasper.compiler.Compiler.generateJava(Compiler.java:218)
	at org.apache.jasper.compiler.Compiler.compile(Compiler.java:374)
	at org.apache.jasper.compiler.Compiler.compile(Compiler.java:354)
	at org.apache.jasper.compiler.Compiler.compile(Compiler.java:341)
	at org.apache.jasper.JspCompilationContext.compile(JspCompilationContext.java:662)
	at org.apache.jasper.servlet.JspServletWrapper.service(JspServletWrapper.java:364)
	at org.apache.jasper.servlet.JspServlet.serviceJspFile(JspServlet.java:395)
	at org.apache.jasper.servlet.JspServlet.service(JspServlet.java:339)
	at javax.servlet.http.HttpServlet.service(HttpServlet.java:731)
	at org.apache.catalina.core.ApplicationFilterChain.internalDoFilter(ApplicationFilterChain.java:303)
	at org.apache.catalina.core.ApplicationFilterChain.doFilter(ApplicationFilterChain.java:208)
	at org.apache.tomcat.websocket.server.WsFilter.doFilter(WsFilter.java:52)
	at org.apache.catalina.core.ApplicationFilterChain.internalDoFilter(ApplicationFilterChain.java:241)
	at org.apache.catalina.core.ApplicationFilterChain.doFilter(ApplicationFilterChain.java:208)
	at com.dianping.cat.servlet.CatFilter$Context.handle(CatFilter.java:395)
	at com.dianping.cat.servlet.CatFilter$CatHandler$3.handle(CatFilter.java:219)
	at com.dianping.cat.servlet.CatFilter$Context.handle(CatFilter.java:393)
	at com.dianping.cat.servlet.CatFilter$CatHandler$4.handle(CatFilter.java:305)
	at com.dianping.cat.servlet.CatFilter$Context.handle(CatFilter.java:393)
	at com.dianping.cat.servlet.CatFilter$CatHandler$2.handle(CatFilter.java:202)
	at com.dianping.cat.servlet.CatFilter$Context.handle(CatFilter.java:393)
	at com.dianping.cat.servlet.CatFilter$CatHandler$1.handle(CatFilter.java:110)
	at com.dianping.cat.servlet.CatFilter$Context.handle(CatFilter.java:393)
	at com.dianping.cat.servlet.CatFilter.doFilter(CatFilter.java:48)
	at org.apache.catalina.core.ApplicationFilterChain.internalDoFilter(ApplicationFilterChain.java:241)
	at org.apache.catalina.core.ApplicationFilterChain.doFilter(ApplicationFilterChain.java:208)
	at org.apache.catalina.core.ApplicationDispatcher.invoke(ApplicationDispatcher.java:748)
	at org.apache.catalina.core.ApplicationDispatcher.processRequest(ApplicationDispatcher.java:486)
	at org.apache.catalina.core.ApplicationDispatcher.doForward(ApplicationDispatcher.java:411)
	at org.apache.catalina.core.ApplicationDispatcher.forward(ApplicationDispatcher.java:338)
	at org.unidal.web.mvc.view.BaseJspViewer.view(BaseJspViewer.java:39)
	at com.dianping.cat.report.page.problem.Handler.handleOutbound(Handler.java:277)
	at sun.reflect.GeneratedMethodAccessor422.invoke(Unknown Source)
	at sun.reflect.DelegatingMethodAccessorImpl.invoke(DelegatingMethodAccessorImpl.java:43)
	at java.lang.reflect.Method.invoke(Method.java:606)
	at org.unidal.lookup.util.ReflectUtils.invokeMethod(ReflectUtils.java:49)
	at org.unidal.web.mvc.lifecycle.DefaultOutboundActionHandler.handle(DefaultOutboundActionHandler.java:29)
	at org.unidal.web.mvc.lifecycle.DefaultRequestLifecycle.handleOutboundAction(DefaultRequestLifecycle.java:111)
	at org.unidal.web.mvc.lifecycle.DefaultRequestLifecycle.handleRequest(DefaultRequestLifecycle.java:186)
	at org.unidal.web.mvc.lifecycle.DefaultRequestLifecycle.handle(DefaultRequestLifecycle.java:63)
	at org.unidal.web.MVC.service(MVC.java:90)
	at javax.servlet.http.HttpServlet.service(HttpServlet.java:731)
	at org.apache.catalina.core.ApplicationFilterChain.internalDoFilter(ApplicationFilterChain.java:303)
	at org.apache.catalina.core.ApplicationFilterChain.doFilter(ApplicationFilterChain.java:208)
	at org.apache.tomcat.websocket.server.WsFilter.doFilter(WsFilter.java:52)
	at org.apache.catalina.core.ApplicationFilterChain.internalDoFilter(ApplicationFilterChain.java:241)
	at org.apache.catalina.core.ApplicationFilterChain.doFilter(ApplicationFilterChain.java:208)
	at com.dianping.cat.report.view.DomainFilter.doFilter(DomainFilter.java:83)
	at org.apache.catalina.core.ApplicationFilterChain.internalDoFilter(ApplicationFilterChain.java:241)
	at org.apache.catalina.core.ApplicationFilterChain.doFilter(ApplicationFilterChain.java:208)
	at com.dianping.cat.servlet.CatFilter$Context.handle(CatFilter.java:395)
	at com.dianping.cat.servlet.CatFilter$CatHandler$3.handle(CatFilter.java:219)
	at com.dianping.cat.servlet.CatFilter$Context.handle(CatFilter.java:393)
	at com.dianping.cat.servlet.CatFilter$CatHandler$4.handle(CatFilter.java:305)
	at com.dianping.cat.servlet.CatFilter$Context.handle(CatFilter.java:393)
	at com.dianping.cat.servlet.CatFilter$CatHandler$2.handle(CatFilter.java:202)
	at com.dianping.cat.servlet.CatFilter$Context.handle(CatFilter.java:393)
	at com.dianping.cat.servlet.CatFilter$CatHandler$1.handle(CatFilter.java:110)
	at com.dianping.cat.servlet.CatFilter$Context.handle(CatFilter.java:393)
	at com.dianping.cat.servlet.CatFilter.doFilter(CatFilter.java:48)
	at org.apache.catalina.core.ApplicationFilterChain.internalDoFilter(ApplicationFilterChain.java:241)
	at org.apache.catalina.core.ApplicationFilterChain.doFilter(ApplicationFilterChain.java:208)
	at org.apache.catalina.core.StandardWrapperValve.invoke(StandardWrapperValve.java:220)
	at org.apache.catalina.core.StandardContextValve.invoke(StandardContextValve.java:122)
	at org.apache.catalina.authenticator.AuthenticatorBase.invoke(AuthenticatorBase.java:505)
	at org.apache.catalina.core.StandardHostValve.invoke(StandardHostValve.java:170)
	at org.apache.catalina.valves.ErrorReportValve.invoke(ErrorReportValve.java:103)
	at org.apache.catalina.valves.AccessLogValve.invoke(AccessLogValve.java:957)
	at org.apache.catalina.core.StandardEngineValve.invoke(StandardEngineValve.java:116)
	at org.apache.catalina.connector.CoyoteAdapter.service(CoyoteAdapter.java:423)
	at org.apache.coyote.http11.AbstractHttp11Processor.process(AbstractHttp11Processor.java:1079)
	at org.apache.coyote.AbstractProtocol$AbstractConnectionHandler.process(AbstractProtocol.java:620)
	at org.apache.tomcat.util.net.JIoEndpoint$SocketProcessor.run(JIoEndpoint.java:318)
	at java.util.concurrent.ThreadPoolExecutor.runWorker(ThreadPoolExecutor.java:1145)
	at java.util.concurrent.ThreadPoolExecutor$Worker.run(ThreadPoolExecutor.java:615)
	at org.apache.tomcat.util.threads.TaskThread$WrappingRunnable.run(TaskThread.java:61)
	at java.lang.Thread.run(Thread.java:745)

八月 18, 2015 1:50:06 下午 org.apache.catalina.core.ApplicationDispatcher invoke
严重: Servlet.service() for servlet jsp threw exception
java.lang.NoSuchMethodError: org.apache.jasper.runtime.JspApplicationContextImpl.findJspApplicationContext(Ljavax/servlet/ServletContext;)Lorg/apache/jasper/runtime/JspApplicationContextImpl;
	at org.apache.jasper.runtime.JspFactoryImpl.getJspApplicationContext(JspFactoryImpl.java:138)
	at org.apache.jasper.compiler.Validator$ValidateVisitor.<init>(Validator.java:515)
	at org.apache.jasper.compiler.Validator.validateExDirectives(Validator.java:1845)
	at org.apache.jasper.compiler.Compiler.generateJava(Compiler.java:218)
	at org.apache.jasper.compiler.Compiler.compile(Compiler.java:374)
	at org.apache.jasper.compiler.Compiler.compile(Compiler.java:354)
	at org.apache.jasper.compiler.Compiler.compile(Compiler.java:341)
	at org.apache.jasper.JspCompilationContext.compile(JspCompilationContext.java:662)
	at org.apache.jasper.servlet.JspServletWrapper.service(JspServletWrapper.java:364)
	at org.apache.jasper.servlet.JspServlet.serviceJspFile(JspServlet.java:395)
	at org.apache.jasper.servlet.JspServlet.service(JspServlet.java:339)
	at javax.servlet.http.HttpServlet.service(HttpServlet.java:731)
	at org.apache.catalina.core.ApplicationFilterChain.internalDoFilter(ApplicationFilterChain.java:303)
	at org.apache.catalina.core.ApplicationFilterChain.doFilter(ApplicationFilterChain.java:208)
	at org.apache.tomcat.websocket.server.WsFilter.doFilter(WsFilter.java:52)
	at org.apache.catalina.core.ApplicationFilterChain.internalDoFilter(ApplicationFilterChain.java:241)
	at org.apache.catalina.core.ApplicationFilterChain.doFilter(ApplicationFilterChain.java:208)
	at com.dianping.cat.servlet.CatFilter$Context.handle(CatFilter.java:395)
	at com.dianping.cat.servlet.CatFilter$CatHandler$3.handle(CatFilter.java:219)
	at com.dianping.cat.servlet.CatFilter$Context.handle(CatFilter.java:393)
	at com.dianping.cat.servlet.CatFilter$CatHandler$4.handle(CatFilter.java:305)
	at com.dianping.cat.servlet.CatFilter$Context.handle(CatFilter.java:393)
	at com.dianping.cat.servlet.CatFilter$CatHandler$2.handle(CatFilter.java:202)
	at com.dianping.cat.servlet.CatFilter$Context.handle(CatFilter.java:393)
	at com.dianping.cat.servlet.CatFilter$CatHandler$1.handle(CatFilter.java:110)
	at com.dianping.cat.servlet.CatFilter$Context.handle(CatFilter.java:393)
	at com.dianping.cat.servlet.CatFilter.doFilter(CatFilter.java:48)
	at org.apache.catalina.core.ApplicationFilterChain.internalDoFilter(ApplicationFilterChain.java:241)
	at org.apache.catalina.core.ApplicationFilterChain.doFilter(ApplicationFilterChain.java:208)
	at org.apache.catalina.core.ApplicationDispatcher.invoke(ApplicationDispatcher.java:748)
	at org.apache.catalina.core.ApplicationDispatcher.processRequest(ApplicationDispatcher.java:486)
	at org.apache.catalina.core.ApplicationDispatcher.doForward(ApplicationDispatcher.java:411)
	at org.apache.catalina.core.ApplicationDispatcher.forward(ApplicationDispatcher.java:338)
	at org.unidal.web.mvc.view.BaseJspViewer.view(BaseJspViewer.java:39)
	at com.dianping.cat.report.page.event.Handler.handleOutbound(Handler.java:286)
	at sun.reflect.NativeMethodAccessorImpl.invoke0(Native Method)
	at sun.reflect.NativeMethodAccessorImpl.invoke(NativeMethodAccessorImpl.java:57)
	at sun.reflect.DelegatingMethodAccessorImpl.invoke(DelegatingMethodAccessorImpl.java:43)
	at java.lang.reflect.Method.invoke(Method.java:606)
	at org.unidal.lookup.util.ReflectUtils.invokeMethod(ReflectUtils.java:49)
	at org.unidal.web.mvc.lifecycle.DefaultOutboundActionHandler.handle(DefaultOutboundActionHandler.java:29)
	at org.unidal.web.mvc.lifecycle.DefaultRequestLifecycle.handleOutboundAction(DefaultRequestLifecycle.java:111)
	at org.unidal.web.mvc.lifecycle.DefaultRequestLifecycle.handleRequest(DefaultRequestLifecycle.java:186)
	at org.unidal.web.mvc.lifecycle.DefaultRequestLifecycle.handle(DefaultRequestLifecycle.java:63)
	at org.unidal.web.MVC.service(MVC.java:90)
	at javax.servlet.http.HttpServlet.service(HttpServlet.java:731)
	at org.apache.catalina.core.ApplicationFilterChain.internalDoFilter(ApplicationFilterChain.java:303)
	at org.apache.catalina.core.ApplicationFilterChain.doFilter(ApplicationFilterChain.java:208)
	at org.apache.tomcat.websocket.server.WsFilter.doFilter(WsFilter.java:52)
	at org.apache.catalina.core.ApplicationFilterChain.internalDoFilter(ApplicationFilterChain.java:241)
	at org.apache.catalina.core.ApplicationFilterChain.doFilter(ApplicationFilterChain.java:208)
	at com.dianping.cat.report.view.DomainFilter.doFilter(DomainFilter.java:83)
	at org.apache.catalina.core.ApplicationFilterChain.internalDoFilter(ApplicationFilterChain.java:241)
	at org.apache.catalina.core.ApplicationFilterChain.doFilter(ApplicationFilterChain.java:208)
	at com.dianping.cat.servlet.CatFilter$Context.handle(CatFilter.java:395)
	at com.dianping.cat.servlet.CatFilter$CatHandler$3.handle(CatFilter.java:219)
	at com.dianping.cat.servlet.CatFilter$Context.handle(CatFilter.java:393)
	at com.dianping.cat.servlet.CatFilter$CatHandler$4.handle(CatFilter.java:305)
	at com.dianping.cat.servlet.CatFilter$Context.handle(CatFilter.java:393)
	at com.dianping.cat.servlet.CatFilter$CatHandler$2.handle(CatFilter.java:202)
	at com.dianping.cat.servlet.CatFilter$Context.handle(CatFilter.java:393)
	at com.dianping.cat.servlet.CatFilter$CatHandler$1.handle(CatFilter.java:110)
	at com.dianping.cat.servlet.CatFilter$Context.handle(CatFilter.java:393)
	at com.dianping.cat.servlet.CatFilter.doFilter(CatFilter.java:48)
	at org.apache.catalina.core.ApplicationFilterChain.internalDoFilter(ApplicationFilterChain.java:241)
	at org.apache.catalina.core.ApplicationFilterChain.doFilter(ApplicationFilterChain.java:208)
	at org.apache.catalina.core.StandardWrapperValve.invoke(StandardWrapperValve.java:220)
	at org.apache.catalina.core.StandardContextValve.invoke(StandardContextValve.java:122)
	at org.apache.catalina.authenticator.AuthenticatorBase.invoke(AuthenticatorBase.java:505)
	at org.apache.catalina.core.StandardHostValve.invoke(StandardHostValve.java:170)
	at org.apache.catalina.valves.ErrorReportValve.invoke(ErrorReportValve.java:103)
	at org.apache.catalina.valves.AccessLogValve.invoke(AccessLogValve.java:957)
	at org.apache.catalina.core.StandardEngineValve.invoke(StandardEngineValve.java:116)
	at org.apache.catalina.connector.CoyoteAdapter.service(CoyoteAdapter.java:423)
	at org.apache.coyote.http11.AbstractHttp11Processor.process(AbstractHttp11Processor.java:1079)
	at org.apache.coyote.AbstractProtocol$AbstractConnectionHandler.process(AbstractProtocol.java:620)
	at org.apache.tomcat.util.net.JIoEndpoint$SocketProcessor.run(JIoEndpoint.java:318)
	at java.util.concurrent.ThreadPoolExecutor.runWorker(ThreadPoolExecutor.java:1145)
	at java.util.concurrent.ThreadPoolExecutor$Worker.run(ThreadPoolExecutor.java:615)
	at org.apache.tomcat.util.threads.TaskThread$WrappingRunnable.run(TaskThread.java:61)
	at java.lang.Thread.run(Thread.java:745)

八月 18, 2015 1:51:12 下午 org.apache.catalina.core.ApplicationDispatcher invoke
严重: Servlet.service() for servlet jsp threw exception
java.lang.NoSuchMethodError: org.apache.jasper.runtime.JspApplicationContextImpl.findJspApplicationContext(Ljavax/servlet/ServletContext;)Lorg/apache/jasper/runtime/JspApplicationContextImpl;
	at org.apache.jasper.runtime.JspFactoryImpl.getJspApplicationContext(JspFactoryImpl.java:138)
	at org.apache.jasper.compiler.Validator$ValidateVisitor.<init>(Validator.java:515)
	at org.apache.jasper.compiler.Validator.validateExDirectives(Validator.java:1845)
	at org.apache.jasper.compiler.Compiler.generateJava(Compiler.java:218)
	at org.apache.jasper.compiler.Compiler.compile(Compiler.java:374)
	at org.apache.jasper.compiler.Compiler.compile(Compiler.java:354)
	at org.apache.jasper.compiler.Compiler.compile(Compiler.java:341)
	at org.apache.jasper.JspCompilationContext.compile(JspCompilationContext.java:662)
	at org.apache.jasper.servlet.JspServletWrapper.service(JspServletWrapper.java:364)
	at org.apache.jasper.servlet.JspServlet.serviceJspFile(JspServlet.java:395)
	at org.apache.jasper.servlet.JspServlet.service(JspServlet.java:339)
	at javax.servlet.http.HttpServlet.service(HttpServlet.java:731)
	at org.apache.catalina.core.ApplicationFilterChain.internalDoFilter(ApplicationFilterChain.java:303)
	at org.apache.catalina.core.ApplicationFilterChain.doFilter(ApplicationFilterChain.java:208)
	at org.apache.tomcat.websocket.server.WsFilter.doFilter(WsFilter.java:52)
	at org.apache.catalina.core.ApplicationFilterChain.internalDoFilter(ApplicationFilterChain.java:241)
	at org.apache.catalina.core.ApplicationFilterChain.doFilter(ApplicationFilterChain.java:208)
	at com.dianping.cat.servlet.CatFilter$Context.handle(CatFilter.java:395)
	at com.dianping.cat.servlet.CatFilter$CatHandler$3.handle(CatFilter.java:219)
	at com.dianping.cat.servlet.CatFilter$Context.handle(CatFilter.java:393)
	at com.dianping.cat.servlet.CatFilter$CatHandler$4.handle(CatFilter.java:305)
	at com.dianping.cat.servlet.CatFilter$Context.handle(CatFilter.java:393)
	at com.dianping.cat.servlet.CatFilter$CatHandler$2.handle(CatFilter.java:202)
	at com.dianping.cat.servlet.CatFilter$Context.handle(CatFilter.java:393)
	at com.dianping.cat.servlet.CatFilter$CatHandler$1.handle(CatFilter.java:110)
	at com.dianping.cat.servlet.CatFilter$Context.handle(CatFilter.java:393)
	at com.dianping.cat.servlet.CatFilter.doFilter(CatFilter.java:48)
	at org.apache.catalina.core.ApplicationFilterChain.internalDoFilter(ApplicationFilterChain.java:241)
	at org.apache.catalina.core.ApplicationFilterChain.doFilter(ApplicationFilterChain.java:208)
	at org.apache.catalina.core.ApplicationDispatcher.invoke(ApplicationDispatcher.java:748)
	at org.apache.catalina.core.ApplicationDispatcher.processRequest(ApplicationDispatcher.java:486)
	at org.apache.catalina.core.ApplicationDispatcher.doForward(ApplicationDispatcher.java:411)
	at org.apache.catalina.core.ApplicationDispatcher.forward(ApplicationDispatcher.java:338)
	at org.unidal.web.mvc.view.BaseJspViewer.view(BaseJspViewer.java:39)
	at com.dianping.cat.report.page.network.Handler.handleOutbound(Handler.java:74)
	at sun.reflect.NativeMethodAccessorImpl.invoke0(Native Method)
	at sun.reflect.NativeMethodAccessorImpl.invoke(NativeMethodAccessorImpl.java:57)
	at sun.reflect.DelegatingMethodAccessorImpl.invoke(DelegatingMethodAccessorImpl.java:43)
	at java.lang.reflect.Method.invoke(Method.java:606)
	at org.unidal.lookup.util.ReflectUtils.invokeMethod(ReflectUtils.java:49)
	at org.unidal.web.mvc.lifecycle.DefaultOutboundActionHandler.handle(DefaultOutboundActionHandler.java:29)
	at org.unidal.web.mvc.lifecycle.DefaultRequestLifecycle.handleOutboundAction(DefaultRequestLifecycle.java:111)
	at org.unidal.web.mvc.lifecycle.DefaultRequestLifecycle.handleRequest(DefaultRequestLifecycle.java:186)
	at org.unidal.web.mvc.lifecycle.DefaultRequestLifecycle.handle(DefaultRequestLifecycle.java:63)
	at org.unidal.web.MVC.service(MVC.java:90)
	at javax.servlet.http.HttpServlet.service(HttpServlet.java:731)
	at org.apache.catalina.core.ApplicationFilterChain.internalDoFilter(ApplicationFilterChain.java:303)
	at org.apache.catalina.core.ApplicationFilterChain.doFilter(ApplicationFilterChain.java:208)
	at org.apache.tomcat.websocket.server.WsFilter.doFilter(WsFilter.java:52)
	at org.apache.catalina.core.ApplicationFilterChain.internalDoFilter(ApplicationFilterChain.java:241)
	at org.apache.catalina.core.ApplicationFilterChain.doFilter(ApplicationFilterChain.java:208)
	at com.dianping.cat.report.view.DomainFilter.doFilter(DomainFilter.java:83)
	at org.apache.catalina.core.ApplicationFilterChain.internalDoFilter(ApplicationFilterChain.java:241)
	at org.apache.catalina.core.ApplicationFilterChain.doFilter(ApplicationFilterChain.java:208)
	at com.dianping.cat.servlet.CatFilter$Context.handle(CatFilter.java:395)
	at com.dianping.cat.servlet.CatFilter$CatHandler$3.handle(CatFilter.java:219)
	at com.dianping.cat.servlet.CatFilter$Context.handle(CatFilter.java:393)
	at com.dianping.cat.servlet.CatFilter$CatHandler$4.handle(CatFilter.java:305)
	at com.dianping.cat.servlet.CatFilter$Context.handle(CatFilter.java:393)
	at com.dianping.cat.servlet.CatFilter$CatHandler$2.handle(CatFilter.java:202)
	at com.dianping.cat.servlet.CatFilter$Context.handle(CatFilter.java:393)
	at com.dianping.cat.servlet.CatFilter$CatHandler$1.handle(CatFilter.java:110)
	at com.dianping.cat.servlet.CatFilter$Context.handle(CatFilter.java:393)
	at com.dianping.cat.servlet.CatFilter.doFilter(CatFilter.java:48)
	at org.apache.catalina.core.ApplicationFilterChain.internalDoFilter(ApplicationFilterChain.java:241)
	at org.apache.catalina.core.ApplicationFilterChain.doFilter(ApplicationFilterChain.java:208)
	at org.apache.catalina.core.StandardWrapperValve.invoke(StandardWrapperValve.java:220)
	at org.apache.catalina.core.StandardContextValve.invoke(StandardContextValve.java:122)
	at org.apache.catalina.authenticator.AuthenticatorBase.invoke(AuthenticatorBase.java:505)
	at org.apache.catalina.core.StandardHostValve.invoke(StandardHostValve.java:170)
	at org.apache.catalina.valves.ErrorReportValve.invoke(ErrorReportValve.java:103)
	at org.apache.catalina.valves.AccessLogValve.invoke(AccessLogValve.java:957)
	at org.apache.catalina.core.StandardEngineValve.invoke(StandardEngineValve.java:116)
	at org.apache.catalina.connector.CoyoteAdapter.service(CoyoteAdapter.java:423)
	at org.apache.coyote.http11.AbstractHttp11Processor.process(AbstractHttp11Processor.java:1079)
	at org.apache.coyote.AbstractProtocol$AbstractConnectionHandler.process(AbstractProtocol.java:620)
	at org.apache.tomcat.util.net.JIoEndpoint$SocketProcessor.run(JIoEndpoint.java:318)
	at java.util.concurrent.ThreadPoolExecutor.runWorker(ThreadPoolExecutor.java:1145)
	at java.util.concurrent.ThreadPoolExecutor$Worker.run(ThreadPoolExecutor.java:615)
	at org.apache.tomcat.util.threads.TaskThread$WrappingRunnable.run(TaskThread.java:61)
	at java.lang.Thread.run(Thread.java:745)

八月 18, 2015 1:51:14 下午 org.apache.catalina.core.ApplicationDispatcher invoke
严重: Servlet.service() for servlet jsp threw exception
java.lang.NoSuchMethodError: org.apache.jasper.runtime.JspApplicationContextImpl.findJspApplicationContext(Ljavax/servlet/ServletContext;)Lorg/apache/jasper/runtime/JspApplicationContextImpl;
	at org.apache.jasper.runtime.JspFactoryImpl.getJspApplicationContext(JspFactoryImpl.java:138)
	at org.apache.jasper.compiler.Validator$ValidateVisitor.<init>(Validator.java:515)
	at org.apache.jasper.compiler.Validator.validateExDirectives(Validator.java:1845)
	at org.apache.jasper.compiler.Compiler.generateJava(Compiler.java:218)
	at org.apache.jasper.compiler.Compiler.compile(Compiler.java:374)
	at org.apache.jasper.compiler.Compiler.compile(Compiler.java:354)
	at org.apache.jasper.compiler.Compiler.compile(Compiler.java:341)
	at org.apache.jasper.JspCompilationContext.compile(JspCompilationContext.java:662)
	at org.apache.jasper.servlet.JspServletWrapper.service(JspServletWrapper.java:364)
	at org.apache.jasper.servlet.JspServlet.serviceJspFile(JspServlet.java:395)
	at org.apache.jasper.servlet.JspServlet.service(JspServlet.java:339)
	at javax.servlet.http.HttpServlet.service(HttpServlet.java:731)
	at org.apache.catalina.core.ApplicationFilterChain.internalDoFilter(ApplicationFilterChain.java:303)
	at org.apache.catalina.core.ApplicationFilterChain.doFilter(ApplicationFilterChain.java:208)
	at org.apache.tomcat.websocket.server.WsFilter.doFilter(WsFilter.java:52)
	at org.apache.catalina.core.ApplicationFilterChain.internalDoFilter(ApplicationFilterChain.java:241)
	at org.apache.catalina.core.ApplicationFilterChain.doFilter(ApplicationFilterChain.java:208)
	at com.dianping.cat.servlet.CatFilter$Context.handle(CatFilter.java:395)
	at com.dianping.cat.servlet.CatFilter$CatHandler$3.handle(CatFilter.java:219)
	at com.dianping.cat.servlet.CatFilter$Context.handle(CatFilter.java:393)
	at com.dianping.cat.servlet.CatFilter$CatHandler$4.handle(CatFilter.java:305)
	at com.dianping.cat.servlet.CatFilter$Context.handle(CatFilter.java:393)
	at com.dianping.cat.servlet.CatFilter$CatHandler$2.handle(CatFilter.java:202)
	at com.dianping.cat.servlet.CatFilter$Context.handle(CatFilter.java:393)
	at com.dianping.cat.servlet.CatFilter$CatHandler$1.handle(CatFilter.java:110)
	at com.dianping.cat.servlet.CatFilter$Context.handle(CatFilter.java:393)
	at com.dianping.cat.servlet.CatFilter.doFilter(CatFilter.java:48)
	at org.apache.catalina.core.ApplicationFilterChain.internalDoFilter(ApplicationFilterChain.java:241)
	at org.apache.catalina.core.ApplicationFilterChain.doFilter(ApplicationFilterChain.java:208)
	at org.apache.catalina.core.ApplicationDispatcher.invoke(ApplicationDispatcher.java:748)
	at org.apache.catalina.core.ApplicationDispatcher.processRequest(ApplicationDispatcher.java:486)
	at org.apache.catalina.core.ApplicationDispatcher.doForward(ApplicationDispatcher.java:411)
	at org.apache.catalina.core.ApplicationDispatcher.forward(ApplicationDispatcher.java:338)
	at org.unidal.web.mvc.view.BaseJspViewer.view(BaseJspViewer.java:39)
	at com.dianping.cat.report.page.dependency.Handler.handleOutbound(Handler.java:202)
	at sun.reflect.NativeMethodAccessorImpl.invoke0(Native Method)
	at sun.reflect.NativeMethodAccessorImpl.invoke(NativeMethodAccessorImpl.java:57)
	at sun.reflect.DelegatingMethodAccessorImpl.invoke(DelegatingMethodAccessorImpl.java:43)
	at java.lang.reflect.Method.invoke(Method.java:606)
	at org.unidal.lookup.util.ReflectUtils.invokeMethod(ReflectUtils.java:49)
	at org.unidal.web.mvc.lifecycle.DefaultOutboundActionHandler.handle(DefaultOutboundActionHandler.java:29)
	at org.unidal.web.mvc.lifecycle.DefaultRequestLifecycle.handleOutboundAction(DefaultRequestLifecycle.java:111)
	at org.unidal.web.mvc.lifecycle.DefaultRequestLifecycle.handleRequest(DefaultRequestLifecycle.java:186)
	at org.unidal.web.mvc.lifecycle.DefaultRequestLifecycle.handle(DefaultRequestLifecycle.java:63)
	at org.unidal.web.MVC.service(MVC.java:90)
	at javax.servlet.http.HttpServlet.service(HttpServlet.java:731)
	at org.apache.catalina.core.ApplicationFilterChain.internalDoFilter(ApplicationFilterChain.java:303)
	at org.apache.catalina.core.ApplicationFilterChain.doFilter(ApplicationFilterChain.java:208)
	at org.apache.tomcat.websocket.server.WsFilter.doFilter(WsFilter.java:52)
	at org.apache.catalina.core.ApplicationFilterChain.internalDoFilter(ApplicationFilterChain.java:241)
	at org.apache.catalina.core.ApplicationFilterChain.doFilter(ApplicationFilterChain.java:208)
	at com.dianping.cat.report.view.DomainFilter.doFilter(DomainFilter.java:83)
	at org.apache.catalina.core.ApplicationFilterChain.internalDoFilter(ApplicationFilterChain.java:241)
	at org.apache.catalina.core.ApplicationFilterChain.doFilter(ApplicationFilterChain.java:208)
	at com.dianping.cat.servlet.CatFilter$Context.handle(CatFilter.java:395)
	at com.dianping.cat.servlet.CatFilter$CatHandler$3.handle(CatFilter.java:219)
	at com.dianping.cat.servlet.CatFilter$Context.handle(CatFilter.java:393)
	at com.dianping.cat.servlet.CatFilter$CatHandler$4.handle(CatFilter.java:305)
	at com.dianping.cat.servlet.CatFilter$Context.handle(CatFilter.java:393)
	at com.dianping.cat.servlet.CatFilter$CatHandler$2.handle(CatFilter.java:202)
	at com.dianping.cat.servlet.CatFilter$Context.handle(CatFilter.java:393)
	at com.dianping.cat.servlet.CatFilter$CatHandler$1.handle(CatFilter.java:110)
	at com.dianping.cat.servlet.CatFilter$Context.handle(CatFilter.java:393)
	at com.dianping.cat.servlet.CatFilter.doFilter(CatFilter.java:48)
	at org.apache.catalina.core.ApplicationFilterChain.internalDoFilter(ApplicationFilterChain.java:241)
	at org.apache.catalina.core.ApplicationFilterChain.doFilter(ApplicationFilterChain.java:208)
	at org.apache.catalina.core.StandardWrapperValve.invoke(StandardWrapperValve.java:220)
	at org.apache.catalina.core.StandardContextValve.invoke(StandardContextValve.java:122)
	at org.apache.catalina.authenticator.AuthenticatorBase.invoke(AuthenticatorBase.java:505)
	at org.apache.catalina.core.StandardHostValve.invoke(StandardHostValve.java:170)
	at org.apache.catalina.valves.ErrorReportValve.invoke(ErrorReportValve.java:103)
	at org.apache.catalina.valves.AccessLogValve.invoke(AccessLogValve.java:957)
	at org.apache.catalina.core.StandardEngineValve.invoke(StandardEngineValve.java:116)
	at org.apache.catalina.connector.CoyoteAdapter.service(CoyoteAdapter.java:423)
	at org.apache.coyote.http11.AbstractHttp11Processor.process(AbstractHttp11Processor.java:1079)
	at org.apache.coyote.AbstractProtocol$AbstractConnectionHandler.process(AbstractProtocol.java:620)
	at org.apache.tomcat.util.net.JIoEndpoint$SocketProcessor.run(JIoEndpoint.java:316)
	at java.util.concurrent.ThreadPoolExecutor.runWorker(ThreadPoolExecutor.java:1145)
	at java.util.concurrent.ThreadPoolExecutor$Worker.run(ThreadPoolExecutor.java:615)
	at org.apache.tomcat.util.threads.TaskThread$WrappingRunnable.run(TaskThread.java:61)
	at java.lang.Thread.run(Thread.java:745)

八月 18, 2015 1:51:18 下午 org.apache.catalina.core.ApplicationDispatcher invoke
严重: Servlet.service() for servlet jsp threw exception
java.lang.NoSuchMethodError: org.apache.jasper.runtime.JspApplicationContextImpl.findJspApplicationContext(Ljavax/servlet/ServletContext;)Lorg/apache/jasper/runtime/JspApplicationContextImpl;
	at org.apache.jasper.runtime.JspFactoryImpl.getJspApplicationContext(JspFactoryImpl.java:138)
	at org.apache.jasper.compiler.Validator$ValidateVisitor.<init>(Validator.java:515)
	at org.apache.jasper.compiler.Validator.validateExDirectives(Validator.java:1845)
	at org.apache.jasper.compiler.Compiler.generateJava(Compiler.java:218)
	at org.apache.jasper.compiler.Compiler.compile(Compiler.java:374)
	at org.apache.jasper.compiler.Compiler.compile(Compiler.java:354)
	at org.apache.jasper.compiler.Compiler.compile(Compiler.java:341)
	at org.apache.jasper.JspCompilationContext.compile(JspCompilationContext.java:662)
	at org.apache.jasper.servlet.JspServletWrapper.service(JspServletWrapper.java:364)
	at org.apache.jasper.servlet.JspServlet.serviceJspFile(JspServlet.java:395)
	at org.apache.jasper.servlet.JspServlet.service(JspServlet.java:339)
	at javax.servlet.http.HttpServlet.service(HttpServlet.java:731)
	at org.apache.catalina.core.ApplicationFilterChain.internalDoFilter(ApplicationFilterChain.java:303)
	at org.apache.catalina.core.ApplicationFilterChain.doFilter(ApplicationFilterChain.java:208)
	at org.apache.tomcat.websocket.server.WsFilter.doFilter(WsFilter.java:52)
	at org.apache.catalina.core.ApplicationFilterChain.internalDoFilter(ApplicationFilterChain.java:241)
	at org.apache.catalina.core.ApplicationFilterChain.doFilter(ApplicationFilterChain.java:208)
	at com.dianping.cat.servlet.CatFilter$Context.handle(CatFilter.java:395)
	at com.dianping.cat.servlet.CatFilter$CatHandler$3.handle(CatFilter.java:219)
	at com.dianping.cat.servlet.CatFilter$Context.handle(CatFilter.java:393)
	at com.dianping.cat.servlet.CatFilter$CatHandler$4.handle(CatFilter.java:305)
	at com.dianping.cat.servlet.CatFilter$Context.handle(CatFilter.java:393)
	at com.dianping.cat.servlet.CatFilter$CatHandler$2.handle(CatFilter.java:202)
	at com.dianping.cat.servlet.CatFilter$Context.handle(CatFilter.java:393)
	at com.dianping.cat.servlet.CatFilter$CatHandler$1.handle(CatFilter.java:110)
	at com.dianping.cat.servlet.CatFilter$Context.handle(CatFilter.java:393)
	at com.dianping.cat.servlet.CatFilter.doFilter(CatFilter.java:48)
	at org.apache.catalina.core.ApplicationFilterChain.internalDoFilter(ApplicationFilterChain.java:241)
	at org.apache.catalina.core.ApplicationFilterChain.doFilter(ApplicationFilterChain.java:208)
	at org.apache.catalina.core.ApplicationDispatcher.invoke(ApplicationDispatcher.java:748)
	at org.apache.catalina.core.ApplicationDispatcher.processRequest(ApplicationDispatcher.java:486)
	at org.apache.catalina.core.ApplicationDispatcher.doForward(ApplicationDispatcher.java:411)
	at org.apache.catalina.core.ApplicationDispatcher.forward(ApplicationDispatcher.java:338)
	at org.unidal.web.mvc.view.BaseJspViewer.view(BaseJspViewer.java:39)
	at com.dianping.cat.report.page.storage.Handler.handleOutbound(Handler.java:268)
	at sun.reflect.NativeMethodAccessorImpl.invoke0(Native Method)
	at sun.reflect.NativeMethodAccessorImpl.invoke(NativeMethodAccessorImpl.java:57)
	at sun.reflect.DelegatingMethodAccessorImpl.invoke(DelegatingMethodAccessorImpl.java:43)
	at java.lang.reflect.Method.invoke(Method.java:606)
	at org.unidal.lookup.util.ReflectUtils.invokeMethod(ReflectUtils.java:49)
	at org.unidal.web.mvc.lifecycle.DefaultOutboundActionHandler.handle(DefaultOutboundActionHandler.java:29)
	at org.unidal.web.mvc.lifecycle.DefaultRequestLifecycle.handleOutboundAction(DefaultRequestLifecycle.java:111)
	at org.unidal.web.mvc.lifecycle.DefaultRequestLifecycle.handleRequest(DefaultRequestLifecycle.java:186)
	at org.unidal.web.mvc.lifecycle.DefaultRequestLifecycle.handle(DefaultRequestLifecycle.java:63)
	at org.unidal.web.MVC.service(MVC.java:90)
	at javax.servlet.http.HttpServlet.service(HttpServlet.java:731)
	at org.apache.catalina.core.ApplicationFilterChain.internalDoFilter(ApplicationFilterChain.java:303)
	at org.apache.catalina.core.ApplicationFilterChain.doFilter(ApplicationFilterChain.java:208)
	at org.apache.tomcat.websocket.server.WsFilter.doFilter(WsFilter.java:52)
	at org.apache.catalina.core.ApplicationFilterChain.internalDoFilter(ApplicationFilterChain.java:241)
	at org.apache.catalina.core.ApplicationFilterChain.doFilter(ApplicationFilterChain.java:208)
	at com.dianping.cat.report.view.DomainFilter.doFilter(DomainFilter.java:83)
	at org.apache.catalina.core.ApplicationFilterChain.internalDoFilter(ApplicationFilterChain.java:241)
	at org.apache.catalina.core.ApplicationFilterChain.doFilter(ApplicationFilterChain.java:208)
	at com.dianping.cat.servlet.CatFilter$Context.handle(CatFilter.java:395)
	at com.dianping.cat.servlet.CatFilter$CatHandler$3.handle(CatFilter.java:219)
	at com.dianping.cat.servlet.CatFilter$Context.handle(CatFilter.java:393)
	at com.dianping.cat.servlet.CatFilter$CatHandler$4.handle(CatFilter.java:305)
	at com.dianping.cat.servlet.CatFilter$Context.handle(CatFilter.java:393)
	at com.dianping.cat.servlet.CatFilter$CatHandler$2.handle(CatFilter.java:202)
	at com.dianping.cat.servlet.CatFilter$Context.handle(CatFilter.java:393)
	at com.dianping.cat.servlet.CatFilter$CatHandler$1.handle(CatFilter.java:110)
	at com.dianping.cat.servlet.CatFilter$Context.handle(CatFilter.java:393)
	at com.dianping.cat.servlet.CatFilter.doFilter(CatFilter.java:48)
	at org.apache.catalina.core.ApplicationFilterChain.internalDoFilter(ApplicationFilterChain.java:241)
	at org.apache.catalina.core.ApplicationFilterChain.doFilter(ApplicationFilterChain.java:208)
	at org.apache.catalina.core.StandardWrapperValve.invoke(StandardWrapperValve.java:220)
	at org.apache.catalina.core.StandardContextValve.invoke(StandardContextValve.java:122)
	at org.apache.catalina.authenticator.AuthenticatorBase.invoke(AuthenticatorBase.java:505)
	at org.apache.catalina.core.StandardHostValve.invoke(StandardHostValve.java:170)
	at org.apache.catalina.valves.ErrorReportValve.invoke(ErrorReportValve.java:103)
	at org.apache.catalina.valves.AccessLogValve.invoke(AccessLogValve.java:957)
	at org.apache.catalina.core.StandardEngineValve.invoke(StandardEngineValve.java:116)
	at org.apache.catalina.connector.CoyoteAdapter.service(CoyoteAdapter.java:423)
	at org.apache.coyote.http11.AbstractHttp11Processor.process(AbstractHttp11Processor.java:1079)
	at org.apache.coyote.AbstractProtocol$AbstractConnectionHandler.process(AbstractProtocol.java:620)
	at org.apache.tomcat.util.net.JIoEndpoint$SocketProcessor.run(JIoEndpoint.java:316)
	at java.util.concurrent.ThreadPoolExecutor.runWorker(ThreadPoolExecutor.java:1145)
	at java.util.concurrent.ThreadPoolExecutor$Worker.run(ThreadPoolExecutor.java:615)
	at org.apache.tomcat.util.threads.TaskThread$WrappingRunnable.run(TaskThread.java:61)
	at java.lang.Thread.run(Thread.java:745)

八月 18, 2015 1:51:21 下午 org.apache.catalina.core.ApplicationDispatcher invoke
严重: Servlet.service() for servlet jsp threw exception
java.lang.ClassNotFoundException: org.apache.jsp.jsp.report.storage.dashboard_jsp
	at java.net.URLClassLoader$1.run(URLClassLoader.java:366)
	at java.net.URLClassLoader$1.run(URLClassLoader.java:355)
	at java.security.AccessController.doPrivileged(Native Method)
	at java.net.URLClassLoader.findClass(URLClassLoader.java:354)
	at org.apache.jasper.servlet.JasperLoader.loadClass(JasperLoader.java:132)
	at org.apache.jasper.servlet.JasperLoader.loadClass(JasperLoader.java:63)
	at org.apache.catalina.core.DefaultInstanceManager.newInstance(DefaultInstanceManager.java:121)
	at org.apache.jasper.servlet.JspServletWrapper.getServlet(JspServletWrapper.java:172)
	at org.apache.jasper.servlet.JspServletWrapper.service(JspServletWrapper.java:376)
	at org.apache.jasper.servlet.JspServlet.serviceJspFile(JspServlet.java:395)
	at org.apache.jasper.servlet.JspServlet.service(JspServlet.java:339)
	at javax.servlet.http.HttpServlet.service(HttpServlet.java:731)
	at org.apache.catalina.core.ApplicationFilterChain.internalDoFilter(ApplicationFilterChain.java:303)
	at org.apache.catalina.core.ApplicationFilterChain.doFilter(ApplicationFilterChain.java:208)
	at org.apache.tomcat.websocket.server.WsFilter.doFilter(WsFilter.java:52)
	at org.apache.catalina.core.ApplicationFilterChain.internalDoFilter(ApplicationFilterChain.java:241)
	at org.apache.catalina.core.ApplicationFilterChain.doFilter(ApplicationFilterChain.java:208)
	at com.dianping.cat.servlet.CatFilter$Context.handle(CatFilter.java:395)
	at com.dianping.cat.servlet.CatFilter$CatHandler$3.handle(CatFilter.java:219)
	at com.dianping.cat.servlet.CatFilter$Context.handle(CatFilter.java:393)
	at com.dianping.cat.servlet.CatFilter$CatHandler$4.handle(CatFilter.java:305)
	at com.dianping.cat.servlet.CatFilter$Context.handle(CatFilter.java:393)
	at com.dianping.cat.servlet.CatFilter$CatHandler$2.handle(CatFilter.java:202)
	at com.dianping.cat.servlet.CatFilter$Context.handle(CatFilter.java:393)
	at com.dianping.cat.servlet.CatFilter$CatHandler$1.handle(CatFilter.java:110)
	at com.dianping.cat.servlet.CatFilter$Context.handle(CatFilter.java:393)
	at com.dianping.cat.servlet.CatFilter.doFilter(CatFilter.java:48)
	at org.apache.catalina.core.ApplicationFilterChain.internalDoFilter(ApplicationFilterChain.java:241)
	at org.apache.catalina.core.ApplicationFilterChain.doFilter(ApplicationFilterChain.java:208)
	at org.apache.catalina.core.ApplicationDispatcher.invoke(ApplicationDispatcher.java:748)
	at org.apache.catalina.core.ApplicationDispatcher.processRequest(ApplicationDispatcher.java:486)
	at org.apache.catalina.core.ApplicationDispatcher.doForward(ApplicationDispatcher.java:411)
	at org.apache.catalina.core.ApplicationDispatcher.forward(ApplicationDispatcher.java:338)
	at org.unidal.web.mvc.view.BaseJspViewer.view(BaseJspViewer.java:39)
	at com.dianping.cat.report.page.storage.Handler.handleOutbound(Handler.java:268)
	at sun.reflect.NativeMethodAccessorImpl.invoke0(Native Method)
	at sun.reflect.NativeMethodAccessorImpl.invoke(NativeMethodAccessorImpl.java:57)
	at sun.reflect.DelegatingMethodAccessorImpl.invoke(DelegatingMethodAccessorImpl.java:43)
	at java.lang.reflect.Method.invoke(Method.java:606)
	at org.unidal.lookup.util.ReflectUtils.invokeMethod(ReflectUtils.java:49)
	at org.unidal.web.mvc.lifecycle.DefaultOutboundActionHandler.handle(DefaultOutboundActionHandler.java:29)
	at org.unidal.web.mvc.lifecycle.DefaultRequestLifecycle.handleOutboundAction(DefaultRequestLifecycle.java:111)
	at org.unidal.web.mvc.lifecycle.DefaultRequestLifecycle.handleRequest(DefaultRequestLifecycle.java:186)
	at org.unidal.web.mvc.lifecycle.DefaultRequestLifecycle.handle(DefaultRequestLifecycle.java:63)
	at org.unidal.web.MVC.service(MVC.java:90)
	at javax.servlet.http.HttpServlet.service(HttpServlet.java:731)
	at org.apache.catalina.core.ApplicationFilterChain.internalDoFilter(ApplicationFilterChain.java:303)
	at org.apache.catalina.core.ApplicationFilterChain.doFilter(ApplicationFilterChain.java:208)
	at org.apache.tomcat.websocket.server.WsFilter.doFilter(WsFilter.java:52)
	at org.apache.catalina.core.ApplicationFilterChain.internalDoFilter(ApplicationFilterChain.java:241)
	at org.apache.catalina.core.ApplicationFilterChain.doFilter(ApplicationFilterChain.java:208)
	at com.dianping.cat.report.view.DomainFilter.doFilter(DomainFilter.java:83)
	at org.apache.catalina.core.ApplicationFilterChain.internalDoFilter(ApplicationFilterChain.java:241)
	at org.apache.catalina.core.ApplicationFilterChain.doFilter(ApplicationFilterChain.java:208)
	at com.dianping.cat.servlet.CatFilter$Context.handle(CatFilter.java:395)
	at com.dianping.cat.servlet.CatFilter$CatHandler$3.handle(CatFilter.java:219)
	at com.dianping.cat.servlet.CatFilter$Context.handle(CatFilter.java:393)
	at com.dianping.cat.servlet.CatFilter$CatHandler$4.handle(CatFilter.java:305)
	at com.dianping.cat.servlet.CatFilter$Context.handle(CatFilter.java:393)
	at com.dianping.cat.servlet.CatFilter$CatHandler$2.handle(CatFilter.java:202)
	at com.dianping.cat.servlet.CatFilter$Context.handle(CatFilter.java:393)
	at com.dianping.cat.servlet.CatFilter$CatHandler$1.handle(CatFilter.java:110)
	at com.dianping.cat.servlet.CatFilter$Context.handle(CatFilter.java:393)
	at com.dianping.cat.servlet.CatFilter.doFilter(CatFilter.java:48)
	at org.apache.catalina.core.ApplicationFilterChain.internalDoFilter(ApplicationFilterChain.java:241)
	at org.apache.catalina.core.ApplicationFilterChain.doFilter(ApplicationFilterChain.java:208)
	at org.apache.catalina.core.StandardWrapperValve.invoke(StandardWrapperValve.java:220)
	at org.apache.catalina.core.StandardContextValve.invoke(StandardContextValve.java:122)
	at org.apache.catalina.authenticator.AuthenticatorBase.invoke(AuthenticatorBase.java:505)
	at org.apache.catalina.core.StandardHostValve.invoke(StandardHostValve.java:170)
	at org.apache.catalina.valves.ErrorReportValve.invoke(ErrorReportValve.java:103)
	at org.apache.catalina.valves.AccessLogValve.invoke(AccessLogValve.java:957)
	at org.apache.catalina.core.StandardEngineValve.invoke(StandardEngineValve.java:116)
	at org.apache.catalina.connector.CoyoteAdapter.service(CoyoteAdapter.java:423)
	at org.apache.coyote.http11.AbstractHttp11Processor.process(AbstractHttp11Processor.java:1079)
	at org.apache.coyote.AbstractProtocol$AbstractConnectionHandler.process(AbstractProtocol.java:620)
	at org.apache.tomcat.util.net.JIoEndpoint$SocketProcessor.run(JIoEndpoint.java:316)
	at java.util.concurrent.ThreadPoolExecutor.runWorker(ThreadPoolExecutor.java:1145)
	at java.util.concurrent.ThreadPoolExecutor$Worker.run(ThreadPoolExecutor.java:615)
	at org.apache.tomcat.util.threads.TaskThread$WrappingRunnable.run(TaskThread.java:61)
	at java.lang.Thread.run(Thread.java:745)

八月 18, 2015 1:52:22 下午 org.apache.catalina.core.ApplicationDispatcher invoke
严重: Servlet.service() for servlet jsp threw exception
java.lang.NoSuchMethodError: org.apache.jasper.runtime.JspApplicationContextImpl.findJspApplicationContext(Ljavax/servlet/ServletContext;)Lorg/apache/jasper/runtime/JspApplicationContextImpl;
	at org.apache.jasper.runtime.JspFactoryImpl.getJspApplicationContext(JspFactoryImpl.java:138)
	at org.apache.jasper.compiler.Validator$ValidateVisitor.<init>(Validator.java:515)
	at org.apache.jasper.compiler.Validator.validateExDirectives(Validator.java:1845)
	at org.apache.jasper.compiler.Compiler.generateJava(Compiler.java:218)
	at org.apache.jasper.compiler.Compiler.compile(Compiler.java:374)
	at org.apache.jasper.compiler.Compiler.compile(Compiler.java:354)
	at org.apache.jasper.compiler.Compiler.compile(Compiler.java:341)
	at org.apache.jasper.JspCompilationContext.compile(JspCompilationContext.java:662)
	at org.apache.jasper.servlet.JspServletWrapper.service(JspServletWrapper.java:364)
	at org.apache.jasper.servlet.JspServlet.serviceJspFile(JspServlet.java:395)
	at org.apache.jasper.servlet.JspServlet.service(JspServlet.java:339)
	at javax.servlet.http.HttpServlet.service(HttpServlet.java:731)
	at org.apache.catalina.core.ApplicationFilterChain.internalDoFilter(ApplicationFilterChain.java:303)
	at org.apache.catalina.core.ApplicationFilterChain.doFilter(ApplicationFilterChain.java:208)
	at org.apache.tomcat.websocket.server.WsFilter.doFilter(WsFilter.java:52)
	at org.apache.catalina.core.ApplicationFilterChain.internalDoFilter(ApplicationFilterChain.java:241)
	at org.apache.catalina.core.ApplicationFilterChain.doFilter(ApplicationFilterChain.java:208)
	at com.dianping.cat.servlet.CatFilter$Context.handle(CatFilter.java:395)
	at com.dianping.cat.servlet.CatFilter$CatHandler$3.handle(CatFilter.java:219)
	at com.dianping.cat.servlet.CatFilter$Context.handle(CatFilter.java:393)
	at com.dianping.cat.servlet.CatFilter$CatHandler$4.handle(CatFilter.java:305)
	at com.dianping.cat.servlet.CatFilter$Context.handle(CatFilter.java:393)
	at com.dianping.cat.servlet.CatFilter$CatHandler$2.handle(CatFilter.java:202)
	at com.dianping.cat.servlet.CatFilter$Context.handle(CatFilter.java:393)
	at com.dianping.cat.servlet.CatFilter$CatHandler$1.handle(CatFilter.java:110)
	at com.dianping.cat.servlet.CatFilter$Context.handle(CatFilter.java:393)
	at com.dianping.cat.servlet.CatFilter.doFilter(CatFilter.java:48)
	at org.apache.catalina.core.ApplicationFilterChain.internalDoFilter(ApplicationFilterChain.java:241)
	at org.apache.catalina.core.ApplicationFilterChain.doFilter(ApplicationFilterChain.java:208)
	at org.apache.catalina.core.ApplicationDispatcher.invoke(ApplicationDispatcher.java:748)
	at org.apache.catalina.core.ApplicationDispatcher.processRequest(ApplicationDispatcher.java:486)
	at org.apache.catalina.core.ApplicationDispatcher.doForward(ApplicationDispatcher.java:411)
	at org.apache.catalina.core.ApplicationDispatcher.forward(ApplicationDispatcher.java:338)
	at org.unidal.web.mvc.view.BaseJspViewer.view(BaseJspViewer.java:39)
	at com.dianping.cat.report.page.network.Handler.handleOutbound(Handler.java:74)
	at sun.reflect.NativeMethodAccessorImpl.invoke0(Native Method)
	at sun.reflect.NativeMethodAccessorImpl.invoke(NativeMethodAccessorImpl.java:57)
	at sun.reflect.DelegatingMethodAccessorImpl.invoke(DelegatingMethodAccessorImpl.java:43)
	at java.lang.reflect.Method.invoke(Method.java:606)
	at org.unidal.lookup.util.ReflectUtils.invokeMethod(ReflectUtils.java:49)
	at org.unidal.web.mvc.lifecycle.DefaultOutboundActionHandler.handle(DefaultOutboundActionHandler.java:29)
	at org.unidal.web.mvc.lifecycle.DefaultRequestLifecycle.handleOutboundAction(DefaultRequestLifecycle.java:111)
	at org.unidal.web.mvc.lifecycle.DefaultRequestLifecycle.handleRequest(DefaultRequestLifecycle.java:186)
	at org.unidal.web.mvc.lifecycle.DefaultRequestLifecycle.handle(DefaultRequestLifecycle.java:63)
	at org.unidal.web.MVC.service(MVC.java:90)
	at javax.servlet.http.HttpServlet.service(HttpServlet.java:731)
	at org.apache.catalina.core.ApplicationFilterChain.internalDoFilter(ApplicationFilterChain.java:303)
	at org.apache.catalina.core.ApplicationFilterChain.doFilter(ApplicationFilterChain.java:208)
	at org.apache.tomcat.websocket.server.WsFilter.doFilter(WsFilter.java:52)
	at org.apache.catalina.core.ApplicationFilterChain.internalDoFilter(ApplicationFilterChain.java:241)
	at org.apache.catalina.core.ApplicationFilterChain.doFilter(ApplicationFilterChain.java:208)
	at com.dianping.cat.report.view.DomainFilter.doFilter(DomainFilter.java:83)
	at org.apache.catalina.core.ApplicationFilterChain.internalDoFilter(ApplicationFilterChain.java:241)
	at org.apache.catalina.core.ApplicationFilterChain.doFilter(ApplicationFilterChain.java:208)
	at com.dianping.cat.servlet.CatFilter$Context.handle(CatFilter.java:395)
	at com.dianping.cat.servlet.CatFilter$CatHandler$3.handle(CatFilter.java:219)
	at com.dianping.cat.servlet.CatFilter$Context.handle(CatFilter.java:393)
	at com.dianping.cat.servlet.CatFilter$CatHandler$4.handle(CatFilter.java:305)
	at com.dianping.cat.servlet.CatFilter$Context.handle(CatFilter.java:393)
	at com.dianping.cat.servlet.CatFilter$CatHandler$2.handle(CatFilter.java:202)
	at com.dianping.cat.servlet.CatFilter$Context.handle(CatFilter.java:393)
	at com.dianping.cat.servlet.CatFilter$CatHandler$1.handle(CatFilter.java:110)
	at com.dianping.cat.servlet.CatFilter$Context.handle(CatFilter.java:393)
	at com.dianping.cat.servlet.CatFilter.doFilter(CatFilter.java:48)
	at org.apache.catalina.core.ApplicationFilterChain.internalDoFilter(ApplicationFilterChain.java:241)
	at org.apache.catalina.core.ApplicationFilterChain.doFilter(ApplicationFilterChain.java:208)
	at org.apache.catalina.core.StandardWrapperValve.invoke(StandardWrapperValve.java:220)
	at org.apache.catalina.core.StandardContextValve.invoke(StandardContextValve.java:122)
	at org.apache.catalina.authenticator.AuthenticatorBase.invoke(AuthenticatorBase.java:505)
	at org.apache.catalina.core.StandardHostValve.invoke(StandardHostValve.java:170)
	at org.apache.catalina.valves.ErrorReportValve.invoke(ErrorReportValve.java:103)
	at org.apache.catalina.valves.AccessLogValve.invoke(AccessLogValve.java:957)
	at org.apache.catalina.core.StandardEngineValve.invoke(StandardEngineValve.java:116)
	at org.apache.catalina.connector.CoyoteAdapter.service(CoyoteAdapter.java:423)
	at org.apache.coyote.http11.AbstractHttp11Processor.process(AbstractHttp11Processor.java:1079)
	at org.apache.coyote.AbstractProtocol$AbstractConnectionHandler.process(AbstractProtocol.java:620)
	at org.apache.tomcat.util.net.JIoEndpoint$SocketProcessor.run(JIoEndpoint.java:318)
	at java.util.concurrent.ThreadPoolExecutor.runWorker(ThreadPoolExecutor.java:1145)
	at java.util.concurrent.ThreadPoolExecutor$Worker.run(ThreadPoolExecutor.java:615)
	at org.apache.tomcat.util.threads.TaskThread$WrappingRunnable.run(TaskThread.java:61)
	at java.lang.Thread.run(Thread.java:745)

八月 18, 2015 1:52:24 下午 org.apache.catalina.core.ApplicationDispatcher invoke
严重: Servlet.service() for servlet jsp threw exception
java.lang.ClassNotFoundException: org.apache.jsp.jsp.report.network.nettopology_jsp
	at java.net.URLClassLoader$1.run(URLClassLoader.java:366)
	at java.net.URLClassLoader$1.run(URLClassLoader.java:355)
	at java.security.AccessController.doPrivileged(Native Method)
	at java.net.URLClassLoader.findClass(URLClassLoader.java:354)
	at org.apache.jasper.servlet.JasperLoader.loadClass(JasperLoader.java:132)
	at org.apache.jasper.servlet.JasperLoader.loadClass(JasperLoader.java:63)
	at org.apache.catalina.core.DefaultInstanceManager.newInstance(DefaultInstanceManager.java:121)
	at org.apache.jasper.servlet.JspServletWrapper.getServlet(JspServletWrapper.java:172)
	at org.apache.jasper.servlet.JspServletWrapper.service(JspServletWrapper.java:376)
	at org.apache.jasper.servlet.JspServlet.serviceJspFile(JspServlet.java:395)
	at org.apache.jasper.servlet.JspServlet.service(JspServlet.java:339)
	at javax.servlet.http.HttpServlet.service(HttpServlet.java:731)
	at org.apache.catalina.core.ApplicationFilterChain.internalDoFilter(ApplicationFilterChain.java:303)
	at org.apache.catalina.core.ApplicationFilterChain.doFilter(ApplicationFilterChain.java:208)
	at org.apache.tomcat.websocket.server.WsFilter.doFilter(WsFilter.java:52)
	at org.apache.catalina.core.ApplicationFilterChain.internalDoFilter(ApplicationFilterChain.java:241)
	at org.apache.catalina.core.ApplicationFilterChain.doFilter(ApplicationFilterChain.java:208)
	at com.dianping.cat.servlet.CatFilter$Context.handle(CatFilter.java:395)
	at com.dianping.cat.servlet.CatFilter$CatHandler$3.handle(CatFilter.java:219)
	at com.dianping.cat.servlet.CatFilter$Context.handle(CatFilter.java:393)
	at com.dianping.cat.servlet.CatFilter$CatHandler$4.handle(CatFilter.java:305)
	at com.dianping.cat.servlet.CatFilter$Context.handle(CatFilter.java:393)
	at com.dianping.cat.servlet.CatFilter$CatHandler$2.handle(CatFilter.java:202)
	at com.dianping.cat.servlet.CatFilter$Context.handle(CatFilter.java:393)
	at com.dianping.cat.servlet.CatFilter$CatHandler$1.handle(CatFilter.java:110)
	at com.dianping.cat.servlet.CatFilter$Context.handle(CatFilter.java:393)
	at com.dianping.cat.servlet.CatFilter.doFilter(CatFilter.java:48)
	at org.apache.catalina.core.ApplicationFilterChain.internalDoFilter(ApplicationFilterChain.java:241)
	at org.apache.catalina.core.ApplicationFilterChain.doFilter(ApplicationFilterChain.java:208)
	at org.apache.catalina.core.ApplicationDispatcher.invoke(ApplicationDispatcher.java:748)
	at org.apache.catalina.core.ApplicationDispatcher.processRequest(ApplicationDispatcher.java:486)
	at org.apache.catalina.core.ApplicationDispatcher.doForward(ApplicationDispatcher.java:411)
	at org.apache.catalina.core.ApplicationDispatcher.forward(ApplicationDispatcher.java:338)
	at org.unidal.web.mvc.view.BaseJspViewer.view(BaseJspViewer.java:39)
	at com.dianping.cat.report.page.network.Handler.handleOutbound(Handler.java:74)
	at sun.reflect.NativeMethodAccessorImpl.invoke0(Native Method)
	at sun.reflect.NativeMethodAccessorImpl.invoke(NativeMethodAccessorImpl.java:57)
	at sun.reflect.DelegatingMethodAccessorImpl.invoke(DelegatingMethodAccessorImpl.java:43)
	at java.lang.reflect.Method.invoke(Method.java:606)
	at org.unidal.lookup.util.ReflectUtils.invokeMethod(ReflectUtils.java:49)
	at org.unidal.web.mvc.lifecycle.DefaultOutboundActionHandler.handle(DefaultOutboundActionHandler.java:29)
	at org.unidal.web.mvc.lifecycle.DefaultRequestLifecycle.handleOutboundAction(DefaultRequestLifecycle.java:111)
	at org.unidal.web.mvc.lifecycle.DefaultRequestLifecycle.handleRequest(DefaultRequestLifecycle.java:186)
	at org.unidal.web.mvc.lifecycle.DefaultRequestLifecycle.handle(DefaultRequestLifecycle.java:63)
	at org.unidal.web.MVC.service(MVC.java:90)
	at javax.servlet.http.HttpServlet.service(HttpServlet.java:731)
	at org.apache.catalina.core.ApplicationFilterChain.internalDoFilter(ApplicationFilterChain.java:303)
	at org.apache.catalina.core.ApplicationFilterChain.doFilter(ApplicationFilterChain.java:208)
	at org.apache.tomcat.websocket.server.WsFilter.doFilter(WsFilter.java:52)
	at org.apache.catalina.core.ApplicationFilterChain.internalDoFilter(ApplicationFilterChain.java:241)
	at org.apache.catalina.core.ApplicationFilterChain.doFilter(ApplicationFilterChain.java:208)
	at com.dianping.cat.report.view.DomainFilter.doFilter(DomainFilter.java:83)
	at org.apache.catalina.core.ApplicationFilterChain.internalDoFilter(ApplicationFilterChain.java:241)
	at org.apache.catalina.core.ApplicationFilterChain.doFilter(ApplicationFilterChain.java:208)
	at com.dianping.cat.servlet.CatFilter$Context.handle(CatFilter.java:395)
	at com.dianping.cat.servlet.CatFilter$CatHandler$3.handle(CatFilter.java:219)
	at com.dianping.cat.servlet.CatFilter$Context.handle(CatFilter.java:393)
	at com.dianping.cat.servlet.CatFilter$CatHandler$4.handle(CatFilter.java:305)
	at com.dianping.cat.servlet.CatFilter$Context.handle(CatFilter.java:393)
	at com.dianping.cat.servlet.CatFilter$CatHandler$2.handle(CatFilter.java:202)
	at com.dianping.cat.servlet.CatFilter$Context.handle(CatFilter.java:393)
	at com.dianping.cat.servlet.CatFilter$CatHandler$1.handle(CatFilter.java:110)
	at com.dianping.cat.servlet.CatFilter$Context.handle(CatFilter.java:393)
	at com.dianping.cat.servlet.CatFilter.doFilter(CatFilter.java:48)
	at org.apache.catalina.core.ApplicationFilterChain.internalDoFilter(ApplicationFilterChain.java:241)
	at org.apache.catalina.core.ApplicationFilterChain.doFilter(ApplicationFilterChain.java:208)
	at org.apache.catalina.core.StandardWrapperValve.invoke(StandardWrapperValve.java:220)
	at org.apache.catalina.core.StandardContextValve.invoke(StandardContextValve.java:122)
	at org.apache.catalina.authenticator.AuthenticatorBase.invoke(AuthenticatorBase.java:505)
	at org.apache.catalina.core.StandardHostValve.invoke(StandardHostValve.java:170)
	at org.apache.catalina.valves.ErrorReportValve.invoke(ErrorReportValve.java:103)
	at org.apache.catalina.valves.AccessLogValve.invoke(AccessLogValve.java:957)
	at org.apache.catalina.core.StandardEngineValve.invoke(StandardEngineValve.java:116)
	at org.apache.catalina.connector.CoyoteAdapter.service(CoyoteAdapter.java:423)
	at org.apache.coyote.http11.AbstractHttp11Processor.process(AbstractHttp11Processor.java:1079)
	at org.apache.coyote.AbstractProtocol$AbstractConnectionHandler.process(AbstractProtocol.java:620)
	at org.apache.tomcat.util.net.JIoEndpoint$SocketProcessor.run(JIoEndpoint.java:318)
	at java.util.concurrent.ThreadPoolExecutor.runWorker(ThreadPoolExecutor.java:1145)
	at java.util.concurrent.ThreadPoolExecutor$Worker.run(ThreadPoolExecutor.java:615)
	at org.apache.tomcat.util.threads.TaskThread$WrappingRunnable.run(TaskThread.java:61)
	at java.lang.Thread.run(Thread.java:745)

八月 18, 2015 1:53:00 下午 org.apache.catalina.core.ApplicationContext log
严重: Servlet jsp threw unload() exception
javax.servlet.ServletException: Servlet.destroy() for servlet jsp threw exception
	at org.apache.catalina.core.StandardWrapper.unload(StandardWrapper.java:1507)
	at org.apache.catalina.core.StandardWrapper.stopInternal(StandardWrapper.java:1847)
	at org.apache.catalina.util.LifecycleBase.stop(LifecycleBase.java:232)
	at org.apache.catalina.core.StandardContext.stopInternal(StandardContext.java:5711)
	at org.apache.catalina.util.LifecycleBase.stop(LifecycleBase.java:232)
	at org.apache.catalina.core.ContainerBase.removeChild(ContainerBase.java:1028)
	at org.apache.catalina.startup.HostConfig.undeploy(HostConfig.java:1547)
	at org.apache.catalina.startup.HostConfig.checkResources(HostConfig.java:1474)
	at org.apache.catalina.startup.HostConfig.check(HostConfig.java:1695)
	at org.apache.catalina.startup.HostConfig.lifecycleEvent(HostConfig.java:333)
	at org.apache.catalina.util.LifecycleSupport.fireLifecycleEvent(LifecycleSupport.java:117)
	at org.apache.catalina.util.LifecycleBase.fireLifecycleEvent(LifecycleBase.java:90)
	at org.apache.catalina.core.ContainerBase.backgroundProcess(ContainerBase.java:1374)
	at org.apache.catalina.core.ContainerBase$ContainerBackgroundProcessor.processChildren(ContainerBase.java:1546)
	at org.apache.catalina.core.ContainerBase$ContainerBackgroundProcessor.processChildren(ContainerBase.java:1556)
	at org.apache.catalina.core.ContainerBase$ContainerBackgroundProcessor.run(ContainerBase.java:1524)
	at java.lang.Thread.run(Thread.java:745)
Caused by: java.lang.NoSuchMethodError: org.apache.jasper.runtime.JspApplicationContextImpl.removeJspApplicationContext(Ljavax/servlet/ServletContext;)V
	at org.apache.jasper.servlet.JspServlet.destroy(JspServlet.java:411)
	at org.apache.catalina.core.StandardWrapper.unload(StandardWrapper.java:1486)
	... 16 more

八月 18, 2015 3:01:39 下午 org.apache.catalina.core.ApplicationDispatcher invoke
严重: Servlet.service() for servlet jsp threw exception
javax.el.ELException: Cannot convert s1-small-dnsLookup of type class java.lang.String to class java.lang.Long
	at org.apache.el.lang.ELSupport.coerceToNumber(ELSupport.java:303)
	at org.apache.el.lang.ELSupport.coerceToNumber(ELSupport.java:282)
	at org.apache.el.lang.ELSupport.equals(ELSupport.java:142)
	at org.apache.el.parser.AstNotEqual.getValue(AstNotEqual.java:39)
	at org.apache.el.ValueExpressionImpl.getValue(ValueExpressionImpl.java:184)
	at org.apache.jasper.runtime.PageContextImpl.proprietaryEvaluate(PageContextImpl.java:944)
	at org.apache.jsp.jsp.system.webRule.webRule_jsp._jspx_meth_c_005fwhen_005f0(webRule_jsp.java:489)
	at org.apache.jsp.jsp.system.webRule.webRule_jsp._jspx_meth_c_005fchoose_005f0(webRule_jsp.java:459)
	at org.apache.jsp.jsp.system.webRule.webRule_jsp._jspx_meth_c_005fforEach_005f0(webRule_jsp.java:217)
	at org.apache.jsp.jsp.system.webRule.webRule_jsp.access$0(webRule_jsp.java:160)
	at org.apache.jsp.jsp.system.webRule.webRule_jsp$Helper.invoke0(webRule_jsp.java:1222)
	at org.apache.jsp.jsp.system.webRule.webRule_jsp$Helper.invoke(webRule_jsp.java:1243)
	at org.apache.jsp.tag.webconfig_tag$Helper.invoke0(webconfig_tag.java:340)
	at org.apache.jsp.tag.webconfig_tag$Helper.invoke(webconfig_tag.java:361)
	at org.apache.jsp.tag.webbase_tag.doTag(webbase_tag.java:201)
	at org.apache.jsp.tag.webconfig_tag._jspx_meth_a_005fbase_005f0(webconfig_tag.java:115)
	at org.apache.jsp.tag.webconfig_tag.doTag(webconfig_tag.java:73)
	at org.apache.jsp.jsp.system.webRule.webRule_jsp._jspx_meth_a_005fconfig_005f0(webRule_jsp.java:155)
	at org.apache.jsp.jsp.system.webRule.webRule_jsp._jspService(webRule_jsp.java:124)
	at org.apache.jasper.runtime.HttpJspBase.service(HttpJspBase.java:70)
	at javax.servlet.http.HttpServlet.service(HttpServlet.java:731)
	at org.apache.jasper.servlet.JspServletWrapper.service(JspServletWrapper.java:439)
	at org.apache.jasper.servlet.JspServlet.serviceJspFile(JspServlet.java:395)
	at org.apache.jasper.servlet.JspServlet.service(JspServlet.java:339)
	at javax.servlet.http.HttpServlet.service(HttpServlet.java:731)
	at org.apache.catalina.core.ApplicationFilterChain.internalDoFilter(ApplicationFilterChain.java:303)
	at org.apache.catalina.core.ApplicationFilterChain.doFilter(ApplicationFilterChain.java:208)
	at org.apache.tomcat.websocket.server.WsFilter.doFilter(WsFilter.java:52)
	at org.apache.catalina.core.ApplicationFilterChain.internalDoFilter(ApplicationFilterChain.java:241)
	at org.apache.catalina.core.ApplicationFilterChain.doFilter(ApplicationFilterChain.java:208)
	at com.dianping.cat.servlet.CatFilter$Context.handle(CatFilter.java:395)
	at com.dianping.cat.servlet.CatFilter$CatHandler$3.handle(CatFilter.java:219)
	at com.dianping.cat.servlet.CatFilter$Context.handle(CatFilter.java:393)
	at com.dianping.cat.servlet.CatFilter$CatHandler$4.handle(CatFilter.java:305)
	at com.dianping.cat.servlet.CatFilter$Context.handle(CatFilter.java:393)
	at com.dianping.cat.servlet.CatFilter$CatHandler$2.handle(CatFilter.java:202)
	at com.dianping.cat.servlet.CatFilter$Context.handle(CatFilter.java:393)
	at com.dianping.cat.servlet.CatFilter$CatHandler$1.handle(CatFilter.java:110)
	at com.dianping.cat.servlet.CatFilter$Context.handle(CatFilter.java:393)
	at com.dianping.cat.servlet.CatFilter.doFilter(CatFilter.java:48)
	at org.apache.catalina.core.ApplicationFilterChain.internalDoFilter(ApplicationFilterChain.java:241)
	at org.apache.catalina.core.ApplicationFilterChain.doFilter(ApplicationFilterChain.java:208)
	at org.apache.catalina.core.ApplicationDispatcher.invoke(ApplicationDispatcher.java:748)
	at org.apache.catalina.core.ApplicationDispatcher.processRequest(ApplicationDispatcher.java:486)
	at org.apache.catalina.core.ApplicationDispatcher.doForward(ApplicationDispatcher.java:411)
	at org.apache.catalina.core.ApplicationDispatcher.forward(ApplicationDispatcher.java:338)
	at org.unidal.web.mvc.view.BaseJspViewer.view(BaseJspViewer.java:39)
	at com.dianping.cat.system.page.config.Handler.handleOutbound(Handler.java:269)
	at sun.reflect.GeneratedMethodAccessor110.invoke(Unknown Source)
	at sun.reflect.DelegatingMethodAccessorImpl.invoke(DelegatingMethodAccessorImpl.java:43)
	at java.lang.reflect.Method.invoke(Method.java:606)
	at org.unidal.lookup.util.ReflectUtils.invokeMethod(ReflectUtils.java:49)
	at org.unidal.web.mvc.lifecycle.DefaultOutboundActionHandler.handle(DefaultOutboundActionHandler.java:29)
	at org.unidal.web.mvc.lifecycle.DefaultRequestLifecycle.handleOutboundAction(DefaultRequestLifecycle.java:111)
	at org.unidal.web.mvc.lifecycle.DefaultRequestLifecycle.handleRequest(DefaultRequestLifecycle.java:186)
	at org.unidal.web.mvc.lifecycle.DefaultRequestLifecycle.handle(DefaultRequestLifecycle.java:63)
	at org.unidal.web.MVC.service(MVC.java:90)
	at javax.servlet.http.HttpServlet.service(HttpServlet.java:731)
	at org.apache.catalina.core.ApplicationFilterChain.internalDoFilter(ApplicationFilterChain.java:303)
	at org.apache.catalina.core.ApplicationFilterChain.doFilter(ApplicationFilterChain.java:208)
	at org.apache.tomcat.websocket.server.WsFilter.doFilter(WsFilter.java:52)
	at org.apache.catalina.core.ApplicationFilterChain.internalDoFilter(ApplicationFilterChain.java:241)
	at org.apache.catalina.core.ApplicationFilterChain.doFilter(ApplicationFilterChain.java:208)
	at com.dianping.cat.servlet.CatFilter$Context.handle(CatFilter.java:395)
	at com.dianping.cat.servlet.CatFilter$CatHandler$3.handle(CatFilter.java:219)
	at com.dianping.cat.servlet.CatFilter$Context.handle(CatFilter.java:393)
	at com.dianping.cat.servlet.CatFilter$CatHandler$4.handle(CatFilter.java:305)
	at com.dianping.cat.servlet.CatFilter$Context.handle(CatFilter.java:393)
	at com.dianping.cat.servlet.CatFilter$CatHandler$2.handle(CatFilter.java:202)
	at com.dianping.cat.servlet.CatFilter$Context.handle(CatFilter.java:393)
	at com.dianping.cat.servlet.CatFilter$CatHandler$1.handle(CatFilter.java:110)
	at com.dianping.cat.servlet.CatFilter$Context.handle(CatFilter.java:393)
	at com.dianping.cat.servlet.CatFilter.doFilter(CatFilter.java:48)
	at org.apache.catalina.core.ApplicationFilterChain.internalDoFilter(ApplicationFilterChain.java:241)
	at org.apache.catalina.core.ApplicationFilterChain.doFilter(ApplicationFilterChain.java:208)
	at org.apache.catalina.core.StandardWrapperValve.invoke(StandardWrapperValve.java:220)
	at org.apache.catalina.core.StandardContextValve.invoke(StandardContextValve.java:122)
	at org.apache.catalina.authenticator.AuthenticatorBase.invoke(AuthenticatorBase.java:505)
	at org.apache.catalina.core.StandardHostValve.invoke(StandardHostValve.java:170)
	at org.apache.catalina.valves.ErrorReportValve.invoke(ErrorReportValve.java:103)
	at org.apache.catalina.valves.AccessLogValve.invoke(AccessLogValve.java:957)
	at org.apache.catalina.core.StandardEngineValve.invoke(StandardEngineValve.java:116)
	at org.apache.catalina.connector.CoyoteAdapter.service(CoyoteAdapter.java:423)
	at org.apache.coyote.http11.AbstractHttp11Processor.process(AbstractHttp11Processor.java:1079)
	at org.apache.coyote.AbstractProtocol$AbstractConnectionHandler.process(AbstractProtocol.java:620)
	at org.apache.tomcat.util.net.JIoEndpoint$SocketProcessor.run(JIoEndpoint.java:318)
	at java.util.concurrent.ThreadPoolExecutor.runWorker(ThreadPoolExecutor.java:1145)
	at java.util.concurrent.ThreadPoolExecutor$Worker.run(ThreadPoolExecutor.java:615)
	at org.apache.tomcat.util.threads.TaskThread$WrappingRunnable.run(TaskThread.java:61)
	at java.lang.Thread.run(Thread.java:745)

八月 18, 2015 3:01:43 下午 org.apache.catalina.core.ApplicationDispatcher invoke
严重: Servlet.service() for servlet jsp threw exception
javax.el.ELException: Cannot convert s1-small-dnsLookup of type class java.lang.String to class java.lang.Long
	at org.apache.el.lang.ELSupport.coerceToNumber(ELSupport.java:303)
	at org.apache.el.lang.ELSupport.coerceToNumber(ELSupport.java:282)
	at org.apache.el.lang.ELSupport.equals(ELSupport.java:142)
	at org.apache.el.parser.AstNotEqual.getValue(AstNotEqual.java:39)
	at org.apache.el.ValueExpressionImpl.getValue(ValueExpressionImpl.java:184)
	at org.apache.jasper.runtime.PageContextImpl.proprietaryEvaluate(PageContextImpl.java:944)
	at org.apache.jsp.jsp.system.webRule.webRule_jsp._jspx_meth_c_005fwhen_005f0(webRule_jsp.java:489)
	at org.apache.jsp.jsp.system.webRule.webRule_jsp._jspx_meth_c_005fchoose_005f0(webRule_jsp.java:459)
	at org.apache.jsp.jsp.system.webRule.webRule_jsp._jspx_meth_c_005fforEach_005f0(webRule_jsp.java:217)
	at org.apache.jsp.jsp.system.webRule.webRule_jsp.access$0(webRule_jsp.java:160)
	at org.apache.jsp.jsp.system.webRule.webRule_jsp$Helper.invoke0(webRule_jsp.java:1222)
	at org.apache.jsp.jsp.system.webRule.webRule_jsp$Helper.invoke(webRule_jsp.java:1243)
	at org.apache.jsp.tag.webconfig_tag$Helper.invoke0(webconfig_tag.java:340)
	at org.apache.jsp.tag.webconfig_tag$Helper.invoke(webconfig_tag.java:361)
	at org.apache.jsp.tag.webbase_tag.doTag(webbase_tag.java:201)
	at org.apache.jsp.tag.webconfig_tag._jspx_meth_a_005fbase_005f0(webconfig_tag.java:115)
	at org.apache.jsp.tag.webconfig_tag.doTag(webconfig_tag.java:73)
	at org.apache.jsp.jsp.system.webRule.webRule_jsp._jspx_meth_a_005fconfig_005f0(webRule_jsp.java:155)
	at org.apache.jsp.jsp.system.webRule.webRule_jsp._jspService(webRule_jsp.java:124)
	at org.apache.jasper.runtime.HttpJspBase.service(HttpJspBase.java:70)
	at javax.servlet.http.HttpServlet.service(HttpServlet.java:731)
	at org.apache.jasper.servlet.JspServletWrapper.service(JspServletWrapper.java:439)
	at org.apache.jasper.servlet.JspServlet.serviceJspFile(JspServlet.java:395)
	at org.apache.jasper.servlet.JspServlet.service(JspServlet.java:339)
	at javax.servlet.http.HttpServlet.service(HttpServlet.java:731)
	at org.apache.catalina.core.ApplicationFilterChain.internalDoFilter(ApplicationFilterChain.java:303)
	at org.apache.catalina.core.ApplicationFilterChain.doFilter(ApplicationFilterChain.java:208)
	at org.apache.tomcat.websocket.server.WsFilter.doFilter(WsFilter.java:52)
	at org.apache.catalina.core.ApplicationFilterChain.internalDoFilter(ApplicationFilterChain.java:241)
	at org.apache.catalina.core.ApplicationFilterChain.doFilter(ApplicationFilterChain.java:208)
	at com.dianping.cat.servlet.CatFilter$Context.handle(CatFilter.java:395)
	at com.dianping.cat.servlet.CatFilter$CatHandler$3.handle(CatFilter.java:219)
	at com.dianping.cat.servlet.CatFilter$Context.handle(CatFilter.java:393)
	at com.dianping.cat.servlet.CatFilter$CatHandler$4.handle(CatFilter.java:305)
	at com.dianping.cat.servlet.CatFilter$Context.handle(CatFilter.java:393)
	at com.dianping.cat.servlet.CatFilter$CatHandler$2.handle(CatFilter.java:202)
	at com.dianping.cat.servlet.CatFilter$Context.handle(CatFilter.java:393)
	at com.dianping.cat.servlet.CatFilter$CatHandler$1.handle(CatFilter.java:110)
	at com.dianping.cat.servlet.CatFilter$Context.handle(CatFilter.java:393)
	at com.dianping.cat.servlet.CatFilter.doFilter(CatFilter.java:48)
	at org.apache.catalina.core.ApplicationFilterChain.internalDoFilter(ApplicationFilterChain.java:241)
	at org.apache.catalina.core.ApplicationFilterChain.doFilter(ApplicationFilterChain.java:208)
	at org.apache.catalina.core.ApplicationDispatcher.invoke(ApplicationDispatcher.java:748)
	at org.apache.catalina.core.ApplicationDispatcher.processRequest(ApplicationDispatcher.java:486)
	at org.apache.catalina.core.ApplicationDispatcher.doForward(ApplicationDispatcher.java:411)
	at org.apache.catalina.core.ApplicationDispatcher.forward(ApplicationDispatcher.java:338)
	at org.unidal.web.mvc.view.BaseJspViewer.view(BaseJspViewer.java:39)
	at com.dianping.cat.system.page.config.Handler.handleOutbound(Handler.java:269)
	at sun.reflect.GeneratedMethodAccessor110.invoke(Unknown Source)
	at sun.reflect.DelegatingMethodAccessorImpl.invoke(DelegatingMethodAccessorImpl.java:43)
	at java.lang.reflect.Method.invoke(Method.java:606)
	at org.unidal.lookup.util.ReflectUtils.invokeMethod(ReflectUtils.java:49)
	at org.unidal.web.mvc.lifecycle.DefaultOutboundActionHandler.handle(DefaultOutboundActionHandler.java:29)
	at org.unidal.web.mvc.lifecycle.DefaultRequestLifecycle.handleOutboundAction(DefaultRequestLifecycle.java:111)
	at org.unidal.web.mvc.lifecycle.DefaultRequestLifecycle.handleRequest(DefaultRequestLifecycle.java:186)
	at org.unidal.web.mvc.lifecycle.DefaultRequestLifecycle.handle(DefaultRequestLifecycle.java:63)
	at org.unidal.web.MVC.service(MVC.java:90)
	at javax.servlet.http.HttpServlet.service(HttpServlet.java:731)
	at org.apache.catalina.core.ApplicationFilterChain.internalDoFilter(ApplicationFilterChain.java:303)
	at org.apache.catalina.core.ApplicationFilterChain.doFilter(ApplicationFilterChain.java:208)
	at org.apache.tomcat.websocket.server.WsFilter.doFilter(WsFilter.java:52)
	at org.apache.catalina.core.ApplicationFilterChain.internalDoFilter(ApplicationFilterChain.java:241)
	at org.apache.catalina.core.ApplicationFilterChain.doFilter(ApplicationFilterChain.java:208)
	at com.dianping.cat.servlet.CatFilter$Context.handle(CatFilter.java:395)
	at com.dianping.cat.servlet.CatFilter$CatHandler$3.handle(CatFilter.java:219)
	at com.dianping.cat.servlet.CatFilter$Context.handle(CatFilter.java:393)
	at com.dianping.cat.servlet.CatFilter$CatHandler$4.handle(CatFilter.java:305)
	at com.dianping.cat.servlet.CatFilter$Context.handle(CatFilter.java:393)
	at com.dianping.cat.servlet.CatFilter$CatHandler$2.handle(CatFilter.java:202)
	at com.dianping.cat.servlet.CatFilter$Context.handle(CatFilter.java:393)
	at com.dianping.cat.servlet.CatFilter$CatHandler$1.handle(CatFilter.java:110)
	at com.dianping.cat.servlet.CatFilter$Context.handle(CatFilter.java:393)
	at com.dianping.cat.servlet.CatFilter.doFilter(CatFilter.java:48)
	at org.apache.catalina.core.ApplicationFilterChain.internalDoFilter(ApplicationFilterChain.java:241)
	at org.apache.catalina.core.ApplicationFilterChain.doFilter(ApplicationFilterChain.java:208)
	at org.apache.catalina.core.StandardWrapperValve.invoke(StandardWrapperValve.java:220)
	at org.apache.catalina.core.StandardContextValve.invoke(StandardContextValve.java:122)
	at org.apache.catalina.authenticator.AuthenticatorBase.invoke(AuthenticatorBase.java:505)
	at org.apache.catalina.core.StandardHostValve.invoke(StandardHostValve.java:170)
	at org.apache.catalina.valves.ErrorReportValve.invoke(ErrorReportValve.java:103)
	at org.apache.catalina.valves.AccessLogValve.invoke(AccessLogValve.java:957)
	at org.apache.catalina.core.StandardEngineValve.invoke(StandardEngineValve.java:116)
	at org.apache.catalina.connector.CoyoteAdapter.service(CoyoteAdapter.java:423)
	at org.apache.coyote.http11.AbstractHttp11Processor.process(AbstractHttp11Processor.java:1079)
	at org.apache.coyote.AbstractProtocol$AbstractConnectionHandler.process(AbstractProtocol.java:620)
	at org.apache.tomcat.util.net.JIoEndpoint$SocketProcessor.run(JIoEndpoint.java:316)
	at java.util.concurrent.ThreadPoolExecutor.runWorker(ThreadPoolExecutor.java:1145)
	at java.util.concurrent.ThreadPoolExecutor$Worker.run(ThreadPoolExecutor.java:615)
	at org.apache.tomcat.util.threads.TaskThread$WrappingRunnable.run(TaskThread.java:61)
	at java.lang.Thread.run(Thread.java:745)

