十二月 28, 2015 10:49:39 上午 org.apache.catalina.core.StandardWrapperValve invoke
严重: Allocate exception for servlet mvc-servlet
com.mchange.v2.resourcepool.CannotAcquireResourceException: A ResourcePool could not acquire a resource from its primary factory or source.
	at com.mchange.v2.resourcepool.BasicResourcePool.awaitAvailable(BasicResourcePool.java:1319)
	at com.mchange.v2.resourcepool.BasicResourcePool.prelimCheckoutResource(BasicResourcePool.java:557)
	at com.mchange.v2.resourcepool.BasicResourcePool.checkoutResource(BasicResourcePool.java:477)
	at com.mchange.v2.c3p0.impl.C3P0PooledConnectionPool.checkoutPooledConnection(C3P0PooledConnectionPool.java:525)
	at com.mchange.v2.c3p0.impl.AbstractPoolBackedDataSource.getConnection(AbstractPoolBackedDataSource.java:128)
	at org.unidal.dal.jdbc.datasource.JdbcDataSource.initialize(JdbcDataSource.java:88)
	at org.unidal.dal.jdbc.datasource.DefaultDataSourceManager.getDataSource(DefaultDataSourceManager.java:34)
	at org.unidal.dal.jdbc.transaction.DefaultTransactionManager.getConnection(DefaultTransactionManager.java:84)
	at org.unidal.dal.jdbc.query.DefaultQueryExecutor.createPreparedStatement(DefaultQueryExecutor.java:52)
	at org.unidal.dal.jdbc.query.DefaultQueryExecutor.executeQuery(DefaultQueryExecutor.java:80)
	at org.unidal.dal.jdbc.engine.DefaultQueryEngine.queryMultiple(DefaultQueryEngine.java:102)
	at com.dianping.cat.core.dal.HostinfoDao.findAllIp(HostinfoDao.java:25)
	at com.dianping.cat.service.HostinfoService.refresh(HostinfoService.java:168)
	at com.dianping.cat.service.HostinfoService.initialize(HostinfoService.java:79)
	at org.codehaus.plexus.personality.plexus.lifecycle.phase.InitializePhase.execute(InitializePhase.java:33)
	at org.codehaus.plexus.lifecycle.AbstractLifecycleHandler.start(AbstractLifecycleHandler.java:97)
	at org.codehaus.plexus.component.manager.AbstractComponentManager.start(AbstractComponentManager.java:167)
	at org.codehaus.plexus.component.builder.XBeanComponentBuilder.startComponentLifecycle(XBeanComponentBuilder.java:283)
	at org.codehaus.plexus.component.builder.XBeanComponentBuilder.build(XBeanComponentBuilder.java:129)
	at org.codehaus.plexus.component.manager.AbstractComponentManager.createComponentInstance(AbstractComponentManager.java:181)
	at org.codehaus.plexus.component.manager.SingletonComponentManager.getComponent(SingletonComponentManager.java:67)
	at org.codehaus.plexus.DefaultComponentRegistry.getComponent(DefaultComponentRegistry.java:358)
	at org.codehaus.plexus.DefaultComponentRegistry.lookup(DefaultComponentRegistry.java:178)
	at org.codehaus.plexus.DefaultPlexusContainer.lookup(DefaultPlexusContainer.java:393)
	at org.codehaus.plexus.component.builder.XBeanComponentBuilder$RequirementRecipe.internalCreate(XBeanComponentBuilder.java:402)
	at org.apache.xbean.recipe.AbstractRecipe.create(AbstractRecipe.java:96)
	at org.apache.xbean.recipe.RecipeHelper.convert(RecipeHelper.java:167)
	at org.apache.xbean.recipe.ObjectRecipe.setProperty(ObjectRecipe.java:466)
	at org.apache.xbean.recipe.ObjectRecipe.setProperties(ObjectRecipe.java:367)
	at org.apache.xbean.recipe.ObjectRecipe.internalCreate(ObjectRecipe.java:282)
	at org.apache.xbean.recipe.AbstractRecipe.create(AbstractRecipe.java:96)
	at org.apache.xbean.recipe.AbstractRecipe.create(AbstractRecipe.java:61)
	at org.apache.xbean.recipe.AbstractRecipe.create(AbstractRecipe.java:49)
	at org.codehaus.plexus.component.builder.XBeanComponentBuilder.createComponentInstance(XBeanComponentBuilder.java:159)
	at org.codehaus.plexus.component.builder.XBeanComponentBuilder.build(XBeanComponentBuilder.java:123)
	at org.codehaus.plexus.component.manager.AbstractComponentManager.createComponentInstance(AbstractComponentManager.java:181)
	at org.codehaus.plexus.component.manager.SingletonComponentManager.getComponent(SingletonComponentManager.java:67)
	at org.codehaus.plexus.DefaultComponentRegistry.getComponent(DefaultComponentRegistry.java:358)
	at org.codehaus.plexus.DefaultComponentRegistry.lookup(DefaultComponentRegistry.java:178)
	at org.codehaus.plexus.DefaultPlexusContainer.lookup(DefaultPlexusContainer.java:388)
	at org.unidal.lookup.ContainerHolder.lookup(ContainerHolder.java:38)
	at org.unidal.lookup.ContainerHolder.lookup(ContainerHolder.java:33)
	at org.unidal.web.mvc.model.ModelManager.buildModuleFromHandlers(ModelManager.java:164)
	at org.unidal.web.mvc.model.ModelManager.buildModule(ModelManager.java:156)
	at org.unidal.web.mvc.model.ModelManager.build(ModelManager.java:79)
	at org.unidal.web.mvc.model.ModelManager.register(ModelManager.java:320)
	at org.unidal.web.mvc.model.ModelManager.initialize(ModelManager.java:303)
	at org.codehaus.plexus.personality.plexus.lifecycle.phase.InitializePhase.execute(InitializePhase.java:33)
	at org.codehaus.plexus.lifecycle.AbstractLifecycleHandler.start(AbstractLifecycleHandler.java:97)
	at org.codehaus.plexus.component.manager.AbstractComponentManager.start(AbstractComponentManager.java:167)
	at org.codehaus.plexus.component.builder.XBeanComponentBuilder.startComponentLifecycle(XBeanComponentBuilder.java:283)
	at org.codehaus.plexus.component.builder.XBeanComponentBuilder.build(XBeanComponentBuilder.java:129)
	at org.codehaus.plexus.component.manager.AbstractComponentManager.createComponentInstance(AbstractComponentManager.java:181)
	at org.codehaus.plexus.component.manager.SingletonComponentManager.getComponent(SingletonComponentManager.java:67)
	at org.codehaus.plexus.DefaultComponentRegistry.getComponent(DefaultComponentRegistry.java:358)
	at org.codehaus.plexus.DefaultComponentRegistry.lookup(DefaultComponentRegistry.java:178)
	at org.codehaus.plexus.DefaultPlexusContainer.lookup(DefaultPlexusContainer.java:393)
	at org.codehaus.plexus.component.builder.XBeanComponentBuilder$RequirementRecipe.internalCreate(XBeanComponentBuilder.java:402)
	at org.apache.xbean.recipe.AbstractRecipe.create(AbstractRecipe.java:96)
	at org.apache.xbean.recipe.RecipeHelper.convert(RecipeHelper.java:167)
	at org.apache.xbean.recipe.ObjectRecipe.setProperty(ObjectRecipe.java:466)
	at org.apache.xbean.recipe.ObjectRecipe.setProperties(ObjectRecipe.java:367)
	at org.apache.xbean.recipe.ObjectRecipe.internalCreate(ObjectRecipe.java:282)
	at org.apache.xbean.recipe.AbstractRecipe.create(AbstractRecipe.java:96)
	at org.apache.xbean.recipe.AbstractRecipe.create(AbstractRecipe.java:61)
	at org.apache.xbean.recipe.AbstractRecipe.create(AbstractRecipe.java:49)
	at org.codehaus.plexus.component.builder.XBeanComponentBuilder.createComponentInstance(XBeanComponentBuilder.java:159)
	at org.codehaus.plexus.component.builder.XBeanComponentBuilder.build(XBeanComponentBuilder.java:123)
	at org.codehaus.plexus.component.manager.AbstractComponentManager.createComponentInstance(AbstractComponentManager.java:181)
	at org.codehaus.plexus.component.manager.SingletonComponentManager.getComponent(SingletonComponentManager.java:67)
	at org.codehaus.plexus.DefaultComponentRegistry.getComponent(DefaultComponentRegistry.java:358)
	at org.codehaus.plexus.DefaultComponentRegistry.lookup(DefaultComponentRegistry.java:178)
	at org.codehaus.plexus.DefaultPlexusContainer.lookup(DefaultPlexusContainer.java:393)
	at org.codehaus.plexus.component.builder.XBeanComponentBuilder$RequirementRecipe.internalCreate(XBeanComponentBuilder.java:402)
	at org.apache.xbean.recipe.AbstractRecipe.create(AbstractRecipe.java:96)
	at org.apache.xbean.recipe.RecipeHelper.convert(RecipeHelper.java:167)
	at org.apache.xbean.recipe.ObjectRecipe.setProperty(ObjectRecipe.java:466)
	at org.apache.xbean.recipe.ObjectRecipe.setProperties(ObjectRecipe.java:367)
	at org.apache.xbean.recipe.ObjectRecipe.internalCreate(ObjectRecipe.java:282)
	at org.apache.xbean.recipe.AbstractRecipe.create(AbstractRecipe.java:96)
	at org.apache.xbean.recipe.AbstractRecipe.create(AbstractRecipe.java:61)
	at org.apache.xbean.recipe.AbstractRecipe.create(AbstractRecipe.java:49)
	at org.codehaus.plexus.component.builder.XBeanComponentBuilder.createComponentInstance(XBeanComponentBuilder.java:159)
	at org.codehaus.plexus.component.builder.XBeanComponentBuilder.build(XBeanComponentBuilder.java:123)
	at org.codehaus.plexus.component.manager.AbstractComponentManager.createComponentInstance(AbstractComponentManager.java:181)
	at org.codehaus.plexus.component.manager.SingletonComponentManager.getComponent(SingletonComponentManager.java:67)
	at org.codehaus.plexus.DefaultComponentRegistry.getComponent(DefaultComponentRegistry.java:358)
	at org.codehaus.plexus.DefaultComponentRegistry.lookup(DefaultComponentRegistry.java:178)
	at org.codehaus.plexus.DefaultPlexusContainer.lookup(DefaultPlexusContainer.java:388)
	at org.unidal.web.AbstractContainerServlet.lookup(AbstractContainerServlet.java:72)
	at org.unidal.web.MVC.initComponents(MVC.java:35)
	at org.unidal.web.AbstractContainerServlet.init(AbstractContainerServlet.java:51)
	at org.apache.catalina.core.StandardWrapper.initServlet(StandardWrapper.java:1284)
	at org.apache.catalina.core.StandardWrapper.loadServlet(StandardWrapper.java:1197)
	at org.apache.catalina.core.StandardWrapper.allocate(StandardWrapper.java:864)
	at org.apache.catalina.core.StandardWrapperValve.invoke(StandardWrapperValve.java:134)
	at org.apache.catalina.core.StandardContextValve.invoke(StandardContextValve.java:122)
	at org.apache.catalina.authenticator.AuthenticatorBase.invoke(AuthenticatorBase.java:505)
	at org.apache.catalina.core.StandardHostValve.invoke(StandardHostValve.java:170)
	at org.apache.catalina.valves.ErrorReportValve.invoke(ErrorReportValve.java:103)
	at org.apache.catalina.valves.AccessLogValve.invoke(AccessLogValve.java:957)
	at org.apache.catalina.core.StandardEngineValve.invoke(StandardEngineValve.java:116)
	at org.apache.catalina.connector.CoyoteAdapter.service(CoyoteAdapter.java:423)
	at org.apache.coyote.http11.AbstractHttp11Processor.process(AbstractHttp11Processor.java:1079)
	at org.apache.coyote.AbstractProtocol$AbstractConnectionHandler.process(AbstractProtocol.java:620)
	at org.apache.tomcat.util.net.JIoEndpoint$SocketProcessor.run(JIoEndpoint.java:316)
	at java.util.concurrent.ThreadPoolExecutor.runWorker(ThreadPoolExecutor.java:1145)
	at java.util.concurrent.ThreadPoolExecutor$Worker.run(ThreadPoolExecutor.java:615)
	at org.apache.tomcat.util.threads.TaskThread$WrappingRunnable.run(TaskThread.java:61)
	at java.lang.Thread.run(Thread.java:745)

十二月 28, 2015 10:52:07 上午 org.apache.catalina.core.StandardWrapperValve invoke
严重: Allocate exception for servlet mvc-servlet
com.mchange.v2.resourcepool.CannotAcquireResourceException: A ResourcePool could not acquire a resource from its primary factory or source.
	at com.mchange.v2.resourcepool.BasicResourcePool.awaitAvailable(BasicResourcePool.java:1319)
	at com.mchange.v2.resourcepool.BasicResourcePool.prelimCheckoutResource(BasicResourcePool.java:557)
	at com.mchange.v2.resourcepool.BasicResourcePool.checkoutResource(BasicResourcePool.java:477)
	at com.mchange.v2.c3p0.impl.C3P0PooledConnectionPool.checkoutPooledConnection(C3P0PooledConnectionPool.java:525)
	at com.mchange.v2.c3p0.impl.AbstractPoolBackedDataSource.getConnection(AbstractPoolBackedDataSource.java:128)
	at org.unidal.dal.jdbc.datasource.JdbcDataSource.initialize(JdbcDataSource.java:88)
	at org.unidal.dal.jdbc.datasource.DefaultDataSourceManager.getDataSource(DefaultDataSourceManager.java:34)
	at org.unidal.dal.jdbc.transaction.DefaultTransactionManager.getConnection(DefaultTransactionManager.java:84)
	at org.unidal.dal.jdbc.query.DefaultQueryExecutor.createPreparedStatement(DefaultQueryExecutor.java:52)
	at org.unidal.dal.jdbc.query.DefaultQueryExecutor.executeQuery(DefaultQueryExecutor.java:80)
	at org.unidal.dal.jdbc.engine.DefaultQueryEngine.queryMultiple(DefaultQueryEngine.java:102)
	at com.dianping.cat.core.dal.HostinfoDao.findAllIp(HostinfoDao.java:25)
	at com.dianping.cat.service.HostinfoService.refresh(HostinfoService.java:168)
	at com.dianping.cat.service.HostinfoService.initialize(HostinfoService.java:79)
	at org.codehaus.plexus.personality.plexus.lifecycle.phase.InitializePhase.execute(InitializePhase.java:33)
	at org.codehaus.plexus.lifecycle.AbstractLifecycleHandler.start(AbstractLifecycleHandler.java:97)
	at org.codehaus.plexus.component.manager.AbstractComponentManager.start(AbstractComponentManager.java:167)
	at org.codehaus.plexus.component.builder.XBeanComponentBuilder.startComponentLifecycle(XBeanComponentBuilder.java:283)
	at org.codehaus.plexus.component.builder.XBeanComponentBuilder.build(XBeanComponentBuilder.java:129)
	at org.codehaus.plexus.component.manager.AbstractComponentManager.createComponentInstance(AbstractComponentManager.java:181)
	at org.codehaus.plexus.component.manager.SingletonComponentManager.getComponent(SingletonComponentManager.java:67)
	at org.codehaus.plexus.DefaultComponentRegistry.getComponent(DefaultComponentRegistry.java:358)
	at org.codehaus.plexus.DefaultComponentRegistry.lookup(DefaultComponentRegistry.java:178)
	at org.codehaus.plexus.DefaultPlexusContainer.lookup(DefaultPlexusContainer.java:393)
	at org.codehaus.plexus.component.builder.XBeanComponentBuilder$RequirementRecipe.internalCreate(XBeanComponentBuilder.java:402)
	at org.apache.xbean.recipe.AbstractRecipe.create(AbstractRecipe.java:96)
	at org.apache.xbean.recipe.RecipeHelper.convert(RecipeHelper.java:167)
	at org.apache.xbean.recipe.ObjectRecipe.setProperty(ObjectRecipe.java:466)
	at org.apache.xbean.recipe.ObjectRecipe.setProperties(ObjectRecipe.java:367)
	at org.apache.xbean.recipe.ObjectRecipe.internalCreate(ObjectRecipe.java:282)
	at org.apache.xbean.recipe.AbstractRecipe.create(AbstractRecipe.java:96)
	at org.apache.xbean.recipe.AbstractRecipe.create(AbstractRecipe.java:61)
	at org.apache.xbean.recipe.AbstractRecipe.create(AbstractRecipe.java:49)
	at org.codehaus.plexus.component.builder.XBeanComponentBuilder.createComponentInstance(XBeanComponentBuilder.java:159)
	at org.codehaus.plexus.component.builder.XBeanComponentBuilder.build(XBeanComponentBuilder.java:123)
	at org.codehaus.plexus.component.manager.AbstractComponentManager.createComponentInstance(AbstractComponentManager.java:181)
	at org.codehaus.plexus.component.manager.SingletonComponentManager.getComponent(SingletonComponentManager.java:67)
	at org.codehaus.plexus.DefaultComponentRegistry.getComponent(DefaultComponentRegistry.java:358)
	at org.codehaus.plexus.DefaultComponentRegistry.lookup(DefaultComponentRegistry.java:178)
	at org.codehaus.plexus.DefaultPlexusContainer.lookup(DefaultPlexusContainer.java:388)
	at org.unidal.lookup.ContainerHolder.lookup(ContainerHolder.java:38)
	at org.unidal.lookup.ContainerHolder.lookup(ContainerHolder.java:33)
	at org.unidal.web.mvc.model.ModelManager.buildModuleFromHandlers(ModelManager.java:164)
	at org.unidal.web.mvc.model.ModelManager.buildModule(ModelManager.java:156)
	at org.unidal.web.mvc.model.ModelManager.build(ModelManager.java:79)
	at org.unidal.web.mvc.model.ModelManager.register(ModelManager.java:320)
	at org.unidal.web.mvc.model.ModelManager.initialize(ModelManager.java:303)
	at org.codehaus.plexus.personality.plexus.lifecycle.phase.InitializePhase.execute(InitializePhase.java:33)
	at org.codehaus.plexus.lifecycle.AbstractLifecycleHandler.start(AbstractLifecycleHandler.java:97)
	at org.codehaus.plexus.component.manager.AbstractComponentManager.start(AbstractComponentManager.java:167)
	at org.codehaus.plexus.component.builder.XBeanComponentBuilder.startComponentLifecycle(XBeanComponentBuilder.java:283)
	at org.codehaus.plexus.component.builder.XBeanComponentBuilder.build(XBeanComponentBuilder.java:129)
	at org.codehaus.plexus.component.manager.AbstractComponentManager.createComponentInstance(AbstractComponentManager.java:181)
	at org.codehaus.plexus.component.manager.SingletonComponentManager.getComponent(SingletonComponentManager.java:67)
	at org.codehaus.plexus.DefaultComponentRegistry.getComponent(DefaultComponentRegistry.java:358)
	at org.codehaus.plexus.DefaultComponentRegistry.lookup(DefaultComponentRegistry.java:178)
	at org.codehaus.plexus.DefaultPlexusContainer.lookup(DefaultPlexusContainer.java:393)
	at org.codehaus.plexus.component.builder.XBeanComponentBuilder$RequirementRecipe.internalCreate(XBeanComponentBuilder.java:402)
	at org.apache.xbean.recipe.AbstractRecipe.create(AbstractRecipe.java:96)
	at org.apache.xbean.recipe.RecipeHelper.convert(RecipeHelper.java:167)
	at org.apache.xbean.recipe.ObjectRecipe.setProperty(ObjectRecipe.java:466)
	at org.apache.xbean.recipe.ObjectRecipe.setProperties(ObjectRecipe.java:367)
	at org.apache.xbean.recipe.ObjectRecipe.internalCreate(ObjectRecipe.java:282)
	at org.apache.xbean.recipe.AbstractRecipe.create(AbstractRecipe.java:96)
	at org.apache.xbean.recipe.AbstractRecipe.create(AbstractRecipe.java:61)
	at org.apache.xbean.recipe.AbstractRecipe.create(AbstractRecipe.java:49)
	at org.codehaus.plexus.component.builder.XBeanComponentBuilder.createComponentInstance(XBeanComponentBuilder.java:159)
	at org.codehaus.plexus.component.builder.XBeanComponentBuilder.build(XBeanComponentBuilder.java:123)
	at org.codehaus.plexus.component.manager.AbstractComponentManager.createComponentInstance(AbstractComponentManager.java:181)
	at org.codehaus.plexus.component.manager.SingletonComponentManager.getComponent(SingletonComponentManager.java:67)
	at org.codehaus.plexus.DefaultComponentRegistry.getComponent(DefaultComponentRegistry.java:358)
	at org.codehaus.plexus.DefaultComponentRegistry.lookup(DefaultComponentRegistry.java:178)
	at org.codehaus.plexus.DefaultPlexusContainer.lookup(DefaultPlexusContainer.java:393)
	at org.codehaus.plexus.component.builder.XBeanComponentBuilder$RequirementRecipe.internalCreate(XBeanComponentBuilder.java:402)
	at org.apache.xbean.recipe.AbstractRecipe.create(AbstractRecipe.java:96)
	at org.apache.xbean.recipe.RecipeHelper.convert(RecipeHelper.java:167)
	at org.apache.xbean.recipe.ObjectRecipe.setProperty(ObjectRecipe.java:466)
	at org.apache.xbean.recipe.ObjectRecipe.setProperties(ObjectRecipe.java:367)
	at org.apache.xbean.recipe.ObjectRecipe.internalCreate(ObjectRecipe.java:282)
	at org.apache.xbean.recipe.AbstractRecipe.create(AbstractRecipe.java:96)
	at org.apache.xbean.recipe.AbstractRecipe.create(AbstractRecipe.java:61)
	at org.apache.xbean.recipe.AbstractRecipe.create(AbstractRecipe.java:49)
	at org.codehaus.plexus.component.builder.XBeanComponentBuilder.createComponentInstance(XBeanComponentBuilder.java:159)
	at org.codehaus.plexus.component.builder.XBeanComponentBuilder.build(XBeanComponentBuilder.java:123)
	at org.codehaus.plexus.component.manager.AbstractComponentManager.createComponentInstance(AbstractComponentManager.java:181)
	at org.codehaus.plexus.component.manager.SingletonComponentManager.getComponent(SingletonComponentManager.java:67)
	at org.codehaus.plexus.DefaultComponentRegistry.getComponent(DefaultComponentRegistry.java:358)
	at org.codehaus.plexus.DefaultComponentRegistry.lookup(DefaultComponentRegistry.java:178)
	at org.codehaus.plexus.DefaultPlexusContainer.lookup(DefaultPlexusContainer.java:388)
	at org.unidal.web.AbstractContainerServlet.lookup(AbstractContainerServlet.java:72)
	at org.unidal.web.MVC.initComponents(MVC.java:35)
	at org.unidal.web.AbstractContainerServlet.init(AbstractContainerServlet.java:51)
	at org.apache.catalina.core.StandardWrapper.initServlet(StandardWrapper.java:1284)
	at org.apache.catalina.core.StandardWrapper.loadServlet(StandardWrapper.java:1197)
	at org.apache.catalina.core.StandardWrapper.allocate(StandardWrapper.java:864)
	at org.apache.catalina.core.StandardWrapperValve.invoke(StandardWrapperValve.java:134)
	at org.apache.catalina.core.StandardContextValve.invoke(StandardContextValve.java:122)
	at org.apache.catalina.authenticator.AuthenticatorBase.invoke(AuthenticatorBase.java:505)
	at org.apache.catalina.core.StandardHostValve.invoke(StandardHostValve.java:170)
	at org.apache.catalina.valves.ErrorReportValve.invoke(ErrorReportValve.java:103)
	at org.apache.catalina.valves.AccessLogValve.invoke(AccessLogValve.java:957)
	at org.apache.catalina.core.StandardEngineValve.invoke(StandardEngineValve.java:116)
	at org.apache.catalina.connector.CoyoteAdapter.service(CoyoteAdapter.java:423)
	at org.apache.coyote.http11.AbstractHttp11Processor.process(AbstractHttp11Processor.java:1079)
	at org.apache.coyote.AbstractProtocol$AbstractConnectionHandler.process(AbstractProtocol.java:620)
	at org.apache.tomcat.util.net.JIoEndpoint$SocketProcessor.run(JIoEndpoint.java:316)
	at java.util.concurrent.ThreadPoolExecutor.runWorker(ThreadPoolExecutor.java:1145)
	at java.util.concurrent.ThreadPoolExecutor$Worker.run(ThreadPoolExecutor.java:615)
	at org.apache.tomcat.util.threads.TaskThread$WrappingRunnable.run(TaskThread.java:61)
	at java.lang.Thread.run(Thread.java:745)

十二月 28, 2015 10:53:22 上午 org.apache.catalina.core.StandardWrapperValve invoke
严重: Allocate exception for servlet mvc-servlet
com.mchange.v2.resourcepool.CannotAcquireResourceException: A ResourcePool could not acquire a resource from its primary factory or source.
	at com.mchange.v2.resourcepool.BasicResourcePool.awaitAvailable(BasicResourcePool.java:1319)
	at com.mchange.v2.resourcepool.BasicResourcePool.prelimCheckoutResource(BasicResourcePool.java:557)
	at com.mchange.v2.resourcepool.BasicResourcePool.checkoutResource(BasicResourcePool.java:477)
	at com.mchange.v2.c3p0.impl.C3P0PooledConnectionPool.checkoutPooledConnection(C3P0PooledConnectionPool.java:525)
	at com.mchange.v2.c3p0.impl.AbstractPoolBackedDataSource.getConnection(AbstractPoolBackedDataSource.java:128)
	at org.unidal.dal.jdbc.datasource.JdbcDataSource.initialize(JdbcDataSource.java:88)
	at org.unidal.dal.jdbc.datasource.DefaultDataSourceManager.getDataSource(DefaultDataSourceManager.java:34)
	at org.unidal.dal.jdbc.transaction.DefaultTransactionManager.getConnection(DefaultTransactionManager.java:84)
	at org.unidal.dal.jdbc.query.DefaultQueryExecutor.createPreparedStatement(DefaultQueryExecutor.java:52)
	at org.unidal.dal.jdbc.query.DefaultQueryExecutor.executeQuery(DefaultQueryExecutor.java:80)
	at org.unidal.dal.jdbc.engine.DefaultQueryEngine.queryMultiple(DefaultQueryEngine.java:102)
	at com.dianping.cat.core.dal.HostinfoDao.findAllIp(HostinfoDao.java:25)
	at com.dianping.cat.service.HostinfoService.refresh(HostinfoService.java:168)
	at com.dianping.cat.service.HostinfoService.initialize(HostinfoService.java:79)
	at org.codehaus.plexus.personality.plexus.lifecycle.phase.InitializePhase.execute(InitializePhase.java:33)
	at org.codehaus.plexus.lifecycle.AbstractLifecycleHandler.start(AbstractLifecycleHandler.java:97)
	at org.codehaus.plexus.component.manager.AbstractComponentManager.start(AbstractComponentManager.java:167)
	at org.codehaus.plexus.component.builder.XBeanComponentBuilder.startComponentLifecycle(XBeanComponentBuilder.java:283)
	at org.codehaus.plexus.component.builder.XBeanComponentBuilder.build(XBeanComponentBuilder.java:129)
	at org.codehaus.plexus.component.manager.AbstractComponentManager.createComponentInstance(AbstractComponentManager.java:181)
	at org.codehaus.plexus.component.manager.SingletonComponentManager.getComponent(SingletonComponentManager.java:67)
	at org.codehaus.plexus.DefaultComponentRegistry.getComponent(DefaultComponentRegistry.java:358)
	at org.codehaus.plexus.DefaultComponentRegistry.lookup(DefaultComponentRegistry.java:178)
	at org.codehaus.plexus.DefaultPlexusContainer.lookup(DefaultPlexusContainer.java:393)
	at org.codehaus.plexus.component.builder.XBeanComponentBuilder$RequirementRecipe.internalCreate(XBeanComponentBuilder.java:402)
	at org.apache.xbean.recipe.AbstractRecipe.create(AbstractRecipe.java:96)
	at org.apache.xbean.recipe.RecipeHelper.convert(RecipeHelper.java:167)
	at org.apache.xbean.recipe.ObjectRecipe.setProperty(ObjectRecipe.java:466)
	at org.apache.xbean.recipe.ObjectRecipe.setProperties(ObjectRecipe.java:367)
	at org.apache.xbean.recipe.ObjectRecipe.internalCreate(ObjectRecipe.java:282)
	at org.apache.xbean.recipe.AbstractRecipe.create(AbstractRecipe.java:96)
	at org.apache.xbean.recipe.AbstractRecipe.create(AbstractRecipe.java:61)
	at org.apache.xbean.recipe.AbstractRecipe.create(AbstractRecipe.java:49)
	at org.codehaus.plexus.component.builder.XBeanComponentBuilder.createComponentInstance(XBeanComponentBuilder.java:159)
	at org.codehaus.plexus.component.builder.XBeanComponentBuilder.build(XBeanComponentBuilder.java:123)
	at org.codehaus.plexus.component.manager.AbstractComponentManager.createComponentInstance(AbstractComponentManager.java:181)
	at org.codehaus.plexus.component.manager.SingletonComponentManager.getComponent(SingletonComponentManager.java:67)
	at org.codehaus.plexus.DefaultComponentRegistry.getComponent(DefaultComponentRegistry.java:358)
	at org.codehaus.plexus.DefaultComponentRegistry.lookup(DefaultComponentRegistry.java:178)
	at org.codehaus.plexus.DefaultPlexusContainer.lookup(DefaultPlexusContainer.java:388)
	at org.unidal.lookup.ContainerHolder.lookup(ContainerHolder.java:38)
	at org.unidal.lookup.ContainerHolder.lookup(ContainerHolder.java:33)
	at org.unidal.web.mvc.model.ModelManager.buildModuleFromHandlers(ModelManager.java:164)
	at org.unidal.web.mvc.model.ModelManager.buildModule(ModelManager.java:156)
	at org.unidal.web.mvc.model.ModelManager.build(ModelManager.java:79)
	at org.unidal.web.mvc.model.ModelManager.register(ModelManager.java:320)
	at org.unidal.web.mvc.model.ModelManager.initialize(ModelManager.java:303)
	at org.codehaus.plexus.personality.plexus.lifecycle.phase.InitializePhase.execute(InitializePhase.java:33)
	at org.codehaus.plexus.lifecycle.AbstractLifecycleHandler.start(AbstractLifecycleHandler.java:97)
	at org.codehaus.plexus.component.manager.AbstractComponentManager.start(AbstractComponentManager.java:167)
	at org.codehaus.plexus.component.builder.XBeanComponentBuilder.startComponentLifecycle(XBeanComponentBuilder.java:283)
	at org.codehaus.plexus.component.builder.XBeanComponentBuilder.build(XBeanComponentBuilder.java:129)
	at org.codehaus.plexus.component.manager.AbstractComponentManager.createComponentInstance(AbstractComponentManager.java:181)
	at org.codehaus.plexus.component.manager.SingletonComponentManager.getComponent(SingletonComponentManager.java:67)
	at org.codehaus.plexus.DefaultComponentRegistry.getComponent(DefaultComponentRegistry.java:358)
	at org.codehaus.plexus.DefaultComponentRegistry.lookup(DefaultComponentRegistry.java:178)
	at org.codehaus.plexus.DefaultPlexusContainer.lookup(DefaultPlexusContainer.java:393)
	at org.codehaus.plexus.component.builder.XBeanComponentBuilder$RequirementRecipe.internalCreate(XBeanComponentBuilder.java:402)
	at org.apache.xbean.recipe.AbstractRecipe.create(AbstractRecipe.java:96)
	at org.apache.xbean.recipe.RecipeHelper.convert(RecipeHelper.java:167)
	at org.apache.xbean.recipe.ObjectRecipe.setProperty(ObjectRecipe.java:466)
	at org.apache.xbean.recipe.ObjectRecipe.setProperties(ObjectRecipe.java:367)
	at org.apache.xbean.recipe.ObjectRecipe.internalCreate(ObjectRecipe.java:282)
	at org.apache.xbean.recipe.AbstractRecipe.create(AbstractRecipe.java:96)
	at org.apache.xbean.recipe.AbstractRecipe.create(AbstractRecipe.java:61)
	at org.apache.xbean.recipe.AbstractRecipe.create(AbstractRecipe.java:49)
	at org.codehaus.plexus.component.builder.XBeanComponentBuilder.createComponentInstance(XBeanComponentBuilder.java:159)
	at org.codehaus.plexus.component.builder.XBeanComponentBuilder.build(XBeanComponentBuilder.java:123)
	at org.codehaus.plexus.component.manager.AbstractComponentManager.createComponentInstance(AbstractComponentManager.java:181)
	at org.codehaus.plexus.component.manager.SingletonComponentManager.getComponent(SingletonComponentManager.java:67)
	at org.codehaus.plexus.DefaultComponentRegistry.getComponent(DefaultComponentRegistry.java:358)
	at org.codehaus.plexus.DefaultComponentRegistry.lookup(DefaultComponentRegistry.java:178)
	at org.codehaus.plexus.DefaultPlexusContainer.lookup(DefaultPlexusContainer.java:393)
	at org.codehaus.plexus.component.builder.XBeanComponentBuilder$RequirementRecipe.internalCreate(XBeanComponentBuilder.java:402)
	at org.apache.xbean.recipe.AbstractRecipe.create(AbstractRecipe.java:96)
	at org.apache.xbean.recipe.RecipeHelper.convert(RecipeHelper.java:167)
	at org.apache.xbean.recipe.ObjectRecipe.setProperty(ObjectRecipe.java:466)
	at org.apache.xbean.recipe.ObjectRecipe.setProperties(ObjectRecipe.java:367)
	at org.apache.xbean.recipe.ObjectRecipe.internalCreate(ObjectRecipe.java:282)
	at org.apache.xbean.recipe.AbstractRecipe.create(AbstractRecipe.java:96)
	at org.apache.xbean.recipe.AbstractRecipe.create(AbstractRecipe.java:61)
	at org.apache.xbean.recipe.AbstractRecipe.create(AbstractRecipe.java:49)
	at org.codehaus.plexus.component.builder.XBeanComponentBuilder.createComponentInstance(XBeanComponentBuilder.java:159)
	at org.codehaus.plexus.component.builder.XBeanComponentBuilder.build(XBeanComponentBuilder.java:123)
	at org.codehaus.plexus.component.manager.AbstractComponentManager.createComponentInstance(AbstractComponentManager.java:181)
	at org.codehaus.plexus.component.manager.SingletonComponentManager.getComponent(SingletonComponentManager.java:67)
	at org.codehaus.plexus.DefaultComponentRegistry.getComponent(DefaultComponentRegistry.java:358)
	at org.codehaus.plexus.DefaultComponentRegistry.lookup(DefaultComponentRegistry.java:178)
	at org.codehaus.plexus.DefaultPlexusContainer.lookup(DefaultPlexusContainer.java:388)
	at org.unidal.web.AbstractContainerServlet.lookup(AbstractContainerServlet.java:72)
	at org.unidal.web.MVC.initComponents(MVC.java:35)
	at org.unidal.web.AbstractContainerServlet.init(AbstractContainerServlet.java:51)
	at org.apache.catalina.core.StandardWrapper.initServlet(StandardWrapper.java:1284)
	at org.apache.catalina.core.StandardWrapper.loadServlet(StandardWrapper.java:1197)
	at org.apache.catalina.core.StandardWrapper.allocate(StandardWrapper.java:864)
	at org.apache.catalina.core.StandardWrapperValve.invoke(StandardWrapperValve.java:134)
	at org.apache.catalina.core.StandardContextValve.invoke(StandardContextValve.java:122)
	at org.apache.catalina.authenticator.AuthenticatorBase.invoke(AuthenticatorBase.java:505)
	at org.apache.catalina.core.StandardHostValve.invoke(StandardHostValve.java:170)
	at org.apache.catalina.valves.ErrorReportValve.invoke(ErrorReportValve.java:103)
	at org.apache.catalina.valves.AccessLogValve.invoke(AccessLogValve.java:957)
	at org.apache.catalina.core.StandardEngineValve.invoke(StandardEngineValve.java:116)
	at org.apache.catalina.connector.CoyoteAdapter.service(CoyoteAdapter.java:423)
	at org.apache.coyote.http11.AbstractHttp11Processor.process(AbstractHttp11Processor.java:1079)
	at org.apache.coyote.AbstractProtocol$AbstractConnectionHandler.process(AbstractProtocol.java:620)
	at org.apache.tomcat.util.net.JIoEndpoint$SocketProcessor.run(JIoEndpoint.java:316)
	at java.util.concurrent.ThreadPoolExecutor.runWorker(ThreadPoolExecutor.java:1145)
	at java.util.concurrent.ThreadPoolExecutor$Worker.run(ThreadPoolExecutor.java:615)
	at org.apache.tomcat.util.threads.TaskThread$WrappingRunnable.run(TaskThread.java:61)
	at java.lang.Thread.run(Thread.java:745)

十二月 28, 2015 10:53:47 上午 org.apache.catalina.core.StandardWrapperValve invoke
严重: Allocate exception for servlet mvc-servlet
com.mchange.v2.resourcepool.CannotAcquireResourceException: A ResourcePool could not acquire a resource from its primary factory or source.
	at com.mchange.v2.resourcepool.BasicResourcePool.awaitAvailable(BasicResourcePool.java:1319)
	at com.mchange.v2.resourcepool.BasicResourcePool.prelimCheckoutResource(BasicResourcePool.java:557)
	at com.mchange.v2.resourcepool.BasicResourcePool.checkoutResource(BasicResourcePool.java:477)
	at com.mchange.v2.c3p0.impl.C3P0PooledConnectionPool.checkoutPooledConnection(C3P0PooledConnectionPool.java:525)
	at com.mchange.v2.c3p0.impl.AbstractPoolBackedDataSource.getConnection(AbstractPoolBackedDataSource.java:128)
	at org.unidal.dal.jdbc.datasource.JdbcDataSource.initialize(JdbcDataSource.java:88)
	at org.unidal.dal.jdbc.datasource.DefaultDataSourceManager.getDataSource(DefaultDataSourceManager.java:34)
	at org.unidal.dal.jdbc.transaction.DefaultTransactionManager.getConnection(DefaultTransactionManager.java:84)
	at org.unidal.dal.jdbc.query.DefaultQueryExecutor.createPreparedStatement(DefaultQueryExecutor.java:52)
	at org.unidal.dal.jdbc.query.DefaultQueryExecutor.executeQuery(DefaultQueryExecutor.java:80)
	at org.unidal.dal.jdbc.engine.DefaultQueryEngine.queryMultiple(DefaultQueryEngine.java:102)
	at com.dianping.cat.core.dal.HostinfoDao.findAllIp(HostinfoDao.java:25)
	at com.dianping.cat.service.HostinfoService.refresh(HostinfoService.java:168)
	at com.dianping.cat.service.HostinfoService.initialize(HostinfoService.java:79)
	at org.codehaus.plexus.personality.plexus.lifecycle.phase.InitializePhase.execute(InitializePhase.java:33)
	at org.codehaus.plexus.lifecycle.AbstractLifecycleHandler.start(AbstractLifecycleHandler.java:97)
	at org.codehaus.plexus.component.manager.AbstractComponentManager.start(AbstractComponentManager.java:167)
	at org.codehaus.plexus.component.builder.XBeanComponentBuilder.startComponentLifecycle(XBeanComponentBuilder.java:283)
	at org.codehaus.plexus.component.builder.XBeanComponentBuilder.build(XBeanComponentBuilder.java:129)
	at org.codehaus.plexus.component.manager.AbstractComponentManager.createComponentInstance(AbstractComponentManager.java:181)
	at org.codehaus.plexus.component.manager.SingletonComponentManager.getComponent(SingletonComponentManager.java:67)
	at org.codehaus.plexus.DefaultComponentRegistry.getComponent(DefaultComponentRegistry.java:358)
	at org.codehaus.plexus.DefaultComponentRegistry.lookup(DefaultComponentRegistry.java:178)
	at org.codehaus.plexus.DefaultPlexusContainer.lookup(DefaultPlexusContainer.java:393)
	at org.codehaus.plexus.component.builder.XBeanComponentBuilder$RequirementRecipe.internalCreate(XBeanComponentBuilder.java:402)
	at org.apache.xbean.recipe.AbstractRecipe.create(AbstractRecipe.java:96)
	at org.apache.xbean.recipe.RecipeHelper.convert(RecipeHelper.java:167)
	at org.apache.xbean.recipe.ObjectRecipe.setProperty(ObjectRecipe.java:466)
	at org.apache.xbean.recipe.ObjectRecipe.setProperties(ObjectRecipe.java:367)
	at org.apache.xbean.recipe.ObjectRecipe.internalCreate(ObjectRecipe.java:282)
	at org.apache.xbean.recipe.AbstractRecipe.create(AbstractRecipe.java:96)
	at org.apache.xbean.recipe.AbstractRecipe.create(AbstractRecipe.java:61)
	at org.apache.xbean.recipe.AbstractRecipe.create(AbstractRecipe.java:49)
	at org.codehaus.plexus.component.builder.XBeanComponentBuilder.createComponentInstance(XBeanComponentBuilder.java:159)
	at org.codehaus.plexus.component.builder.XBeanComponentBuilder.build(XBeanComponentBuilder.java:123)
	at org.codehaus.plexus.component.manager.AbstractComponentManager.createComponentInstance(AbstractComponentManager.java:181)
	at org.codehaus.plexus.component.manager.SingletonComponentManager.getComponent(SingletonComponentManager.java:67)
	at org.codehaus.plexus.DefaultComponentRegistry.getComponent(DefaultComponentRegistry.java:358)
	at org.codehaus.plexus.DefaultComponentRegistry.lookup(DefaultComponentRegistry.java:178)
	at org.codehaus.plexus.DefaultPlexusContainer.lookup(DefaultPlexusContainer.java:388)
	at org.unidal.lookup.ContainerHolder.lookup(ContainerHolder.java:38)
	at org.unidal.lookup.ContainerHolder.lookup(ContainerHolder.java:33)
	at org.unidal.web.mvc.model.ModelManager.buildModuleFromHandlers(ModelManager.java:164)
	at org.unidal.web.mvc.model.ModelManager.buildModule(ModelManager.java:156)
	at org.unidal.web.mvc.model.ModelManager.build(ModelManager.java:79)
	at org.unidal.web.mvc.model.ModelManager.register(ModelManager.java:320)
	at org.unidal.web.mvc.model.ModelManager.initialize(ModelManager.java:303)
	at org.codehaus.plexus.personality.plexus.lifecycle.phase.InitializePhase.execute(InitializePhase.java:33)
	at org.codehaus.plexus.lifecycle.AbstractLifecycleHandler.start(AbstractLifecycleHandler.java:97)
	at org.codehaus.plexus.component.manager.AbstractComponentManager.start(AbstractComponentManager.java:167)
	at org.codehaus.plexus.component.builder.XBeanComponentBuilder.startComponentLifecycle(XBeanComponentBuilder.java:283)
	at org.codehaus.plexus.component.builder.XBeanComponentBuilder.build(XBeanComponentBuilder.java:129)
	at org.codehaus.plexus.component.manager.AbstractComponentManager.createComponentInstance(AbstractComponentManager.java:181)
	at org.codehaus.plexus.component.manager.SingletonComponentManager.getComponent(SingletonComponentManager.java:67)
	at org.codehaus.plexus.DefaultComponentRegistry.getComponent(DefaultComponentRegistry.java:358)
	at org.codehaus.plexus.DefaultComponentRegistry.lookup(DefaultComponentRegistry.java:178)
	at org.codehaus.plexus.DefaultPlexusContainer.lookup(DefaultPlexusContainer.java:393)
	at org.codehaus.plexus.component.builder.XBeanComponentBuilder$RequirementRecipe.internalCreate(XBeanComponentBuilder.java:402)
	at org.apache.xbean.recipe.AbstractRecipe.create(AbstractRecipe.java:96)
	at org.apache.xbean.recipe.RecipeHelper.convert(RecipeHelper.java:167)
	at org.apache.xbean.recipe.ObjectRecipe.setProperty(ObjectRecipe.java:466)
	at org.apache.xbean.recipe.ObjectRecipe.setProperties(ObjectRecipe.java:367)
	at org.apache.xbean.recipe.ObjectRecipe.internalCreate(ObjectRecipe.java:282)
	at org.apache.xbean.recipe.AbstractRecipe.create(AbstractRecipe.java:96)
	at org.apache.xbean.recipe.AbstractRecipe.create(AbstractRecipe.java:61)
	at org.apache.xbean.recipe.AbstractRecipe.create(AbstractRecipe.java:49)
	at org.codehaus.plexus.component.builder.XBeanComponentBuilder.createComponentInstance(XBeanComponentBuilder.java:159)
	at org.codehaus.plexus.component.builder.XBeanComponentBuilder.build(XBeanComponentBuilder.java:123)
	at org.codehaus.plexus.component.manager.AbstractComponentManager.createComponentInstance(AbstractComponentManager.java:181)
	at org.codehaus.plexus.component.manager.SingletonComponentManager.getComponent(SingletonComponentManager.java:67)
	at org.codehaus.plexus.DefaultComponentRegistry.getComponent(DefaultComponentRegistry.java:358)
	at org.codehaus.plexus.DefaultComponentRegistry.lookup(DefaultComponentRegistry.java:178)
	at org.codehaus.plexus.DefaultPlexusContainer.lookup(DefaultPlexusContainer.java:393)
	at org.codehaus.plexus.component.builder.XBeanComponentBuilder$RequirementRecipe.internalCreate(XBeanComponentBuilder.java:402)
	at org.apache.xbean.recipe.AbstractRecipe.create(AbstractRecipe.java:96)
	at org.apache.xbean.recipe.RecipeHelper.convert(RecipeHelper.java:167)
	at org.apache.xbean.recipe.ObjectRecipe.setProperty(ObjectRecipe.java:466)
	at org.apache.xbean.recipe.ObjectRecipe.setProperties(ObjectRecipe.java:367)
	at org.apache.xbean.recipe.ObjectRecipe.internalCreate(ObjectRecipe.java:282)
	at org.apache.xbean.recipe.AbstractRecipe.create(AbstractRecipe.java:96)
	at org.apache.xbean.recipe.AbstractRecipe.create(AbstractRecipe.java:61)
	at org.apache.xbean.recipe.AbstractRecipe.create(AbstractRecipe.java:49)
	at org.codehaus.plexus.component.builder.XBeanComponentBuilder.createComponentInstance(XBeanComponentBuilder.java:159)
	at org.codehaus.plexus.component.builder.XBeanComponentBuilder.build(XBeanComponentBuilder.java:123)
	at org.codehaus.plexus.component.manager.AbstractComponentManager.createComponentInstance(AbstractComponentManager.java:181)
	at org.codehaus.plexus.component.manager.SingletonComponentManager.getComponent(SingletonComponentManager.java:67)
	at org.codehaus.plexus.DefaultComponentRegistry.getComponent(DefaultComponentRegistry.java:358)
	at org.codehaus.plexus.DefaultComponentRegistry.lookup(DefaultComponentRegistry.java:178)
	at org.codehaus.plexus.DefaultPlexusContainer.lookup(DefaultPlexusContainer.java:388)
	at org.unidal.web.AbstractContainerServlet.lookup(AbstractContainerServlet.java:72)
	at org.unidal.web.MVC.initComponents(MVC.java:35)
	at org.unidal.web.AbstractContainerServlet.init(AbstractContainerServlet.java:51)
	at org.apache.catalina.core.StandardWrapper.initServlet(StandardWrapper.java:1284)
	at org.apache.catalina.core.StandardWrapper.loadServlet(StandardWrapper.java:1197)
	at org.apache.catalina.core.StandardWrapper.allocate(StandardWrapper.java:864)
	at org.apache.catalina.core.StandardWrapperValve.invoke(StandardWrapperValve.java:134)
	at org.apache.catalina.core.StandardContextValve.invoke(StandardContextValve.java:122)
	at org.apache.catalina.authenticator.AuthenticatorBase.invoke(AuthenticatorBase.java:505)
	at org.apache.catalina.core.StandardHostValve.invoke(StandardHostValve.java:170)
	at org.apache.catalina.valves.ErrorReportValve.invoke(ErrorReportValve.java:103)
	at org.apache.catalina.valves.AccessLogValve.invoke(AccessLogValve.java:957)
	at org.apache.catalina.core.StandardEngineValve.invoke(StandardEngineValve.java:116)
	at org.apache.catalina.connector.CoyoteAdapter.service(CoyoteAdapter.java:423)
	at org.apache.coyote.http11.AbstractHttp11Processor.process(AbstractHttp11Processor.java:1079)
	at org.apache.coyote.AbstractProtocol$AbstractConnectionHandler.process(AbstractProtocol.java:620)
	at org.apache.tomcat.util.net.JIoEndpoint$SocketProcessor.run(JIoEndpoint.java:316)
	at java.util.concurrent.ThreadPoolExecutor.runWorker(ThreadPoolExecutor.java:1145)
	at java.util.concurrent.ThreadPoolExecutor$Worker.run(ThreadPoolExecutor.java:615)
	at org.apache.tomcat.util.threads.TaskThread$WrappingRunnable.run(TaskThread.java:61)
	at java.lang.Thread.run(Thread.java:745)

十二月 28, 2015 11:00:36 上午 org.apache.catalina.core.StandardWrapperValve invoke
严重: Allocate exception for servlet mvc-servlet
com.mchange.v2.resourcepool.CannotAcquireResourceException: A ResourcePool could not acquire a resource from its primary factory or source.
	at com.mchange.v2.resourcepool.BasicResourcePool.awaitAvailable(BasicResourcePool.java:1319)
	at com.mchange.v2.resourcepool.BasicResourcePool.prelimCheckoutResource(BasicResourcePool.java:557)
	at com.mchange.v2.resourcepool.BasicResourcePool.checkoutResource(BasicResourcePool.java:477)
	at com.mchange.v2.c3p0.impl.C3P0PooledConnectionPool.checkoutPooledConnection(C3P0PooledConnectionPool.java:525)
	at com.mchange.v2.c3p0.impl.AbstractPoolBackedDataSource.getConnection(AbstractPoolBackedDataSource.java:128)
	at org.unidal.dal.jdbc.datasource.JdbcDataSource.initialize(JdbcDataSource.java:88)
	at org.unidal.dal.jdbc.datasource.DefaultDataSourceManager.getDataSource(DefaultDataSourceManager.java:34)
	at org.unidal.dal.jdbc.transaction.DefaultTransactionManager.getConnection(DefaultTransactionManager.java:84)
	at org.unidal.dal.jdbc.query.DefaultQueryExecutor.createPreparedStatement(DefaultQueryExecutor.java:52)
	at org.unidal.dal.jdbc.query.DefaultQueryExecutor.executeQuery(DefaultQueryExecutor.java:80)
	at org.unidal.dal.jdbc.engine.DefaultQueryEngine.queryMultiple(DefaultQueryEngine.java:102)
	at com.dianping.cat.core.dal.HostinfoDao.findAllIp(HostinfoDao.java:25)
	at com.dianping.cat.service.HostinfoService.refresh(HostinfoService.java:168)
	at com.dianping.cat.service.HostinfoService.initialize(HostinfoService.java:79)
	at org.codehaus.plexus.personality.plexus.lifecycle.phase.InitializePhase.execute(InitializePhase.java:33)
	at org.codehaus.plexus.lifecycle.AbstractLifecycleHandler.start(AbstractLifecycleHandler.java:97)
	at org.codehaus.plexus.component.manager.AbstractComponentManager.start(AbstractComponentManager.java:167)
	at org.codehaus.plexus.component.builder.XBeanComponentBuilder.startComponentLifecycle(XBeanComponentBuilder.java:283)
	at org.codehaus.plexus.component.builder.XBeanComponentBuilder.build(XBeanComponentBuilder.java:129)
	at org.codehaus.plexus.component.manager.AbstractComponentManager.createComponentInstance(AbstractComponentManager.java:181)
	at org.codehaus.plexus.component.manager.SingletonComponentManager.getComponent(SingletonComponentManager.java:67)
	at org.codehaus.plexus.DefaultComponentRegistry.getComponent(DefaultComponentRegistry.java:358)
	at org.codehaus.plexus.DefaultComponentRegistry.lookup(DefaultComponentRegistry.java:178)
	at org.codehaus.plexus.DefaultPlexusContainer.lookup(DefaultPlexusContainer.java:393)
	at org.codehaus.plexus.component.builder.XBeanComponentBuilder$RequirementRecipe.internalCreate(XBeanComponentBuilder.java:402)
	at org.apache.xbean.recipe.AbstractRecipe.create(AbstractRecipe.java:96)
	at org.apache.xbean.recipe.RecipeHelper.convert(RecipeHelper.java:167)
	at org.apache.xbean.recipe.ObjectRecipe.setProperty(ObjectRecipe.java:466)
	at org.apache.xbean.recipe.ObjectRecipe.setProperties(ObjectRecipe.java:367)
	at org.apache.xbean.recipe.ObjectRecipe.internalCreate(ObjectRecipe.java:282)
	at org.apache.xbean.recipe.AbstractRecipe.create(AbstractRecipe.java:96)
	at org.apache.xbean.recipe.AbstractRecipe.create(AbstractRecipe.java:61)
	at org.apache.xbean.recipe.AbstractRecipe.create(AbstractRecipe.java:49)
	at org.codehaus.plexus.component.builder.XBeanComponentBuilder.createComponentInstance(XBeanComponentBuilder.java:159)
	at org.codehaus.plexus.component.builder.XBeanComponentBuilder.build(XBeanComponentBuilder.java:123)
	at org.codehaus.plexus.component.manager.AbstractComponentManager.createComponentInstance(AbstractComponentManager.java:181)
	at org.codehaus.plexus.component.manager.SingletonComponentManager.getComponent(SingletonComponentManager.java:67)
	at org.codehaus.plexus.DefaultComponentRegistry.getComponent(DefaultComponentRegistry.java:358)
	at org.codehaus.plexus.DefaultComponentRegistry.lookup(DefaultComponentRegistry.java:178)
	at org.codehaus.plexus.DefaultPlexusContainer.lookup(DefaultPlexusContainer.java:388)
	at org.unidal.lookup.ContainerHolder.lookup(ContainerHolder.java:38)
	at org.unidal.lookup.ContainerHolder.lookup(ContainerHolder.java:33)
	at org.unidal.web.mvc.model.ModelManager.buildModuleFromHandlers(ModelManager.java:164)
	at org.unidal.web.mvc.model.ModelManager.buildModule(ModelManager.java:156)
	at org.unidal.web.mvc.model.ModelManager.build(ModelManager.java:79)
	at org.unidal.web.mvc.model.ModelManager.register(ModelManager.java:320)
	at org.unidal.web.mvc.model.ModelManager.initialize(ModelManager.java:303)
	at org.codehaus.plexus.personality.plexus.lifecycle.phase.InitializePhase.execute(InitializePhase.java:33)
	at org.codehaus.plexus.lifecycle.AbstractLifecycleHandler.start(AbstractLifecycleHandler.java:97)
	at org.codehaus.plexus.component.manager.AbstractComponentManager.start(AbstractComponentManager.java:167)
	at org.codehaus.plexus.component.builder.XBeanComponentBuilder.startComponentLifecycle(XBeanComponentBuilder.java:283)
	at org.codehaus.plexus.component.builder.XBeanComponentBuilder.build(XBeanComponentBuilder.java:129)
	at org.codehaus.plexus.component.manager.AbstractComponentManager.createComponentInstance(AbstractComponentManager.java:181)
	at org.codehaus.plexus.component.manager.SingletonComponentManager.getComponent(SingletonComponentManager.java:67)
	at org.codehaus.plexus.DefaultComponentRegistry.getComponent(DefaultComponentRegistry.java:358)
	at org.codehaus.plexus.DefaultComponentRegistry.lookup(DefaultComponentRegistry.java:178)
	at org.codehaus.plexus.DefaultPlexusContainer.lookup(DefaultPlexusContainer.java:393)
	at org.codehaus.plexus.component.builder.XBeanComponentBuilder$RequirementRecipe.internalCreate(XBeanComponentBuilder.java:402)
	at org.apache.xbean.recipe.AbstractRecipe.create(AbstractRecipe.java:96)
	at org.apache.xbean.recipe.RecipeHelper.convert(RecipeHelper.java:167)
	at org.apache.xbean.recipe.ObjectRecipe.setProperty(ObjectRecipe.java:466)
	at org.apache.xbean.recipe.ObjectRecipe.setProperties(ObjectRecipe.java:367)
	at org.apache.xbean.recipe.ObjectRecipe.internalCreate(ObjectRecipe.java:282)
	at org.apache.xbean.recipe.AbstractRecipe.create(AbstractRecipe.java:96)
	at org.apache.xbean.recipe.AbstractRecipe.create(AbstractRecipe.java:61)
	at org.apache.xbean.recipe.AbstractRecipe.create(AbstractRecipe.java:49)
	at org.codehaus.plexus.component.builder.XBeanComponentBuilder.createComponentInstance(XBeanComponentBuilder.java:159)
	at org.codehaus.plexus.component.builder.XBeanComponentBuilder.build(XBeanComponentBuilder.java:123)
	at org.codehaus.plexus.component.manager.AbstractComponentManager.createComponentInstance(AbstractComponentManager.java:181)
	at org.codehaus.plexus.component.manager.SingletonComponentManager.getComponent(SingletonComponentManager.java:67)
	at org.codehaus.plexus.DefaultComponentRegistry.getComponent(DefaultComponentRegistry.java:358)
	at org.codehaus.plexus.DefaultComponentRegistry.lookup(DefaultComponentRegistry.java:178)
	at org.codehaus.plexus.DefaultPlexusContainer.lookup(DefaultPlexusContainer.java:393)
	at org.codehaus.plexus.component.builder.XBeanComponentBuilder$RequirementRecipe.internalCreate(XBeanComponentBuilder.java:402)
	at org.apache.xbean.recipe.AbstractRecipe.create(AbstractRecipe.java:96)
	at org.apache.xbean.recipe.RecipeHelper.convert(RecipeHelper.java:167)
	at org.apache.xbean.recipe.ObjectRecipe.setProperty(ObjectRecipe.java:466)
	at org.apache.xbean.recipe.ObjectRecipe.setProperties(ObjectRecipe.java:367)
	at org.apache.xbean.recipe.ObjectRecipe.internalCreate(ObjectRecipe.java:282)
	at org.apache.xbean.recipe.AbstractRecipe.create(AbstractRecipe.java:96)
	at org.apache.xbean.recipe.AbstractRecipe.create(AbstractRecipe.java:61)
	at org.apache.xbean.recipe.AbstractRecipe.create(AbstractRecipe.java:49)
	at org.codehaus.plexus.component.builder.XBeanComponentBuilder.createComponentInstance(XBeanComponentBuilder.java:159)
	at org.codehaus.plexus.component.builder.XBeanComponentBuilder.build(XBeanComponentBuilder.java:123)
	at org.codehaus.plexus.component.manager.AbstractComponentManager.createComponentInstance(AbstractComponentManager.java:181)
	at org.codehaus.plexus.component.manager.SingletonComponentManager.getComponent(SingletonComponentManager.java:67)
	at org.codehaus.plexus.DefaultComponentRegistry.getComponent(DefaultComponentRegistry.java:358)
	at org.codehaus.plexus.DefaultComponentRegistry.lookup(DefaultComponentRegistry.java:178)
	at org.codehaus.plexus.DefaultPlexusContainer.lookup(DefaultPlexusContainer.java:388)
	at org.unidal.web.AbstractContainerServlet.lookup(AbstractContainerServlet.java:72)
	at org.unidal.web.MVC.initComponents(MVC.java:35)
	at org.unidal.web.AbstractContainerServlet.init(AbstractContainerServlet.java:51)
	at org.apache.catalina.core.StandardWrapper.initServlet(StandardWrapper.java:1284)
	at org.apache.catalina.core.StandardWrapper.loadServlet(StandardWrapper.java:1197)
	at org.apache.catalina.core.StandardWrapper.allocate(StandardWrapper.java:864)
	at org.apache.catalina.core.StandardWrapperValve.invoke(StandardWrapperValve.java:134)
	at org.apache.catalina.core.StandardContextValve.invoke(StandardContextValve.java:122)
	at org.apache.catalina.authenticator.AuthenticatorBase.invoke(AuthenticatorBase.java:505)
	at org.apache.catalina.core.StandardHostValve.invoke(StandardHostValve.java:170)
	at org.apache.catalina.valves.ErrorReportValve.invoke(ErrorReportValve.java:103)
	at org.apache.catalina.valves.AccessLogValve.invoke(AccessLogValve.java:957)
	at org.apache.catalina.core.StandardEngineValve.invoke(StandardEngineValve.java:116)
	at org.apache.catalina.connector.CoyoteAdapter.service(CoyoteAdapter.java:423)
	at org.apache.coyote.http11.AbstractHttp11Processor.process(AbstractHttp11Processor.java:1079)
	at org.apache.coyote.AbstractProtocol$AbstractConnectionHandler.process(AbstractProtocol.java:620)
	at org.apache.tomcat.util.net.JIoEndpoint$SocketProcessor.run(JIoEndpoint.java:316)
	at java.util.concurrent.ThreadPoolExecutor.runWorker(ThreadPoolExecutor.java:1145)
	at java.util.concurrent.ThreadPoolExecutor$Worker.run(ThreadPoolExecutor.java:615)
	at org.apache.tomcat.util.threads.TaskThread$WrappingRunnable.run(TaskThread.java:61)
	at java.lang.Thread.run(Thread.java:745)

十二月 28, 2015 11:01:03 上午 org.apache.catalina.core.StandardWrapperValve invoke
严重: Allocate exception for servlet mvc-servlet
com.mchange.v2.resourcepool.CannotAcquireResourceException: A ResourcePool could not acquire a resource from its primary factory or source.
	at com.mchange.v2.resourcepool.BasicResourcePool.awaitAvailable(BasicResourcePool.java:1319)
	at com.mchange.v2.resourcepool.BasicResourcePool.prelimCheckoutResource(BasicResourcePool.java:557)
	at com.mchange.v2.resourcepool.BasicResourcePool.checkoutResource(BasicResourcePool.java:477)
	at com.mchange.v2.c3p0.impl.C3P0PooledConnectionPool.checkoutPooledConnection(C3P0PooledConnectionPool.java:525)
	at com.mchange.v2.c3p0.impl.AbstractPoolBackedDataSource.getConnection(AbstractPoolBackedDataSource.java:128)
	at org.unidal.dal.jdbc.datasource.JdbcDataSource.initialize(JdbcDataSource.java:88)
	at org.unidal.dal.jdbc.datasource.DefaultDataSourceManager.getDataSource(DefaultDataSourceManager.java:34)
	at org.unidal.dal.jdbc.transaction.DefaultTransactionManager.getConnection(DefaultTransactionManager.java:84)
	at org.unidal.dal.jdbc.query.DefaultQueryExecutor.createPreparedStatement(DefaultQueryExecutor.java:52)
	at org.unidal.dal.jdbc.query.DefaultQueryExecutor.executeQuery(DefaultQueryExecutor.java:80)
	at org.unidal.dal.jdbc.engine.DefaultQueryEngine.queryMultiple(DefaultQueryEngine.java:102)
	at com.dianping.cat.core.dal.HostinfoDao.findAllIp(HostinfoDao.java:25)
	at com.dianping.cat.service.HostinfoService.refresh(HostinfoService.java:168)
	at com.dianping.cat.service.HostinfoService.initialize(HostinfoService.java:79)
	at org.codehaus.plexus.personality.plexus.lifecycle.phase.InitializePhase.execute(InitializePhase.java:33)
	at org.codehaus.plexus.lifecycle.AbstractLifecycleHandler.start(AbstractLifecycleHandler.java:97)
	at org.codehaus.plexus.component.manager.AbstractComponentManager.start(AbstractComponentManager.java:167)
	at org.codehaus.plexus.component.builder.XBeanComponentBuilder.startComponentLifecycle(XBeanComponentBuilder.java:283)
	at org.codehaus.plexus.component.builder.XBeanComponentBuilder.build(XBeanComponentBuilder.java:129)
	at org.codehaus.plexus.component.manager.AbstractComponentManager.createComponentInstance(AbstractComponentManager.java:181)
	at org.codehaus.plexus.component.manager.SingletonComponentManager.getComponent(SingletonComponentManager.java:67)
	at org.codehaus.plexus.DefaultComponentRegistry.getComponent(DefaultComponentRegistry.java:358)
	at org.codehaus.plexus.DefaultComponentRegistry.lookup(DefaultComponentRegistry.java:178)
	at org.codehaus.plexus.DefaultPlexusContainer.lookup(DefaultPlexusContainer.java:393)
	at org.codehaus.plexus.component.builder.XBeanComponentBuilder$RequirementRecipe.internalCreate(XBeanComponentBuilder.java:402)
	at org.apache.xbean.recipe.AbstractRecipe.create(AbstractRecipe.java:96)
	at org.apache.xbean.recipe.RecipeHelper.convert(RecipeHelper.java:167)
	at org.apache.xbean.recipe.ObjectRecipe.setProperty(ObjectRecipe.java:466)
	at org.apache.xbean.recipe.ObjectRecipe.setProperties(ObjectRecipe.java:367)
	at org.apache.xbean.recipe.ObjectRecipe.internalCreate(ObjectRecipe.java:282)
	at org.apache.xbean.recipe.AbstractRecipe.create(AbstractRecipe.java:96)
	at org.apache.xbean.recipe.AbstractRecipe.create(AbstractRecipe.java:61)
	at org.apache.xbean.recipe.AbstractRecipe.create(AbstractRecipe.java:49)
	at org.codehaus.plexus.component.builder.XBeanComponentBuilder.createComponentInstance(XBeanComponentBuilder.java:159)
	at org.codehaus.plexus.component.builder.XBeanComponentBuilder.build(XBeanComponentBuilder.java:123)
	at org.codehaus.plexus.component.manager.AbstractComponentManager.createComponentInstance(AbstractComponentManager.java:181)
	at org.codehaus.plexus.component.manager.SingletonComponentManager.getComponent(SingletonComponentManager.java:67)
	at org.codehaus.plexus.DefaultComponentRegistry.getComponent(DefaultComponentRegistry.java:358)
	at org.codehaus.plexus.DefaultComponentRegistry.lookup(DefaultComponentRegistry.java:178)
	at org.codehaus.plexus.DefaultPlexusContainer.lookup(DefaultPlexusContainer.java:388)
	at org.unidal.lookup.ContainerHolder.lookup(ContainerHolder.java:38)
	at org.unidal.lookup.ContainerHolder.lookup(ContainerHolder.java:33)
	at org.unidal.web.mvc.model.ModelManager.buildModuleFromHandlers(ModelManager.java:164)
	at org.unidal.web.mvc.model.ModelManager.buildModule(ModelManager.java:156)
	at org.unidal.web.mvc.model.ModelManager.build(ModelManager.java:79)
	at org.unidal.web.mvc.model.ModelManager.register(ModelManager.java:320)
	at org.unidal.web.mvc.model.ModelManager.initialize(ModelManager.java:303)
	at org.codehaus.plexus.personality.plexus.lifecycle.phase.InitializePhase.execute(InitializePhase.java:33)
	at org.codehaus.plexus.lifecycle.AbstractLifecycleHandler.start(AbstractLifecycleHandler.java:97)
	at org.codehaus.plexus.component.manager.AbstractComponentManager.start(AbstractComponentManager.java:167)
	at org.codehaus.plexus.component.builder.XBeanComponentBuilder.startComponentLifecycle(XBeanComponentBuilder.java:283)
	at org.codehaus.plexus.component.builder.XBeanComponentBuilder.build(XBeanComponentBuilder.java:129)
	at org.codehaus.plexus.component.manager.AbstractComponentManager.createComponentInstance(AbstractComponentManager.java:181)
	at org.codehaus.plexus.component.manager.SingletonComponentManager.getComponent(SingletonComponentManager.java:67)
	at org.codehaus.plexus.DefaultComponentRegistry.getComponent(DefaultComponentRegistry.java:358)
	at org.codehaus.plexus.DefaultComponentRegistry.lookup(DefaultComponentRegistry.java:178)
	at org.codehaus.plexus.DefaultPlexusContainer.lookup(DefaultPlexusContainer.java:393)
	at org.codehaus.plexus.component.builder.XBeanComponentBuilder$RequirementRecipe.internalCreate(XBeanComponentBuilder.java:402)
	at org.apache.xbean.recipe.AbstractRecipe.create(AbstractRecipe.java:96)
	at org.apache.xbean.recipe.RecipeHelper.convert(RecipeHelper.java:167)
	at org.apache.xbean.recipe.ObjectRecipe.setProperty(ObjectRecipe.java:466)
	at org.apache.xbean.recipe.ObjectRecipe.setProperties(ObjectRecipe.java:367)
	at org.apache.xbean.recipe.ObjectRecipe.internalCreate(ObjectRecipe.java:282)
	at org.apache.xbean.recipe.AbstractRecipe.create(AbstractRecipe.java:96)
	at org.apache.xbean.recipe.AbstractRecipe.create(AbstractRecipe.java:61)
	at org.apache.xbean.recipe.AbstractRecipe.create(AbstractRecipe.java:49)
	at org.codehaus.plexus.component.builder.XBeanComponentBuilder.createComponentInstance(XBeanComponentBuilder.java:159)
	at org.codehaus.plexus.component.builder.XBeanComponentBuilder.build(XBeanComponentBuilder.java:123)
	at org.codehaus.plexus.component.manager.AbstractComponentManager.createComponentInstance(AbstractComponentManager.java:181)
	at org.codehaus.plexus.component.manager.SingletonComponentManager.getComponent(SingletonComponentManager.java:67)
	at org.codehaus.plexus.DefaultComponentRegistry.getComponent(DefaultComponentRegistry.java:358)
	at org.codehaus.plexus.DefaultComponentRegistry.lookup(DefaultComponentRegistry.java:178)
	at org.codehaus.plexus.DefaultPlexusContainer.lookup(DefaultPlexusContainer.java:393)
	at org.codehaus.plexus.component.builder.XBeanComponentBuilder$RequirementRecipe.internalCreate(XBeanComponentBuilder.java:402)
	at org.apache.xbean.recipe.AbstractRecipe.create(AbstractRecipe.java:96)
	at org.apache.xbean.recipe.RecipeHelper.convert(RecipeHelper.java:167)
	at org.apache.xbean.recipe.ObjectRecipe.setProperty(ObjectRecipe.java:466)
	at org.apache.xbean.recipe.ObjectRecipe.setProperties(ObjectRecipe.java:367)
	at org.apache.xbean.recipe.ObjectRecipe.internalCreate(ObjectRecipe.java:282)
	at org.apache.xbean.recipe.AbstractRecipe.create(AbstractRecipe.java:96)
	at org.apache.xbean.recipe.AbstractRecipe.create(AbstractRecipe.java:61)
	at org.apache.xbean.recipe.AbstractRecipe.create(AbstractRecipe.java:49)
	at org.codehaus.plexus.component.builder.XBeanComponentBuilder.createComponentInstance(XBeanComponentBuilder.java:159)
	at org.codehaus.plexus.component.builder.XBeanComponentBuilder.build(XBeanComponentBuilder.java:123)
	at org.codehaus.plexus.component.manager.AbstractComponentManager.createComponentInstance(AbstractComponentManager.java:181)
	at org.codehaus.plexus.component.manager.SingletonComponentManager.getComponent(SingletonComponentManager.java:67)
	at org.codehaus.plexus.DefaultComponentRegistry.getComponent(DefaultComponentRegistry.java:358)
	at org.codehaus.plexus.DefaultComponentRegistry.lookup(DefaultComponentRegistry.java:178)
	at org.codehaus.plexus.DefaultPlexusContainer.lookup(DefaultPlexusContainer.java:388)
	at org.unidal.web.AbstractContainerServlet.lookup(AbstractContainerServlet.java:72)
	at org.unidal.web.MVC.initComponents(MVC.java:35)
	at org.unidal.web.AbstractContainerServlet.init(AbstractContainerServlet.java:51)
	at org.apache.catalina.core.StandardWrapper.initServlet(StandardWrapper.java:1284)
	at org.apache.catalina.core.StandardWrapper.loadServlet(StandardWrapper.java:1197)
	at org.apache.catalina.core.StandardWrapper.allocate(StandardWrapper.java:864)
	at org.apache.catalina.core.StandardWrapperValve.invoke(StandardWrapperValve.java:134)
	at org.apache.catalina.core.StandardContextValve.invoke(StandardContextValve.java:122)
	at org.apache.catalina.authenticator.AuthenticatorBase.invoke(AuthenticatorBase.java:505)
	at org.apache.catalina.core.StandardHostValve.invoke(StandardHostValve.java:170)
	at org.apache.catalina.valves.ErrorReportValve.invoke(ErrorReportValve.java:103)
	at org.apache.catalina.valves.AccessLogValve.invoke(AccessLogValve.java:957)
	at org.apache.catalina.core.StandardEngineValve.invoke(StandardEngineValve.java:116)
	at org.apache.catalina.connector.CoyoteAdapter.service(CoyoteAdapter.java:423)
	at org.apache.coyote.http11.AbstractHttp11Processor.process(AbstractHttp11Processor.java:1079)
	at org.apache.coyote.AbstractProtocol$AbstractConnectionHandler.process(AbstractProtocol.java:620)
	at org.apache.tomcat.util.net.JIoEndpoint$SocketProcessor.run(JIoEndpoint.java:316)
	at java.util.concurrent.ThreadPoolExecutor.runWorker(ThreadPoolExecutor.java:1145)
	at java.util.concurrent.ThreadPoolExecutor$Worker.run(ThreadPoolExecutor.java:615)
	at org.apache.tomcat.util.threads.TaskThread$WrappingRunnable.run(TaskThread.java:61)
	at java.lang.Thread.run(Thread.java:745)

十二月 28, 2015 11:15:54 上午 org.apache.catalina.core.StandardWrapperValve invoke
严重: Allocate exception for servlet mvc-servlet
com.mchange.v2.resourcepool.CannotAcquireResourceException: A ResourcePool could not acquire a resource from its primary factory or source.
	at com.mchange.v2.resourcepool.BasicResourcePool.awaitAvailable(BasicResourcePool.java:1319)
	at com.mchange.v2.resourcepool.BasicResourcePool.prelimCheckoutResource(BasicResourcePool.java:557)
	at com.mchange.v2.resourcepool.BasicResourcePool.checkoutResource(BasicResourcePool.java:477)
	at com.mchange.v2.c3p0.impl.C3P0PooledConnectionPool.checkoutPooledConnection(C3P0PooledConnectionPool.java:525)
	at com.mchange.v2.c3p0.impl.AbstractPoolBackedDataSource.getConnection(AbstractPoolBackedDataSource.java:128)
	at org.unidal.dal.jdbc.datasource.JdbcDataSource.initialize(JdbcDataSource.java:88)
	at org.unidal.dal.jdbc.datasource.DefaultDataSourceManager.getDataSource(DefaultDataSourceManager.java:34)
	at org.unidal.dal.jdbc.transaction.DefaultTransactionManager.getConnection(DefaultTransactionManager.java:84)
	at org.unidal.dal.jdbc.query.DefaultQueryExecutor.createPreparedStatement(DefaultQueryExecutor.java:52)
	at org.unidal.dal.jdbc.query.DefaultQueryExecutor.executeQuery(DefaultQueryExecutor.java:80)
	at org.unidal.dal.jdbc.engine.DefaultQueryEngine.queryMultiple(DefaultQueryEngine.java:102)
	at com.dianping.cat.core.dal.HostinfoDao.findAllIp(HostinfoDao.java:25)
	at com.dianping.cat.service.HostinfoService.refresh(HostinfoService.java:168)
	at com.dianping.cat.service.HostinfoService.initialize(HostinfoService.java:79)
	at org.codehaus.plexus.personality.plexus.lifecycle.phase.InitializePhase.execute(InitializePhase.java:33)
	at org.codehaus.plexus.lifecycle.AbstractLifecycleHandler.start(AbstractLifecycleHandler.java:97)
	at org.codehaus.plexus.component.manager.AbstractComponentManager.start(AbstractComponentManager.java:167)
	at org.codehaus.plexus.component.builder.XBeanComponentBuilder.startComponentLifecycle(XBeanComponentBuilder.java:283)
	at org.codehaus.plexus.component.builder.XBeanComponentBuilder.build(XBeanComponentBuilder.java:129)
	at org.codehaus.plexus.component.manager.AbstractComponentManager.createComponentInstance(AbstractComponentManager.java:181)
	at org.codehaus.plexus.component.manager.SingletonComponentManager.getComponent(SingletonComponentManager.java:67)
	at org.codehaus.plexus.DefaultComponentRegistry.getComponent(DefaultComponentRegistry.java:358)
	at org.codehaus.plexus.DefaultComponentRegistry.lookup(DefaultComponentRegistry.java:178)
	at org.codehaus.plexus.DefaultPlexusContainer.lookup(DefaultPlexusContainer.java:393)
	at org.codehaus.plexus.component.builder.XBeanComponentBuilder$RequirementRecipe.internalCreate(XBeanComponentBuilder.java:402)
	at org.apache.xbean.recipe.AbstractRecipe.create(AbstractRecipe.java:96)
	at org.apache.xbean.recipe.RecipeHelper.convert(RecipeHelper.java:167)
	at org.apache.xbean.recipe.ObjectRecipe.setProperty(ObjectRecipe.java:466)
	at org.apache.xbean.recipe.ObjectRecipe.setProperties(ObjectRecipe.java:367)
	at org.apache.xbean.recipe.ObjectRecipe.internalCreate(ObjectRecipe.java:282)
	at org.apache.xbean.recipe.AbstractRecipe.create(AbstractRecipe.java:96)
	at org.apache.xbean.recipe.AbstractRecipe.create(AbstractRecipe.java:61)
	at org.apache.xbean.recipe.AbstractRecipe.create(AbstractRecipe.java:49)
	at org.codehaus.plexus.component.builder.XBeanComponentBuilder.createComponentInstance(XBeanComponentBuilder.java:159)
	at org.codehaus.plexus.component.builder.XBeanComponentBuilder.build(XBeanComponentBuilder.java:123)
	at org.codehaus.plexus.component.manager.AbstractComponentManager.createComponentInstance(AbstractComponentManager.java:181)
	at org.codehaus.plexus.component.manager.SingletonComponentManager.getComponent(SingletonComponentManager.java:67)
	at org.codehaus.plexus.DefaultComponentRegistry.getComponent(DefaultComponentRegistry.java:358)
	at org.codehaus.plexus.DefaultComponentRegistry.lookup(DefaultComponentRegistry.java:178)
	at org.codehaus.plexus.DefaultPlexusContainer.lookup(DefaultPlexusContainer.java:388)
	at org.unidal.lookup.ContainerHolder.lookup(ContainerHolder.java:38)
	at org.unidal.lookup.ContainerHolder.lookup(ContainerHolder.java:33)
	at org.unidal.web.mvc.model.ModelManager.buildModuleFromHandlers(ModelManager.java:164)
	at org.unidal.web.mvc.model.ModelManager.buildModule(ModelManager.java:156)
	at org.unidal.web.mvc.model.ModelManager.build(ModelManager.java:79)
	at org.unidal.web.mvc.model.ModelManager.register(ModelManager.java:320)
	at org.unidal.web.mvc.model.ModelManager.initialize(ModelManager.java:303)
	at org.codehaus.plexus.personality.plexus.lifecycle.phase.InitializePhase.execute(InitializePhase.java:33)
	at org.codehaus.plexus.lifecycle.AbstractLifecycleHandler.start(AbstractLifecycleHandler.java:97)
	at org.codehaus.plexus.component.manager.AbstractComponentManager.start(AbstractComponentManager.java:167)
	at org.codehaus.plexus.component.builder.XBeanComponentBuilder.startComponentLifecycle(XBeanComponentBuilder.java:283)
	at org.codehaus.plexus.component.builder.XBeanComponentBuilder.build(XBeanComponentBuilder.java:129)
	at org.codehaus.plexus.component.manager.AbstractComponentManager.createComponentInstance(AbstractComponentManager.java:181)
	at org.codehaus.plexus.component.manager.SingletonComponentManager.getComponent(SingletonComponentManager.java:67)
	at org.codehaus.plexus.DefaultComponentRegistry.getComponent(DefaultComponentRegistry.java:358)
	at org.codehaus.plexus.DefaultComponentRegistry.lookup(DefaultComponentRegistry.java:178)
	at org.codehaus.plexus.DefaultPlexusContainer.lookup(DefaultPlexusContainer.java:393)
	at org.codehaus.plexus.component.builder.XBeanComponentBuilder$RequirementRecipe.internalCreate(XBeanComponentBuilder.java:402)
	at org.apache.xbean.recipe.AbstractRecipe.create(AbstractRecipe.java:96)
	at org.apache.xbean.recipe.RecipeHelper.convert(RecipeHelper.java:167)
	at org.apache.xbean.recipe.ObjectRecipe.setProperty(ObjectRecipe.java:466)
	at org.apache.xbean.recipe.ObjectRecipe.setProperties(ObjectRecipe.java:367)
	at org.apache.xbean.recipe.ObjectRecipe.internalCreate(ObjectRecipe.java:282)
	at org.apache.xbean.recipe.AbstractRecipe.create(AbstractRecipe.java:96)
	at org.apache.xbean.recipe.AbstractRecipe.create(AbstractRecipe.java:61)
	at org.apache.xbean.recipe.AbstractRecipe.create(AbstractRecipe.java:49)
	at org.codehaus.plexus.component.builder.XBeanComponentBuilder.createComponentInstance(XBeanComponentBuilder.java:159)
	at org.codehaus.plexus.component.builder.XBeanComponentBuilder.build(XBeanComponentBuilder.java:123)
	at org.codehaus.plexus.component.manager.AbstractComponentManager.createComponentInstance(AbstractComponentManager.java:181)
	at org.codehaus.plexus.component.manager.SingletonComponentManager.getComponent(SingletonComponentManager.java:67)
	at org.codehaus.plexus.DefaultComponentRegistry.getComponent(DefaultComponentRegistry.java:358)
	at org.codehaus.plexus.DefaultComponentRegistry.lookup(DefaultComponentRegistry.java:178)
	at org.codehaus.plexus.DefaultPlexusContainer.lookup(DefaultPlexusContainer.java:393)
	at org.codehaus.plexus.component.builder.XBeanComponentBuilder$RequirementRecipe.internalCreate(XBeanComponentBuilder.java:402)
	at org.apache.xbean.recipe.AbstractRecipe.create(AbstractRecipe.java:96)
	at org.apache.xbean.recipe.RecipeHelper.convert(RecipeHelper.java:167)
	at org.apache.xbean.recipe.ObjectRecipe.setProperty(ObjectRecipe.java:466)
	at org.apache.xbean.recipe.ObjectRecipe.setProperties(ObjectRecipe.java:367)
	at org.apache.xbean.recipe.ObjectRecipe.internalCreate(ObjectRecipe.java:282)
	at org.apache.xbean.recipe.AbstractRecipe.create(AbstractRecipe.java:96)
	at org.apache.xbean.recipe.AbstractRecipe.create(AbstractRecipe.java:61)
	at org.apache.xbean.recipe.AbstractRecipe.create(AbstractRecipe.java:49)
	at org.codehaus.plexus.component.builder.XBeanComponentBuilder.createComponentInstance(XBeanComponentBuilder.java:159)
	at org.codehaus.plexus.component.builder.XBeanComponentBuilder.build(XBeanComponentBuilder.java:123)
	at org.codehaus.plexus.component.manager.AbstractComponentManager.createComponentInstance(AbstractComponentManager.java:181)
	at org.codehaus.plexus.component.manager.SingletonComponentManager.getComponent(SingletonComponentManager.java:67)
	at org.codehaus.plexus.DefaultComponentRegistry.getComponent(DefaultComponentRegistry.java:358)
	at org.codehaus.plexus.DefaultComponentRegistry.lookup(DefaultComponentRegistry.java:178)
	at org.codehaus.plexus.DefaultPlexusContainer.lookup(DefaultPlexusContainer.java:388)
	at org.unidal.web.AbstractContainerServlet.lookup(AbstractContainerServlet.java:72)
	at org.unidal.web.MVC.initComponents(MVC.java:35)
	at org.unidal.web.AbstractContainerServlet.init(AbstractContainerServlet.java:51)
	at org.apache.catalina.core.StandardWrapper.initServlet(StandardWrapper.java:1284)
	at org.apache.catalina.core.StandardWrapper.loadServlet(StandardWrapper.java:1197)
	at org.apache.catalina.core.StandardWrapper.allocate(StandardWrapper.java:864)
	at org.apache.catalina.core.StandardWrapperValve.invoke(StandardWrapperValve.java:134)
	at org.apache.catalina.core.StandardContextValve.invoke(StandardContextValve.java:122)
	at org.apache.catalina.authenticator.AuthenticatorBase.invoke(AuthenticatorBase.java:505)
	at org.apache.catalina.core.StandardHostValve.invoke(StandardHostValve.java:170)
	at org.apache.catalina.valves.ErrorReportValve.invoke(ErrorReportValve.java:103)
	at org.apache.catalina.valves.AccessLogValve.invoke(AccessLogValve.java:957)
	at org.apache.catalina.core.StandardEngineValve.invoke(StandardEngineValve.java:116)
	at org.apache.catalina.connector.CoyoteAdapter.service(CoyoteAdapter.java:423)
	at org.apache.coyote.http11.AbstractHttp11Processor.process(AbstractHttp11Processor.java:1079)
	at org.apache.coyote.AbstractProtocol$AbstractConnectionHandler.process(AbstractProtocol.java:620)
	at org.apache.tomcat.util.net.JIoEndpoint$SocketProcessor.run(JIoEndpoint.java:316)
	at java.util.concurrent.ThreadPoolExecutor.runWorker(ThreadPoolExecutor.java:1145)
	at java.util.concurrent.ThreadPoolExecutor$Worker.run(ThreadPoolExecutor.java:615)
	at org.apache.tomcat.util.threads.TaskThread$WrappingRunnable.run(TaskThread.java:61)
	at java.lang.Thread.run(Thread.java:745)

